2024-08-27 21:03:05.785 [info] [main] Log level: Info
2024-08-27 21:03:05.785 [info] [main] Validating found git in: "git"
2024-08-27 21:03:05.785 [info] [main] Using git "2.46.0" from "git"
2024-08-27 21:03:05.785 [info] [Model][doInitialScan] Initial repository scan started
2024-08-27 21:03:05.785 [info] > git rev-parse --show-toplevel [1ms]
2024-08-27 21:03:05.785 [info] > git rev-parse --git-dir --git-common-dir [3ms]
2024-08-27 21:03:05.785 [info] [Model][openRepository] Opened repository: /home/sus/Web
2024-08-27 21:03:05.796 [info] > git rev-parse --show-toplevel [3ms]
2024-08-27 21:03:05.797 [info] [Model][doInitialScan] Initial repository scan completed - repositories (1), closed repositories (0), parent repositories (0), unsafe repositories (0)
2024-08-27 21:03:05.797 [info] > git config --get commit.template [8ms]
2024-08-27 21:03:05.825 [info] > git for-each-ref --format=%(refname)%00%(upstream:short)%00%(objectname)%00%(upstream:track)%00%(upstream:remotename)%00%(upstream:remoteref) refs/heads/main refs/remotes/main [2ms]
2024-08-27 21:03:05.829 [warning] [Git][revParse] Unable to read file: ENOENT: no such file or directory, open '/home/sus/Web/.git/refs/remotes/origin/main'
2024-08-27 21:03:05.830 [info] > git rev-parse refs/remotes/origin/main [1ms]
2024-08-27 21:03:05.836 [info] > git status -z -uall [2ms]
2024-08-27 21:03:05.849 [info] > git for-each-ref --format=%(refname)%00%(upstream:short)%00%(objectname)%00%(upstream:track)%00%(upstream:remotename)%00%(upstream:remoteref) refs/heads/main refs/remotes/main [8ms]
2024-08-27 21:03:05.855 [info] > git config --get commit.template [5ms]
2024-08-27 21:03:05.855 [info] > git config --local branch.main.vscode-merge-base [1ms]
2024-08-27 21:03:05.864 [info] > git for-each-ref --format=%(refname)%00%(upstream:short)%00%(objectname)%00%(upstream:track)%00%(upstream:remotename)%00%(upstream:remoteref) refs/heads/origin/main refs/remotes/origin/main [5ms]
2024-08-27 21:03:05.871 [info] > git for-each-ref --format=%(refname)%00%(upstream:short)%00%(objectname)%00%(upstream:track)%00%(upstream:remotename)%00%(upstream:remoteref) refs/heads/main refs/remotes/main [7ms]
2024-08-27 21:03:05.885 [warning] [Git][revParse] Unable to read file: ENOENT: no such file or directory, open '/home/sus/Web/.git/refs/remotes/origin/main'
2024-08-27 21:03:05.885 [info] > git merge-base refs/heads/main refs/remotes/origin/main [16ms]
2024-08-27 21:03:05.898 [info] > git rev-list --count --left-right refs/heads/main...refs/remotes/origin/main [9ms]
2024-08-27 21:03:05.903 [info] > git rev-parse refs/remotes/origin/main [18ms]
2024-08-27 21:03:05.909 [info] > git diff --name-status -z --diff-filter=ADMR c77b573776bf235f6df0e94ba2c437366e394b35...refs/remotes/origin/main [6ms]
2024-08-27 21:03:05.910 [info] > git status -z -uall [2ms]
2024-08-27 21:03:05.918 [info] > git for-each-ref --format=%(refname)%00%(upstream:short)%00%(objectname)%00%(upstream:track)%00%(upstream:remotename)%00%(upstream:remoteref) refs/heads/main refs/remotes/main [2ms]
2024-08-27 21:03:05.925 [info] > git config --local branch.main.vscode-merge-base [2ms]
2024-08-27 21:03:05.931 [info] > git for-each-ref --format=%(refname)%00%(upstream:short)%00%(objectname)%00%(upstream:track)%00%(upstream:remotename)%00%(upstream:remoteref) refs/heads/origin/main refs/remotes/origin/main [1ms]
2024-08-27 21:03:06.110 [info] > git show --textconv :RTC/index.html [5ms]
2024-08-27 21:03:06.111 [info] > git ls-files --stage -- /home/sus/Web/RTC/index.html [2ms]
2024-08-27 21:03:06.321 [info] > git check-ignore -v -z --stdin [2ms]
2024-08-27 21:03:35.936 [info] > git config --get commit.template [6ms]
2024-08-27 21:03:35.936 [info] > git for-each-ref --format=%(refname)%00%(upstream:short)%00%(objectname)%00%(upstream:track)%00%(upstream:remotename)%00%(upstream:remoteref) refs/heads/main refs/remotes/main [1ms]
2024-08-27 21:03:35.939 [warning] [Git][revParse] Unable to read file: ENOENT: no such file or directory, open '/home/sus/Web/.git/refs/remotes/origin/main'
2024-08-27 21:03:35.940 [info] > git rev-parse refs/remotes/origin/main [1ms]
2024-08-27 21:03:35.944 [info] > git status -z -uall [1ms]
2024-08-27 21:03:35.950 [info] > git for-each-ref --format=%(refname)%00%(upstream:short)%00%(objectname)%00%(upstream:track)%00%(upstream:remotename)%00%(upstream:remoteref) refs/heads/main refs/remotes/main [2ms]
2024-08-27 21:03:35.954 [info] > git config --local branch.main.vscode-merge-base [1ms]
2024-08-27 21:03:35.958 [info] > git for-each-ref --format=%(refname)%00%(upstream:short)%00%(objectname)%00%(upstream:track)%00%(upstream:remotename)%00%(upstream:remoteref) refs/heads/origin/main refs/remotes/origin/main [1ms]
