2024-06-17 12:54:34.355 [info] Added views:workbench.panel.markers.view in workbench.panel.markers
2024-06-17 12:54:34.355 [info] Added views:workbench.panel.output in workbench.panel.output
2024-06-17 12:54:34.355 [info] Added views:terminal in terminal
2024-06-17 12:54:34.355 [info] Added views:outline in workbench.view.explorer
2024-06-17 12:54:34.355 [info] Added views:workbench.scm in workbench.view.scm
2024-06-17 12:54:34.355 [info] Added views:workbench.view.search in workbench.view.search
2024-06-17 12:54:34.355 [info] Added views:timeline in workbench.view.explorer
2024-06-17 12:54:34.355 [info] Added views:workbench.explorer.emptyView in workbench.view.explorer
2024-06-17 12:54:34.481 [info] Added views:workbench.debug.welcome in workbench.view.debug
2024-06-17 12:54:34.764 [info] Added views:workbench.panel.repl.view in workbench.panel.repl
2024-06-17 12:54:34.963 [info] Added views:~remote.forwardedPorts in ~remote.forwardedPortsContainer
2024-06-17 12:54:38.101 [info] Added views:workbench.views.extensions.installed,workbench.views.extensions.popular,extensions.recommendedList in workbench.view.extensions
2024-06-17 12:54:38.103 [info] Removed views:workbench.views.extensions.popular from workbench.view.extensions
2024-06-17 12:54:38.307 [info] Added views:workbench.views.extensions.popular in workbench.view.extensions
2024-06-17 12:54:40.991 [info] Removed views:extensions.recommendedList,workbench.views.extensions.popular,workbench.views.extensions.installed from workbench.view.extensions
2024-06-17 12:54:41.000 [info] Added views:workbench.views.extensions.marketplace in workbench.view.extensions
2024-06-17 13:57:00.488 [info] Added views:workbench.panel.markers.view in workbench.panel.markers
2024-06-17 13:57:00.488 [info] Added views:workbench.panel.output in workbench.panel.output
2024-06-17 13:57:00.488 [info] Added views:terminal in terminal
2024-06-17 13:57:00.488 [info] Added views:outline in workbench.view.explorer
2024-06-17 13:57:00.488 [info] Added views:workbench.scm in workbench.view.scm
2024-06-17 13:57:00.488 [info] Added views:workbench.view.search in workbench.view.search
2024-06-17 13:57:00.488 [info] Added views:timeline in workbench.view.explorer
2024-06-17 13:57:00.488 [info] Added views:workbench.explorer.fileView in workbench.view.explorer
2024-06-17 13:57:00.732 [info] Added views:workbench.debug.variablesView,workbench.debug.watchExpressionsView,workbench.debug.callStackView,workbench.debug.breakPointsView in workbench.view.debug
2024-06-17 13:57:00.766 [info] Added views:~remote.forwardedPorts in ~remote.forwardedPortsContainer
2024-06-17 13:57:00.856 [info] Added views:workbench.panel.repl.view in workbench.panel.repl
2024-06-17 13:57:00.857 [info] Removed views:workbench.debug.breakPointsView,workbench.debug.callStackView,workbench.debug.watchExpressionsView,workbench.debug.variablesView from workbench.view.debug
2024-06-17 13:57:00.857 [info] Added views:workbench.debug.welcome in workbench.view.debug
