2024-08-26 19:45:49.105 [info] [main] Log level: Info
2024-08-26 19:45:49.105 [info] [main] Validating found git in: "git"
2024-08-26 19:45:49.105 [info] [main] Using git "2.46.0" from "git"
2024-08-26 19:45:49.105 [info] [Model][doInitialScan] Initial repository scan started
2024-08-26 19:45:49.105 [info] > git rev-parse --show-toplevel [4ms]
2024-08-26 19:45:49.105 [info] > git rev-parse --git-dir --git-common-dir [32ms]
2024-08-26 19:45:49.105 [info] [Model][openRepository] Opened repository: /home/sus/Web
2024-08-26 19:45:49.106 [info] > git rev-parse --show-toplevel [5ms]
2024-08-26 19:45:49.106 [info] [Model][doInitialScan] Initial repository scan completed - repositories (1), closed repositories (0), parent repositories (0), unsafe repositories (0)
2024-08-26 19:45:49.107 [info] > git config --get commit.template [11ms]
2024-08-26 19:45:49.118 [info] > git for-each-ref --format=%(refname)%00%(upstream:short)%00%(objectname)%00%(upstream:track)%00%(upstream:remotename)%00%(upstream:remoteref) refs/heads/main refs/remotes/main [4ms]
2024-08-26 19:45:49.122 [warning] [Git][revParse] Unable to read file: ENOENT: no such file or directory, open '/home/sus/Web/.git/refs/remotes/origin/main'
2024-08-26 19:45:49.123 [info] > git rev-parse refs/remotes/origin/main [1ms]
2024-08-26 19:45:49.136 [info] > git status -z -uall [6ms]
2024-08-26 19:45:49.154 [info] > git for-each-ref --format=%(refname)%00%(upstream:short)%00%(objectname)%00%(upstream:track)%00%(upstream:remotename)%00%(upstream:remoteref) refs/heads/main refs/remotes/main [11ms]
2024-08-26 19:45:49.162 [info] > git config --local branch.main.vscode-merge-base [3ms]
2024-08-26 19:45:49.167 [info] > git config --get commit.template [13ms]
2024-08-26 19:45:49.172 [info] > git for-each-ref --format=%(refname)%00%(upstream:short)%00%(objectname)%00%(upstream:track)%00%(upstream:remotename)%00%(upstream:remoteref) refs/heads/origin/main refs/remotes/origin/main [6ms]
2024-08-26 19:45:49.221 [info] > git merge-base refs/heads/main refs/remotes/origin/main [42ms]
2024-08-26 19:45:49.230 [info] > git rev-list --count --left-right refs/heads/main...refs/remotes/origin/main [3ms]
2024-08-26 19:45:49.235 [info] > git for-each-ref --format=%(refname)%00%(upstream:short)%00%(objectname)%00%(upstream:track)%00%(upstream:remotename)%00%(upstream:remoteref) refs/heads/main refs/remotes/main [15ms]
2024-08-26 19:45:49.240 [warning] [Git][revParse] Unable to read file: ENOENT: no such file or directory, open '/home/sus/Web/.git/refs/remotes/origin/main'
2024-08-26 19:45:49.241 [info] > git rev-parse refs/remotes/origin/main [2ms]
2024-08-26 19:45:49.246 [info] > git diff --name-status -z --diff-filter=ADMR c77b573776bf235f6df0e94ba2c437366e394b35...refs/remotes/origin/main [11ms]
2024-08-26 19:45:49.248 [info] > git status -z -uall [2ms]
2024-08-26 19:45:49.255 [info] > git for-each-ref --format=%(refname)%00%(upstream:short)%00%(objectname)%00%(upstream:track)%00%(upstream:remotename)%00%(upstream:remoteref) refs/heads/main refs/remotes/main [2ms]
2024-08-26 19:45:49.261 [info] > git config --local branch.main.vscode-merge-base [1ms]
2024-08-26 19:45:49.267 [info] > git for-each-ref --format=%(refname)%00%(upstream:short)%00%(objectname)%00%(upstream:track)%00%(upstream:remotename)%00%(upstream:remoteref) refs/heads/origin/main refs/remotes/origin/main [1ms]
2024-08-26 19:45:49.403 [info] > git show --textconv :RTC/java.js [6ms]
2024-08-26 19:45:49.404 [info] > git ls-files --stage -- /home/sus/Web/RTC/java.js [1ms]
2024-08-26 19:45:49.615 [info] > git check-ignore -v -z --stdin [1ms]
2024-08-26 19:45:52.322 [info] > git show --textconv :RTC/index.html [6ms]
2024-08-26 19:45:52.323 [info] > git ls-files --stage -- /home/sus/Web/RTC/index.html [1ms]
2024-08-26 19:46:06.844 [info] > git config --get commit.template [5ms]
2024-08-26 19:46:06.844 [info] > git for-each-ref --format=%(refname)%00%(upstream:short)%00%(objectname)%00%(upstream:track)%00%(upstream:remotename)%00%(upstream:remoteref) refs/heads/main refs/remotes/main [1ms]
2024-08-26 19:46:06.848 [warning] [Git][revParse] Unable to read file: ENOENT: no such file or directory, open '/home/sus/Web/.git/refs/remotes/origin/main'
2024-08-26 19:46:06.849 [info] > git rev-parse refs/remotes/origin/main [0ms]
2024-08-26 19:46:06.854 [info] > git status -z -uall [2ms]
2024-08-26 19:46:06.859 [info] > git for-each-ref --format=%(refname)%00%(upstream:short)%00%(objectname)%00%(upstream:track)%00%(upstream:remotename)%00%(upstream:remoteref) refs/heads/main refs/remotes/main [1ms]
2024-08-26 19:46:06.864 [info] > git config --local branch.main.vscode-merge-base [1ms]
2024-08-26 19:46:06.869 [info] > git for-each-ref --format=%(refname)%00%(upstream:short)%00%(objectname)%00%(upstream:track)%00%(upstream:remotename)%00%(upstream:remoteref) refs/heads/origin/main refs/remotes/origin/main [1ms]
