2024-08-02 13:15:01.121 [info] Added views:workbench.panel.markers.view in workbench.panel.markers
2024-08-02 13:15:01.121 [info] Added views:workbench.panel.output in workbench.panel.output
2024-08-02 13:15:01.121 [info] Added views:terminal in terminal
2024-08-02 13:15:01.121 [info] Added views:outline in workbench.view.explorer
2024-08-02 13:15:01.121 [info] Added views:workbench.scm in workbench.view.scm
2024-08-02 13:15:01.121 [info] Added views:workbench.view.search in workbench.view.search
2024-08-02 13:15:01.121 [info] Added views:timeline in workbench.view.explorer
2024-08-02 13:15:01.121 [info] Added views:workbench.explorer.emptyView in workbench.view.explorer
2024-08-02 13:15:01.636 [info] Added views:workbench.debug.welcome in workbench.view.debug
2024-08-02 13:15:02.718 [info] Added views:workbench.panel.repl.view in workbench.panel.repl
2024-08-02 13:15:03.608 [info] Added views:~remote.forwardedPorts in ~remote.forwardedPortsContainer
2024-08-02 13:15:49.366 [info] Added views:workbench.panel.markers.view in workbench.panel.markers
2024-08-02 13:15:49.366 [info] Added views:workbench.panel.output in workbench.panel.output
2024-08-02 13:15:49.366 [info] Added views:terminal in terminal
2024-08-02 13:15:49.366 [info] Added views:outline in workbench.view.explorer
2024-08-02 13:15:49.366 [info] Added views:workbench.scm in workbench.view.scm
2024-08-02 13:15:49.366 [info] Added views:workbench.view.search in workbench.view.search
2024-08-02 13:15:49.366 [info] Added views:timeline in workbench.view.explorer
2024-08-02 13:15:49.366 [info] Added views:workbench.explorer.fileView in workbench.view.explorer
2024-08-02 13:15:49.682 [info] Added views:workbench.debug.welcome in workbench.view.debug
2024-08-02 13:15:50.697 [info] Added views:workbench.panel.repl.view in workbench.panel.repl
2024-08-02 13:15:51.303 [info] Added views:~remote.forwardedPorts in ~remote.forwardedPortsContainer
2024-08-02 14:18:00.976 [info] Added views:workbench.views.extensions.installed,workbench.views.extensions.popular,extensions.recommendedList in workbench.view.extensions
2024-08-02 14:18:00.985 [info] Removed views:workbench.views.extensions.popular from workbench.view.extensions
