2024-08-09 16:55:35.949 [info] Added views:workbench.panel.markers.view in workbench.panel.markers
2024-08-09 16:55:35.949 [info] Added views:workbench.panel.output in workbench.panel.output
2024-08-09 16:55:35.949 [info] Added views:terminal in terminal
2024-08-09 16:55:35.949 [info] Added views:outline in workbench.view.explorer
2024-08-09 16:55:35.949 [info] Added views:workbench.scm in workbench.view.scm
2024-08-09 16:55:35.949 [info] Added views:workbench.view.search in workbench.view.search
2024-08-09 16:55:35.949 [info] Added views:timeline in workbench.view.explorer
2024-08-09 16:55:35.949 [info] Added views:workbench.explorer.emptyView in workbench.view.explorer
2024-08-09 16:55:36.050 [info] Added views:workbench.debug.welcome in workbench.view.debug
2024-08-09 16:55:36.528 [info] Added views:workbench.panel.repl.view in workbench.panel.repl
2024-08-09 16:55:36.859 [info] Added views:~remote.forwardedPorts in ~remote.forwardedPortsContainer
2024-08-09 16:57:01.822 [info] Added views:workbench.panel.markers.view in workbench.panel.markers
2024-08-09 16:57:01.822 [info] Added views:workbench.panel.output in workbench.panel.output
2024-08-09 16:57:01.822 [info] Added views:terminal in terminal
2024-08-09 16:57:01.822 [info] Added views:outline in workbench.view.explorer
2024-08-09 16:57:01.822 [info] Added views:workbench.scm in workbench.view.scm
2024-08-09 16:57:01.822 [info] Added views:workbench.view.search in workbench.view.search
2024-08-09 16:57:01.822 [info] Added views:timeline in workbench.view.explorer
2024-08-09 16:57:01.822 [info] Added views:workbench.explorer.fileView in workbench.view.explorer
2024-08-09 16:57:02.153 [info] Added views:workbench.debug.variablesView,workbench.debug.watchExpressionsView,workbench.debug.callStackView,workbench.debug.breakPointsView in workbench.view.debug
2024-08-09 16:57:02.171 [info] Added views:workbench.panel.repl.view in workbench.panel.repl
2024-08-09 16:57:02.172 [info] Removed views:workbench.debug.breakPointsView,workbench.debug.callStackView,workbench.debug.watchExpressionsView,workbench.debug.variablesView from workbench.view.debug
2024-08-09 16:57:02.172 [info] Added views:workbench.debug.welcome in workbench.view.debug
2024-08-09 16:57:02.248 [info] Added views:~remote.forwardedPorts in ~remote.forwardedPortsContainer
2024-08-09 17:01:21.401 [info] Added views:workbench.views.extensions.installed,workbench.views.extensions.popular,extensions.recommendedList in workbench.view.extensions
2024-08-09 17:01:21.404 [info] Removed views:workbench.views.extensions.popular from workbench.view.extensions
2024-08-09 17:01:24.915 [info] Removed views:extensions.recommendedList,workbench.views.extensions.installed from workbench.view.extensions
2024-08-09 17:01:24.921 [info] Added views:workbench.views.extensions.marketplace in workbench.view.extensions
2024-08-09 17:01:37.795 [info] Removed views:workbench.views.extensions.marketplace from workbench.view.extensions
2024-08-09 17:01:37.802 [info] Added views:workbench.views.extensions.installed,extensions.recommendedList in workbench.view.extensions
2024-08-09 17:01:40.271 [info] Removed views:extensions.recommendedList,workbench.views.extensions.installed from workbench.view.extensions
2024-08-09 17:01:40.310 [info] Added views:workbench.views.extensions.marketplace in workbench.view.extensions
2024-08-09 17:02:12.914 [info] Removed views:workbench.panel.repl.view from workbench.panel.repl
2024-08-09 17:02:12.990 [info] Added views:workbench.panel.repl.view in workbench.panel.repl
