2024-08-02 13:15:03.228 [info] Log level: Info
2024-08-02 13:15:03.228 [info] Validating found git in: "git"
2024-08-02 13:15:03.228 [info] Using git "2.45.2" from "git"
2024-08-02 13:15:03.228 [info] > git rev-parse --show-toplevel [7ms]
2024-08-02 13:15:03.228 [info] > git rev-parse --git-dir --git-common-dir [5ms]
2024-08-02 13:15:03.228 [info] Open repository: /home/sus/.config
2024-08-02 13:15:03.231 [info] > git config --get commit.template [39ms]
2024-08-02 13:15:03.264 [info] > git for-each-ref --format=%(refname)%00%(upstream:short)%00%(objectname)%00%(upstream:track)%00%(upstream:remotename)%00%(upstream:remoteref) refs/heads/master refs/remotes/master [7ms]
2024-08-02 13:15:03.533 [info] > git status -z -uall [256ms]
2024-08-02 13:15:04.997 [info] > git check-ignore -v -z --stdin [1130ms]
2024-08-02 13:15:04.999 [info] > git for-each-ref --format=%(refname)%00%(upstream:short)%00%(objectname)%00%(upstream:track)%00%(upstream:remotename)%00%(upstream:remoteref) refs/heads/master refs/remotes/master [1407ms]
2024-08-02 13:15:05.040 [info] > git config --local branch.master.vscode-merge-base [24ms]
2024-08-02 13:15:05.040 [warning] git config failed: Failed to execute git
2024-08-02 13:15:05.053 [info] > git config --get commit.template [58ms]
2024-08-02 13:15:05.069 [info] > git reflog master --grep-reflog=branch: Created from *. [15ms]
2024-08-02 13:15:05.082 [info] > git for-each-ref --format=%(refname)%00%(upstream:short)%00%(objectname)%00%(upstream:track)%00%(upstream:remotename)%00%(upstream:remoteref) refs/heads/master refs/remotes/master [15ms]
2024-08-02 13:15:05.084 [info] > git symbolic-ref --short refs/remotes/origin/HEAD [4ms]
2024-08-02 13:15:05.084 [info] fatal: ref refs/remotes/origin/HEAD is not a symbolic ref
2024-08-02 13:15:05.113 [info] > git merge-base refs/heads/master refs/remotes/origin/master [14ms]
2024-08-02 13:15:05.130 [info] > git rev-list --count --left-right refs/heads/master...refs/remotes/origin/master [3ms]
2024-08-02 13:15:05.148 [info] > git diff --name-status -z --diff-filter=ADMR 79566c7cb49d11ef57d3a625f67ba530889d63f7...refs/remotes/origin/master [3ms]
2024-08-02 13:15:05.264 [info] > git show --textconv :hypr/hyprland.conf [42ms]
2024-08-02 13:15:05.264 [info] > git ls-files --stage -- /home/sus/.config/hypr/hyprland.conf [28ms]
2024-08-02 13:15:05.281 [info] > git cat-file -s 3c94ef438df32be2996f054641359e6765f3432a [7ms]
2024-08-02 13:15:05.320 [info] > git status -z -uall [208ms]
2024-08-02 13:15:06.516 [info] > git for-each-ref --format=%(refname)%00%(upstream:short)%00%(objectname)%00%(upstream:track)%00%(upstream:remotename)%00%(upstream:remoteref) refs/heads/master refs/remotes/master [1157ms]
2024-08-02 13:15:06.535 [info] > git config --local branch.master.vscode-merge-base [7ms]
2024-08-02 13:15:06.535 [warning] git config failed: Failed to execute git
2024-08-02 13:15:06.549 [info] > git reflog master --grep-reflog=branch: Created from *. [3ms]
2024-08-02 13:15:06.561 [info] > git symbolic-ref --short refs/remotes/origin/HEAD [3ms]
2024-08-02 13:15:06.561 [info] fatal: ref refs/remotes/origin/HEAD is not a symbolic ref
2024-08-02 13:15:08.008 [info] > git config --get commit.template [14ms]
2024-08-02 13:15:08.012 [info] > git for-each-ref --format=%(refname)%00%(upstream:short)%00%(objectname)%00%(upstream:track)%00%(upstream:remotename)%00%(upstream:remoteref) refs/heads/master refs/remotes/master [5ms]
2024-08-02 13:15:08.251 [info] > git status -z -uall [224ms]
2024-08-02 13:15:09.441 [info] > git for-each-ref --format=%(refname)%00%(upstream:short)%00%(objectname)%00%(upstream:track)%00%(upstream:remotename)%00%(upstream:remoteref) refs/heads/master refs/remotes/master [1146ms]
2024-08-02 13:15:09.472 [info] > git config --local branch.master.vscode-merge-base [17ms]
2024-08-02 13:15:09.472 [warning] git config failed: Failed to execute git
2024-08-02 13:15:09.486 [info] > git reflog master --grep-reflog=branch: Created from *. [4ms]
2024-08-02 13:15:09.500 [info] > git symbolic-ref --short refs/remotes/origin/HEAD [3ms]
2024-08-02 13:15:09.500 [info] fatal: ref refs/remotes/origin/HEAD is not a symbolic ref
2024-08-02 13:15:31.205 [info] > git config --get commit.template [14ms]
2024-08-02 13:15:31.208 [info] > git for-each-ref --format=%(refname)%00%(upstream:short)%00%(objectname)%00%(upstream:track)%00%(upstream:remotename)%00%(upstream:remoteref) refs/heads/master refs/remotes/master [4ms]
2024-08-02 13:15:31.416 [info] > git status -z -uall [193ms]
2024-08-02 13:15:32.795 [info] > git for-each-ref --format=%(refname)%00%(upstream:short)%00%(objectname)%00%(upstream:track)%00%(upstream:remotename)%00%(upstream:remoteref) refs/heads/master refs/remotes/master [1327ms]
2024-08-02 13:15:32.822 [info] > git config --local branch.master.vscode-merge-base [8ms]
2024-08-02 13:15:32.822 [warning] git config failed: Failed to execute git
2024-08-02 13:15:32.843 [info] > git reflog master --grep-reflog=branch: Created from *. [5ms]
2024-08-02 13:15:32.861 [info] > git symbolic-ref --short refs/remotes/origin/HEAD [4ms]
2024-08-02 13:15:32.861 [info] fatal: ref refs/remotes/origin/HEAD is not a symbolic ref
2024-08-02 13:15:45.648 [info] > git config --get commit.template [17ms]
2024-08-02 13:15:45.652 [info] > git for-each-ref --format=%(refname)%00%(upstream:short)%00%(objectname)%00%(upstream:track)%00%(upstream:remotename)%00%(upstream:remoteref) refs/heads/master refs/remotes/master [5ms]
2024-08-02 13:15:45.879 [info] > git status -z -uall [209ms]
2024-08-02 13:15:47.165 [info] > git for-each-ref --format=%(refname)%00%(upstream:short)%00%(objectname)%00%(upstream:track)%00%(upstream:remotename)%00%(upstream:remoteref) refs/heads/master refs/remotes/master [1241ms]
2024-08-02 13:15:47.196 [info] > git config --local branch.master.vscode-merge-base [13ms]
2024-08-02 13:15:47.196 [warning] git config failed: Failed to execute git
2024-08-02 13:15:51.740 [info] Log level: Info
2024-08-02 13:15:51.740 [info] Validating found git in: "git"
2024-08-02 13:15:51.740 [info] Using git "2.45.2" from "git"
2024-08-02 13:15:51.743 [info] > git rev-parse --show-toplevel [13ms]
2024-08-02 13:15:51.790 [info] > git rev-parse --show-toplevel [4ms]
2024-08-02 13:15:52.189 [info] > git rev-parse --show-toplevel [3ms]
2024-08-02 13:16:16.706 [info] > git rev-parse --show-toplevel [4ms]
2024-08-02 13:16:16.723 [info] > git rev-parse --git-dir --git-common-dir [3ms]
2024-08-02 13:16:16.751 [info] Open repository: /home/sus/Web
2024-08-02 13:16:16.778 [info] > git config --get commit.template [5ms]
2024-08-02 13:16:16.801 [info] > git for-each-ref --format=%(refname)%00%(upstream:short)%00%(objectname)%00%(upstream:track)%00%(upstream:remotename)%00%(upstream:remoteref) refs/heads/main refs/remotes/main [6ms]
2024-08-02 13:16:16.815 [warning] ENOENT: no such file or directory, open '/home/sus/Web/.git/refs/remotes/origin/main'
2024-08-02 13:16:16.818 [info] > git rev-parse refs/remotes/origin/main [4ms]
2024-08-02 13:16:16.840 [info] > git status -z -uall [10ms]
2024-08-02 13:16:16.880 [info] > git for-each-ref --format=%(refname)%00%(upstream:short)%00%(objectname)%00%(upstream:track)%00%(upstream:remotename)%00%(upstream:remoteref) refs/heads/main refs/remotes/main [26ms]
2024-08-02 13:16:16.895 [info] > git config --get commit.template [16ms]
2024-08-02 13:16:16.899 [info] > git config --local branch.main.vscode-merge-base [7ms]
2024-08-02 13:16:16.899 [warning] git config failed: Failed to execute git
2024-08-02 13:16:16.942 [info] > git for-each-ref --format=%(refname)%00%(upstream:short)%00%(objectname)%00%(upstream:track)%00%(upstream:remotename)%00%(upstream:remoteref) refs/heads/main refs/remotes/main [23ms]
2024-08-02 13:16:16.942 [info] > git reflog main --grep-reflog=branch: Created from *. [33ms]
2024-08-02 13:16:16.986 [warning] ENOENT: no such file or directory, open '/home/sus/Web/.git/refs/remotes/origin/main'
2024-08-02 13:16:16.987 [info] > git symbolic-ref --short refs/remotes/origin/HEAD [35ms]
2024-08-02 13:16:17.002 [info] > git rev-parse refs/remotes/origin/main [15ms]
2024-08-02 13:16:17.019 [info] > git status -z -uall [4ms]
2024-08-02 13:16:17.019 [info] > git for-each-ref --format=%(refname)%00%(upstream:short)%00%(objectname)%00%(upstream:track)%00%(upstream:remotename)%00%(upstream:remoteref) refs/heads/origin/main refs/remotes/origin/main [20ms]
2024-08-02 13:16:17.050 [info] > git for-each-ref --format=%(refname)%00%(upstream:short)%00%(objectname)%00%(upstream:track)%00%(upstream:remotename)%00%(upstream:remoteref) refs/heads/main refs/remotes/main [6ms]
2024-08-02 13:16:17.061 [info] > git config --local branch.main.vscode-merge-base origin/main [29ms]
2024-08-02 13:16:17.076 [info] > git config --local branch.main.vscode-merge-base [15ms]
2024-08-02 13:16:17.090 [info] > git config --get commit.template [15ms]
2024-08-02 13:16:17.101 [info] > git for-each-ref --format=%(refname)%00%(upstream:short)%00%(objectname)%00%(upstream:track)%00%(upstream:remotename)%00%(upstream:remoteref) refs/heads/origin/main refs/remotes/origin/main [13ms]
2024-08-02 13:16:17.113 [info] > git for-each-ref --format=%(refname)%00%(upstream:short)%00%(objectname)%00%(upstream:track)%00%(upstream:remotename)%00%(upstream:remoteref) refs/heads/main refs/remotes/main [13ms]
2024-08-02 13:16:17.123 [warning] ENOENT: no such file or directory, open '/home/sus/Web/.git/refs/remotes/origin/main'
2024-08-02 13:16:17.127 [info] > git rev-parse refs/remotes/origin/main [4ms]
2024-08-02 13:16:17.136 [info] > git merge-base refs/heads/main refs/remotes/origin/main [24ms]
2024-08-02 13:16:17.150 [info] > git status -z -uall [14ms]
2024-08-02 13:16:17.165 [info] > git for-each-ref --format=%(refname)%00%(upstream:short)%00%(objectname)%00%(upstream:track)%00%(upstream:remotename)%00%(upstream:remoteref) refs/heads/main refs/remotes/main [4ms]
2024-08-02 13:16:17.176 [info] > git rev-list --count --left-right refs/heads/main...refs/remotes/origin/main [29ms]
2024-08-02 13:16:17.191 [info] > git config --local branch.main.vscode-merge-base [16ms]
2024-08-02 13:16:17.205 [info] > git diff --name-status -z --diff-filter=ADMR c77b573776bf235f6df0e94ba2c437366e394b35...refs/remotes/origin/main [17ms]
2024-08-02 13:16:17.207 [info] > git for-each-ref --format=%(refname)%00%(upstream:short)%00%(objectname)%00%(upstream:track)%00%(upstream:remotename)%00%(upstream:remoteref) refs/heads/origin/main refs/remotes/origin/main [5ms]
2024-08-02 13:16:17.234 [info] > git show --textconv :Chat/web.html [13ms]
2024-08-02 13:16:17.238 [info] > git ls-files --stage -- /home/sus/Web/Chat/web.html [5ms]
2024-08-02 13:16:17.315 [info] > git check-ignore -v -z --stdin [4ms]
2024-08-02 13:16:18.256 [info] > git config --get commit.template [7ms]
2024-08-02 13:16:18.269 [info] > git for-each-ref --format=%(refname)%00%(upstream:short)%00%(objectname)%00%(upstream:track)%00%(upstream:remotename)%00%(upstream:remoteref) refs/heads/main refs/remotes/main [3ms]
2024-08-02 13:16:18.278 [warning] ENOENT: no such file or directory, open '/home/sus/Web/.git/refs/remotes/origin/main'
2024-08-02 13:16:18.280 [info] > git rev-parse refs/remotes/origin/main [3ms]
2024-08-02 13:16:18.294 [info] > git status -z -uall [4ms]
2024-08-02 13:16:18.308 [info] > git for-each-ref --format=%(refname)%00%(upstream:short)%00%(objectname)%00%(upstream:track)%00%(upstream:remotename)%00%(upstream:remoteref) refs/heads/main refs/remotes/main [4ms]
2024-08-02 13:16:18.320 [info] > git config --local branch.main.vscode-merge-base [3ms]
2024-08-02 13:16:18.333 [info] > git for-each-ref --format=%(refname)%00%(upstream:short)%00%(objectname)%00%(upstream:track)%00%(upstream:remotename)%00%(upstream:remoteref) refs/heads/origin/main refs/remotes/origin/main [3ms]
2024-08-02 13:16:18.355 [info] > git ls-files --stage -- /home/sus/Web/Chat/web.html [3ms]
2024-08-02 13:16:18.371 [info] > git show --textconv :Chat/web.html [3ms]
2024-08-02 13:17:33.404 [info] > git show --textconv :Chat/style.css [17ms]
2024-08-02 13:17:33.407 [info] > git ls-files --stage -- /home/sus/Web/Chat/style.css [4ms]
2024-08-02 13:17:51.180 [info] > git show --textconv :Chat/script.js [21ms]
2024-08-02 13:17:51.183 [info] > git ls-files --stage -- /home/sus/Web/Chat/script.js [6ms]
2024-08-02 13:17:54.323 [info] > git show --textconv :Chat/style.css [12ms]
2024-08-02 13:17:54.325 [info] > git ls-files --stage -- /home/sus/Web/Chat/style.css [3ms]
2024-08-02 13:18:01.593 [info] > git show --textconv :Chat/script.js [14ms]
2024-08-02 13:18:01.595 [info] > git ls-files --stage -- /home/sus/Web/Chat/script.js [3ms]
2024-08-02 13:44:07.100 [info] > git config --get commit.template [25ms]
2024-08-02 13:44:07.102 [info] > git for-each-ref --format=%(refname)%00%(upstream:short)%00%(objectname)%00%(upstream:track)%00%(upstream:remotename)%00%(upstream:remoteref) refs/heads/main refs/remotes/main [5ms]
2024-08-02 13:44:07.121 [warning] ENOENT: no such file or directory, open '/home/sus/Web/.git/refs/remotes/origin/main'
2024-08-02 13:44:07.126 [info] > git rev-parse refs/remotes/origin/main [5ms]
2024-08-02 13:44:07.153 [info] > git status -z -uall [6ms]
2024-08-02 13:44:07.180 [info] > git for-each-ref --format=%(refname)%00%(upstream:short)%00%(objectname)%00%(upstream:track)%00%(upstream:remotename)%00%(upstream:remoteref) refs/heads/main refs/remotes/main [6ms]
2024-08-02 13:44:07.200 [info] > git config --local branch.main.vscode-merge-base [4ms]
2024-08-02 13:44:07.222 [info] > git for-each-ref --format=%(refname)%00%(upstream:short)%00%(objectname)%00%(upstream:track)%00%(upstream:remotename)%00%(upstream:remoteref) refs/heads/origin/main refs/remotes/origin/main [3ms]
2024-08-02 13:45:20.655 [info] > git config --get commit.template [13ms]
2024-08-02 13:45:20.656 [info] > git for-each-ref --format=%(refname)%00%(upstream:short)%00%(objectname)%00%(upstream:track)%00%(upstream:remotename)%00%(upstream:remoteref) refs/heads/main refs/remotes/main [3ms]
2024-08-02 13:45:20.666 [warning] ENOENT: no such file or directory, open '/home/sus/Web/.git/refs/remotes/origin/main'
2024-08-02 13:45:20.669 [info] > git rev-parse refs/remotes/origin/main [3ms]
2024-08-02 13:45:20.684 [info] > git status -z -uall [5ms]
2024-08-02 13:45:20.704 [info] > git for-each-ref --format=%(refname)%00%(upstream:short)%00%(objectname)%00%(upstream:track)%00%(upstream:remotename)%00%(upstream:remoteref) refs/heads/main refs/remotes/main [5ms]
2024-08-02 13:45:20.720 [info] > git config --local branch.main.vscode-merge-base [3ms]
2024-08-02 13:45:20.741 [info] > git for-each-ref --format=%(refname)%00%(upstream:short)%00%(objectname)%00%(upstream:track)%00%(upstream:remotename)%00%(upstream:remoteref) refs/heads/origin/main refs/remotes/origin/main [5ms]
