2024-08-09 16:55:36.734 [info] [main] Log level: Info
2024-08-09 16:55:36.734 [info] [main] Validating found git in: "git"
2024-08-09 16:55:36.734 [info] [main] Using git "2.46.0" from "git"
2024-08-09 16:55:36.734 [info] [Model][doInitialScan] Initial repository scan started
2024-08-09 16:55:36.734 [info] > git rev-parse --show-toplevel [4ms]
2024-08-09 16:55:36.734 [info] fatal: not a git repository (or any of the parent directories): .git
2024-08-09 16:55:36.734 [info] [Model][doInitialScan] Initial repository scan completed - repositories (0), closed repositories (0), parent repositories (0), unsafe repositories (0)
2024-08-09 16:57:02.273 [info] [main] Log level: Info
2024-08-09 16:57:02.273 [info] [main] Validating found git in: "git"
2024-08-09 16:57:02.273 [info] [main] Using git "2.46.0" from "git"
2024-08-09 16:57:02.273 [info] [Model][doInitialScan] Initial repository scan started
2024-08-09 16:57:02.273 [info] > git rev-parse --show-toplevel [3ms]
2024-08-09 16:57:02.275 [info] > git rev-parse --git-dir --git-common-dir [2ms]
2024-08-09 16:57:02.284 [info] [Model][openRepository] Opened repository: /home/sus/Web
2024-08-09 16:57:02.285 [info] [Model][doInitialScan] Initial repository scan completed - repositories (1), closed repositories (0), parent repositories (0), unsafe repositories (0)
2024-08-09 16:57:02.292 [info] > git config --get commit.template [2ms]
2024-08-09 16:57:02.299 [info] > git for-each-ref --format=%(refname)%00%(upstream:short)%00%(objectname)%00%(upstream:track)%00%(upstream:remotename)%00%(upstream:remoteref) refs/heads/main refs/remotes/main [3ms]
2024-08-09 16:57:02.303 [warning] [Git][revParse] Unable to read file: ENOENT: no such file or directory, open '/home/sus/Web/.git/refs/remotes/origin/main'
2024-08-09 16:57:02.313 [info] > git rev-parse refs/remotes/origin/main [10ms]
2024-08-09 16:57:02.322 [info] > git status -z -uall [4ms]
2024-08-09 16:57:02.340 [info] > git for-each-ref --format=%(refname)%00%(upstream:short)%00%(objectname)%00%(upstream:track)%00%(upstream:remotename)%00%(upstream:remoteref) refs/heads/main refs/remotes/main [12ms]
2024-08-09 16:57:02.354 [info] > git config --local branch.main.vscode-merge-base [9ms]
2024-08-09 16:57:02.358 [info] > git config --get commit.template [21ms]
2024-08-09 16:57:02.365 [info] > git for-each-ref --format=%(refname)%00%(upstream:short)%00%(objectname)%00%(upstream:track)%00%(upstream:remotename)%00%(upstream:remoteref) refs/heads/origin/main refs/remotes/origin/main [7ms]
2024-08-09 16:57:02.375 [info] > git merge-base refs/heads/main refs/remotes/origin/main [5ms]
2024-08-09 16:57:02.388 [info] > git rev-list --count --left-right refs/heads/main...refs/remotes/origin/main [9ms]
2024-08-09 16:57:02.392 [info] > git for-each-ref --format=%(refname)%00%(upstream:short)%00%(objectname)%00%(upstream:track)%00%(upstream:remotename)%00%(upstream:remoteref) refs/heads/main refs/remotes/main [17ms]
2024-08-09 16:57:02.396 [warning] [Git][revParse] Unable to read file: ENOENT: no such file or directory, open '/home/sus/Web/.git/refs/remotes/origin/main'
2024-08-09 16:57:02.397 [info] > git diff --name-status -z --diff-filter=ADMR c77b573776bf235f6df0e94ba2c437366e394b35...refs/remotes/origin/main [5ms]
2024-08-09 16:57:02.398 [info] > git rev-parse refs/remotes/origin/main [2ms]
2024-08-09 16:57:02.404 [info] > git status -z -uall [2ms]
2024-08-09 16:57:02.412 [info] > git for-each-ref --format=%(refname)%00%(upstream:short)%00%(objectname)%00%(upstream:track)%00%(upstream:remotename)%00%(upstream:remoteref) refs/heads/main refs/remotes/main [3ms]
2024-08-09 16:57:02.418 [info] > git config --local branch.main.vscode-merge-base [2ms]
2024-08-09 16:57:02.453 [info] > git for-each-ref --format=%(refname)%00%(upstream:short)%00%(objectname)%00%(upstream:track)%00%(upstream:remotename)%00%(upstream:remoteref) refs/heads/origin/main refs/remotes/origin/main [31ms]
2024-08-09 16:57:22.187 [info] > git show --textconv :RTC/index.html [5ms]
2024-08-09 16:57:22.187 [info] > git ls-files --stage -- /home/sus/Web/RTC/index.html [1ms]
2024-08-09 16:57:22.466 [info] > git check-ignore -v -z --stdin [2ms]
2024-08-09 16:57:23.073 [info] > git config --get commit.template [6ms]
2024-08-09 16:57:23.074 [info] > git for-each-ref --format=%(refname)%00%(upstream:short)%00%(objectname)%00%(upstream:track)%00%(upstream:remotename)%00%(upstream:remoteref) refs/heads/main refs/remotes/main [1ms]
2024-08-09 16:57:23.077 [warning] [Git][revParse] Unable to read file: ENOENT: no such file or directory, open '/home/sus/Web/.git/refs/remotes/origin/main'
2024-08-09 16:57:23.078 [info] > git rev-parse refs/remotes/origin/main [1ms]
2024-08-09 16:57:23.083 [info] > git status -z -uall [2ms]
2024-08-09 16:57:23.089 [info] > git for-each-ref --format=%(refname)%00%(upstream:short)%00%(objectname)%00%(upstream:track)%00%(upstream:remotename)%00%(upstream:remoteref) refs/heads/main refs/remotes/main [1ms]
2024-08-09 16:57:23.094 [info] > git config --local branch.main.vscode-merge-base [1ms]
2024-08-09 16:57:23.099 [info] > git for-each-ref --format=%(refname)%00%(upstream:short)%00%(objectname)%00%(upstream:track)%00%(upstream:remotename)%00%(upstream:remoteref) refs/heads/origin/main refs/remotes/origin/main [1ms]
2024-08-09 16:58:00.382 [info] > git show --textconv :RTC/java.js [5ms]
2024-08-09 16:58:00.383 [info] > git ls-files --stage -- /home/sus/Web/RTC/java.js [2ms]
2024-08-09 16:58:00.663 [info] > git check-ignore -v -z --stdin [2ms]
2024-08-09 16:58:01.200 [info] > git config --get commit.template [6ms]
2024-08-09 16:58:01.200 [info] > git for-each-ref --format=%(refname)%00%(upstream:short)%00%(objectname)%00%(upstream:track)%00%(upstream:remotename)%00%(upstream:remoteref) refs/heads/main refs/remotes/main [1ms]
2024-08-09 16:58:01.204 [warning] [Git][revParse] Unable to read file: ENOENT: no such file or directory, open '/home/sus/Web/.git/refs/remotes/origin/main'
2024-08-09 16:58:01.205 [info] > git rev-parse refs/remotes/origin/main [1ms]
2024-08-09 16:58:01.210 [info] > git status -z -uall [2ms]
2024-08-09 16:58:01.217 [info] > git for-each-ref --format=%(refname)%00%(upstream:short)%00%(objectname)%00%(upstream:track)%00%(upstream:remotename)%00%(upstream:remoteref) refs/heads/main refs/remotes/main [1ms]
2024-08-09 16:58:01.223 [info] > git config --local branch.main.vscode-merge-base [1ms]
2024-08-09 16:58:01.228 [info] > git for-each-ref --format=%(refname)%00%(upstream:short)%00%(objectname)%00%(upstream:track)%00%(upstream:remotename)%00%(upstream:remoteref) refs/heads/origin/main refs/remotes/origin/main [1ms]
2024-08-09 16:58:05.556 [info] > git show --textconv :RTC/index.html [5ms]
2024-08-09 16:58:05.556 [info] > git ls-files --stage -- /home/sus/Web/RTC/index.html [1ms]
2024-08-09 17:02:13.225 [info] [main] Log level: Info
2024-08-09 17:02:13.225 [info] [main] Validating found git in: "git"
2024-08-09 17:02:13.225 [info] [main] Using git "2.46.0" from "git"
2024-08-09 17:02:13.225 [info] [Model][doInitialScan] Initial repository scan started
2024-08-09 17:02:13.227 [info] > git rev-parse --show-toplevel [5ms]
2024-08-09 17:02:13.245 [info] > git rev-parse --git-dir --git-common-dir [1ms]
2024-08-09 17:02:13.257 [info] [Model][openRepository] Opened repository: /home/sus/Web
2024-08-09 17:02:13.258 [info] [Model][doInitialScan] Initial repository scan completed - repositories (1), closed repositories (0), parent repositories (0), unsafe repositories (0)
2024-08-09 17:02:13.267 [info] > git config --get commit.template [3ms]
2024-08-09 17:02:13.279 [info] > git for-each-ref --format=%(refname)%00%(upstream:short)%00%(objectname)%00%(upstream:track)%00%(upstream:remotename)%00%(upstream:remoteref) refs/heads/main refs/remotes/main [3ms]
2024-08-09 17:02:13.285 [warning] [Git][revParse] Unable to read file: ENOENT: no such file or directory, open '/home/sus/Web/.git/refs/remotes/origin/main'
2024-08-09 17:02:13.287 [info] > git rev-parse refs/remotes/origin/main [2ms]
2024-08-09 17:02:13.297 [info] > git status -z -uall [4ms]
2024-08-09 17:02:13.308 [info] > git for-each-ref --format=%(refname)%00%(upstream:short)%00%(objectname)%00%(upstream:track)%00%(upstream:remotename)%00%(upstream:remoteref) refs/heads/main refs/remotes/main [4ms]
2024-08-09 17:02:13.316 [info] > git config --local branch.main.vscode-merge-base [2ms]
2024-08-09 17:02:13.323 [info] > git for-each-ref --format=%(refname)%00%(upstream:short)%00%(objectname)%00%(upstream:track)%00%(upstream:remotename)%00%(upstream:remoteref) refs/heads/origin/main refs/remotes/origin/main [1ms]
2024-08-09 17:02:13.331 [info] > git merge-base refs/heads/main refs/remotes/origin/main [2ms]
2024-08-09 17:02:13.340 [info] > git rev-list --count --left-right refs/heads/main...refs/remotes/origin/main [2ms]
2024-08-09 17:02:13.348 [info] > git diff --name-status -z --diff-filter=ADMR c77b573776bf235f6df0e94ba2c437366e394b35...refs/remotes/origin/main [1ms]
2024-08-09 17:02:13.600 [info] > git config --get commit.template [4ms]
2024-08-09 17:02:13.687 [info] > git for-each-ref --format=%(refname)%00%(upstream:short)%00%(objectname)%00%(upstream:track)%00%(upstream:remotename)%00%(upstream:remoteref) refs/heads/main refs/remotes/main [17ms]
2024-08-09 17:02:13.695 [warning] [Git][revParse] Unable to read file: ENOENT: no such file or directory, open '/home/sus/Web/.git/refs/remotes/origin/main'
2024-08-09 17:02:13.703 [info] > git rev-parse refs/remotes/origin/main [8ms]
2024-08-09 17:02:13.712 [info] > git status -z -uall [3ms]
2024-08-09 17:02:13.722 [info] > git for-each-ref --format=%(refname)%00%(upstream:short)%00%(objectname)%00%(upstream:track)%00%(upstream:remotename)%00%(upstream:remoteref) refs/heads/main refs/remotes/main [2ms]
2024-08-09 17:02:13.745 [info] > git config --local branch.main.vscode-merge-base [15ms]
2024-08-09 17:02:13.758 [info] > git for-each-ref --format=%(refname)%00%(upstream:short)%00%(objectname)%00%(upstream:track)%00%(upstream:remotename)%00%(upstream:remoteref) refs/heads/origin/main refs/remotes/origin/main [4ms]
2024-08-09 17:02:13.810 [info] > git check-ignore -v -z --stdin [6ms]
2024-08-09 17:31:01.157 [info] > git show --textconv :RTC/java.js [7ms]
2024-08-09 17:31:01.158 [info] > git ls-files --stage -- /home/sus/Web/RTC/java.js [1ms]
