2024-07-28 11:18:47.517 [info] Log level: Info
2024-07-28 11:18:47.517 [info] Validating found git in: "git"
2024-07-28 11:18:47.517 [info] Using git "2.45.2" from "git"
2024-07-28 11:18:47.517 [info] > git rev-parse --show-toplevel [7ms]
2024-07-28 11:18:47.517 [info] > git rev-parse --git-dir --git-common-dir [4ms]
2024-07-28 11:18:47.517 [info] Open repository: /home/sus/.config
2024-07-28 11:18:47.519 [info] > git config --get commit.template [38ms]
2024-07-28 11:18:47.554 [info] > git for-each-ref --format=%(refname)%00%(upstream:short)%00%(objectname)%00%(upstream:track)%00%(upstream:remotename)%00%(upstream:remoteref) refs/heads/master refs/remotes/master [12ms]
2024-07-28 11:18:47.832 [info] > git status -z -uall [262ms]
2024-07-28 11:18:49.274 [info] > git check-ignore -v -z --stdin [1114ms]
2024-07-28 11:18:49.277 [info] > git for-each-ref --format=%(refname)%00%(upstream:short)%00%(objectname)%00%(upstream:track)%00%(upstream:remotename)%00%(upstream:remoteref) refs/heads/master refs/remotes/master [1378ms]
2024-07-28 11:18:49.310 [info] > git config --local branch.master.vscode-merge-base [20ms]
2024-07-28 11:18:49.310 [warning] git config failed: Failed to execute git
2024-07-28 11:18:49.322 [info] > git config --get commit.template [48ms]
2024-07-28 11:18:49.335 [info] > git reflog master --grep-reflog=branch: Created from *. [14ms]
2024-07-28 11:18:49.348 [info] > git for-each-ref --format=%(refname)%00%(upstream:short)%00%(objectname)%00%(upstream:track)%00%(upstream:remotename)%00%(upstream:remoteref) refs/heads/master refs/remotes/master [14ms]
2024-07-28 11:18:49.361 [info] > git symbolic-ref --short refs/remotes/origin/HEAD [15ms]
2024-07-28 11:18:49.362 [info] fatal: ref refs/remotes/origin/HEAD is not a symbolic ref
2024-07-28 11:18:49.379 [info] > git merge-base refs/heads/master refs/remotes/origin/master [3ms]
2024-07-28 11:18:49.397 [info] > git rev-list --count --left-right refs/heads/master...refs/remotes/origin/master [3ms]
2024-07-28 11:18:49.414 [info] > git diff --name-status -z --diff-filter=ADMR 79566c7cb49d11ef57d3a625f67ba530889d63f7...refs/remotes/origin/master [3ms]
2024-07-28 11:18:49.546 [info] > git show --textconv :hypr/hyprland.conf [15ms]
2024-07-28 11:18:49.552 [info] > git ls-files --stage -- /home/sus/.config/hypr/hyprland.conf [9ms]
2024-07-28 11:18:49.566 [info] > git cat-file -s 3c94ef438df32be2996f054641359e6765f3432a [3ms]
2024-07-28 11:18:49.632 [info] > git status -z -uall [271ms]
2024-07-28 11:18:50.809 [info] > git for-each-ref --format=%(refname)%00%(upstream:short)%00%(objectname)%00%(upstream:track)%00%(upstream:remotename)%00%(upstream:remoteref) refs/heads/master refs/remotes/master [1139ms]
2024-07-28 11:18:50.825 [info] > git config --local branch.master.vscode-merge-base [6ms]
2024-07-28 11:18:50.826 [warning] git config failed: Failed to execute git
2024-07-28 11:18:50.837 [info] > git reflog master --grep-reflog=branch: Created from *. [2ms]
2024-07-28 11:18:50.849 [info] > git symbolic-ref --short refs/remotes/origin/HEAD [2ms]
2024-07-28 11:18:50.849 [info] fatal: ref refs/remotes/origin/HEAD is not a symbolic ref
