2024-06-17 12:54:50.104 [info] Log level: Info
2024-06-17 12:54:50.104 [info] Validating found git in: "git"
2024-06-17 12:54:50.104 [info] Using git "2.45.2" from "git"
2024-06-17 13:38:01.972 [info] > git rev-parse --show-toplevel [9ms]
2024-06-17 13:38:01.972 [info] fatal: not a git repository (or any of the parent directories): .git
2024-06-17 13:43:55.715 [info] > git rev-parse --show-toplevel [1ms]
2024-06-17 13:43:55.715 [info] fatal: not a git repository (or any of the parent directories): .git
2024-06-17 13:56:42.007 [info] > git rev-parse --show-toplevel [2ms]
2024-06-17 13:56:42.007 [info] fatal: not a git repository (or any of the parent directories): .git
2024-06-17 13:56:43.585 [info] > git rev-parse --show-toplevel [2ms]
2024-06-17 13:56:43.585 [info] fatal: not a git repository (or any of the parent directories): .git
2024-06-17 13:58:46.347 [info] Log level: Info
2024-06-17 13:58:46.347 [info] Validating found git in: "git"
2024-06-17 13:58:46.347 [info] Using git "2.45.2" from "git"
2024-06-17 13:58:46.347 [info] > git rev-parse --show-toplevel [12ms]
2024-06-17 13:58:46.352 [info] > git rev-parse --git-dir --git-common-dir [1ms]
2024-06-17 13:58:46.360 [info] Open repository: /home/sus/Web
2024-06-17 13:58:46.376 [info] > git config --get commit.template [7ms]
2024-06-17 13:58:46.379 [info] > git rev-parse --show-toplevel [5ms]
2024-06-17 13:58:46.393 [info] > git rev-parse --show-toplevel [4ms]
2024-06-17 13:58:46.401 [info] > git for-each-ref --format=%(refname)%00%(upstream:short)%00%(objectname)%00%(upstream:track)%00%(upstream:remotename)%00%(upstream:remoteref) refs/heads/main refs/remotes/main [17ms]
2024-06-17 13:58:46.405 [warning] ENOENT: no such file or directory, open '/home/sus/Web/.git/refs/remotes/origin/main'
2024-06-17 13:58:46.406 [info] > git rev-parse --show-toplevel [6ms]
2024-06-17 13:58:46.411 [info] > git rev-parse refs/remotes/origin/main [6ms]
2024-06-17 13:58:46.416 [info] > git rev-parse --show-toplevel [5ms]
2024-06-17 13:58:46.417 [info] > git status -z -uall [2ms]
2024-06-17 13:58:46.429 [info] > git merge-base refs/heads/main refs/remotes/origin/main [8ms]
2024-06-17 13:58:46.434 [info] > git config --get commit.template [6ms]
2024-06-17 13:58:46.434 [info] > git rev-list --count --left-right refs/heads/main...refs/remotes/origin/main [1ms]
2024-06-17 13:58:46.473 [info] > git diff --name-status -z --diff-filter=ADMR c77b573776bf235f6df0e94ba2c437366e394b35...refs/remotes/origin/main [35ms]
2024-06-17 13:58:46.476 [info] > git for-each-ref --format=%(refname)%00%(upstream:short)%00%(objectname)%00%(upstream:track)%00%(upstream:remotename)%00%(upstream:remoteref) refs/heads/main refs/remotes/main [5ms]
2024-06-17 13:58:46.481 [warning] ENOENT: no such file or directory, open '/home/sus/Web/.git/refs/remotes/origin/main'
2024-06-17 13:58:46.483 [info] > git rev-parse refs/remotes/origin/main [1ms]
2024-06-17 13:58:46.489 [info] > git status -z -uall [2ms]
2024-06-17 13:58:46.889 [info] > git check-ignore -v -z --stdin [3ms]
2024-06-17 13:59:01.334 [info] > git check-ignore -v -z --stdin [2ms]
2024-06-17 13:59:01.911 [info] > git config --get commit.template [6ms]
2024-06-17 13:59:01.912 [info] > git for-each-ref --format=%(refname)%00%(upstream:short)%00%(objectname)%00%(upstream:track)%00%(upstream:remotename)%00%(upstream:remoteref) refs/heads/main refs/remotes/main [2ms]
2024-06-17 13:59:01.916 [warning] ENOENT: no such file or directory, open '/home/sus/Web/.git/refs/remotes/origin/main'
2024-06-17 13:59:01.917 [info] > git rev-parse refs/remotes/origin/main [1ms]
2024-06-17 13:59:01.922 [info] > git status -z -uall [2ms]
2024-06-17 14:01:20.351 [info] > git config --get commit.template [6ms]
2024-06-17 14:01:20.352 [info] > git for-each-ref --format=%(refname)%00%(upstream:short)%00%(objectname)%00%(upstream:track)%00%(upstream:remotename)%00%(upstream:remoteref) refs/heads/main refs/remotes/main [2ms]
2024-06-17 14:01:20.355 [warning] ENOENT: no such file or directory, open '/home/sus/Web/.git/refs/remotes/origin/main'
2024-06-17 14:01:20.356 [info] > git rev-parse refs/remotes/origin/main [1ms]
2024-06-17 14:01:20.361 [info] > git status -z -uall [2ms]
2024-06-17 14:50:55.860 [info] > git check-ignore -v -z --stdin [2ms]
2024-06-17 14:50:56.930 [info] > git show --textconv :git/index.html [5ms]
2024-06-17 14:50:56.930 [info] > git ls-files --stage -- /home/sus/Web/git/index.html [1ms]
2024-06-17 14:50:56.936 [info] > git cat-file -s b3f399773b14b905653f5f50072810ccc93e2361 [1ms]
2024-06-17 14:51:07.103 [info] > git show --textconv :git/style.css [6ms]
2024-06-17 14:51:07.104 [info] > git ls-files --stage -- /home/sus/Web/git/style.css [2ms]
2024-06-17 14:51:07.109 [info] > git cat-file -s 8acfe0bdee76b0afc672fcb2316c61cbf5d82ae5 [1ms]
2024-06-17 14:51:10.015 [info] > git show --textconv :git/index.html [5ms]
2024-06-17 14:51:10.015 [info] > git ls-files --stage -- /home/sus/Web/git/index.html [1ms]
2024-06-17 14:51:10.020 [info] > git cat-file -s b3f399773b14b905653f5f50072810ccc93e2361 [1ms]
