2024-08-26 19:45:48.045 [info] Extension host with pid 105656 started
2024-08-26 19:45:48.045 [info] Skipping acquiring lock for /home/sus/.config/Code - OSS/User/workspaceStorage/233641b97e4c00b8a153a7ac7bc8f553.
2024-08-26 19:45:48.170 [info] ExtensionService#_doActivateExtension vscode.emmet, startup: false, activationEvent: 'onLanguage'
2024-08-26 19:45:48.189 [info] ExtensionService#_doActivateExtension vscode.typescript-language-features, startup: false, activationEvent: 'onLanguage:javascript'
2024-08-26 19:45:48.240 [info] ExtensionService#_doActivateExtension anilkumarum.live-preview-server, startup: false, activationEvent: 'onLanguage:javascript'
2024-08-26 19:45:48.249 [info] ExtensionService#_doActivateExtension vscode.html-language-features, startup: false, activationEvent: 'onLanguage:html'
2024-08-26 19:45:48.497 [info] Extension host with pid 105703 started
2024-08-26 19:45:48.497 [info] Skipping acquiring lock for /home/sus/.config/Code - OSS/User/workspaceStorage/233641b97e4c00b8a153a7ac7bc8f553.
2024-08-26 19:45:48.501 [info] Eager extensions activated
2024-08-26 19:45:48.506 [info] ExtensionService#_doActivateExtension asvetliakov.vscode-neovim, startup: false, activationEvent: 'onStartupFinished'
2024-08-26 19:45:48.863 [info] ExtensionService#_doActivateExtension vscode.git-base, startup: true, activationEvent: '*', root cause: vscode.git
2024-08-26 19:45:48.869 [info] ExtensionService#_doActivateExtension vscode.git, startup: true, activationEvent: '*'
2024-08-26 19:45:48.953 [info] ExtensionService#_doActivateExtension vscode.github, startup: true, activationEvent: '*'
2024-08-26 19:45:49.018 [info] Eager extensions activated
2024-08-26 19:45:49.044 [info] ExtensionService#_doActivateExtension vscode.debug-auto-launch, startup: false, activationEvent: 'onStartupFinished'
2024-08-26 19:45:49.046 [info] ExtensionService#_doActivateExtension vscode.merge-conflict, startup: false, activationEvent: 'onStartupFinished'
2024-08-26 19:45:49.065 [info] ExtensionService#_doActivateExtension ritwickdey.LiveServer, startup: false, activationEvent: 'onStartupFinished'
2024-08-26 19:45:49.188 [info] ExtensionService#_doActivateExtension vscode.github-authentication, startup: false, activationEvent: 'onAuthenticationRequest:github'
2024-08-26 19:46:08.052 [error] Error: [ExtensionListenerError] Extension 'asvetliakov.vscode-neovim' FAILED to handle event: TypeError: Cannot read properties of undefined (reading 'command')
	at i.value (/usr/lib/code/out/vs/workbench/api/node/extensionHostProcess.js:164:21030)
	at n.B (/usr/lib/code/out/vs/workbench/api/node/extensionHostProcess.js:83:737)
	at n.fire (/usr/lib/code/out/vs/workbench/api/node/extensionHostProcess.js:83:954)
	at I.onDidChangeWindowProperty (/usr/lib/code/out/vs/workbench/api/node/extensionHostProcess.js:146:21118)
	at I.$onDidChangeWindowFocus (/usr/lib/code/out/vs/workbench/api/node/extensionHostProcess.js:146:20929)
	at E.S (/usr/lib/code/out/vs/workbench/api/node/extensionHostProcess.js:151:5980)
	at E.Q (/usr/lib/code/out/vs/workbench/api/node/extensionHostProcess.js:151:5746)
	at E.M (/usr/lib/code/out/vs/workbench/api/node/extensionHostProcess.js:151:4778)
	at E.L (/usr/lib/code/out/vs/workbench/api/node/extensionHostProcess.js:151:3605)
	at i.value (/usr/lib/code/out/vs/workbench/api/node/extensionHostProcess.js:151:2297)
	at n.B (/usr/lib/code/out/vs/workbench/api/node/extensionHostProcess.js:83:737)
	at n.fire (/usr/lib/code/out/vs/workbench/api/node/extensionHostProcess.js:83:954)
	at s.fire (/usr/lib/code/out/vs/workbench/api/node/extensionHostProcess.js:97:14453)
	at i.value (/usr/lib/code/out/vs/workbench/api/node/extensionHostProcess.js:177:8655)
	at n.B (/usr/lib/code/out/vs/workbench/api/node/extensionHostProcess.js:83:737)
	at n.fire (/usr/lib/code/out/vs/workbench/api/node/extensionHostProcess.js:83:954)
	at s.fire (/usr/lib/code/out/vs/workbench/api/node/extensionHostProcess.js:97:14453)
	at MessagePortMain.<anonymous> (/usr/lib/code/out/vs/workbench/api/node/extensionHostProcess.js:177:6781)
	at MessagePortMain.emit (node:events:519:28)
	at MessagePortMain._internalPort.emit (node:electron/js2c/utility_init:2:2619)
2024-08-26 19:46:40.869 [error] Error: [ExtensionListenerError] Extension 'asvetliakov.vscode-neovim' FAILED to handle event: TypeError: Cannot read properties of undefined (reading 'command')
	at i.value (/usr/lib/code/out/vs/workbench/api/node/extensionHostProcess.js:164:21030)
	at n.B (/usr/lib/code/out/vs/workbench/api/node/extensionHostProcess.js:83:737)
	at n.fire (/usr/lib/code/out/vs/workbench/api/node/extensionHostProcess.js:83:954)
	at I.onDidChangeWindowProperty (/usr/lib/code/out/vs/workbench/api/node/extensionHostProcess.js:146:21118)
	at I.$onDidChangeWindowFocus (/usr/lib/code/out/vs/workbench/api/node/extensionHostProcess.js:146:20929)
	at E.S (/usr/lib/code/out/vs/workbench/api/node/extensionHostProcess.js:151:5980)
	at E.Q (/usr/lib/code/out/vs/workbench/api/node/extensionHostProcess.js:151:5746)
	at E.M (/usr/lib/code/out/vs/workbench/api/node/extensionHostProcess.js:151:4778)
	at E.L (/usr/lib/code/out/vs/workbench/api/node/extensionHostProcess.js:151:3605)
	at i.value (/usr/lib/code/out/vs/workbench/api/node/extensionHostProcess.js:151:2297)
	at n.B (/usr/lib/code/out/vs/workbench/api/node/extensionHostProcess.js:83:737)
	at n.fire (/usr/lib/code/out/vs/workbench/api/node/extensionHostProcess.js:83:954)
	at s.fire (/usr/lib/code/out/vs/workbench/api/node/extensionHostProcess.js:97:14453)
	at i.value (/usr/lib/code/out/vs/workbench/api/node/extensionHostProcess.js:177:8655)
	at n.B (/usr/lib/code/out/vs/workbench/api/node/extensionHostProcess.js:83:737)
	at n.fire (/usr/lib/code/out/vs/workbench/api/node/extensionHostProcess.js:83:954)
	at s.fire (/usr/lib/code/out/vs/workbench/api/node/extensionHostProcess.js:97:14453)
	at MessagePortMain.<anonymous> (/usr/lib/code/out/vs/workbench/api/node/extensionHostProcess.js:177:6781)
	at MessagePortMain.emit (node:events:519:28)
	at MessagePortMain._internalPort.emit (node:electron/js2c/utility_init:2:2619)
2024-08-26 19:47:16.809 [error] Error: [ExtensionListenerError] Extension 'asvetliakov.vscode-neovim' FAILED to handle event: TypeError: Cannot read properties of undefined (reading 'command')
	at i.value (/usr/lib/code/out/vs/workbench/api/node/extensionHostProcess.js:164:21030)
	at n.B (/usr/lib/code/out/vs/workbench/api/node/extensionHostProcess.js:83:737)
	at n.fire (/usr/lib/code/out/vs/workbench/api/node/extensionHostProcess.js:83:954)
	at I.onDidChangeWindowProperty (/usr/lib/code/out/vs/workbench/api/node/extensionHostProcess.js:146:21118)
	at I.$onDidChangeWindowFocus (/usr/lib/code/out/vs/workbench/api/node/extensionHostProcess.js:146:20929)
	at E.S (/usr/lib/code/out/vs/workbench/api/node/extensionHostProcess.js:151:5980)
	at E.Q (/usr/lib/code/out/vs/workbench/api/node/extensionHostProcess.js:151:5746)
	at E.M (/usr/lib/code/out/vs/workbench/api/node/extensionHostProcess.js:151:4778)
	at E.L (/usr/lib/code/out/vs/workbench/api/node/extensionHostProcess.js:151:3605)
	at i.value (/usr/lib/code/out/vs/workbench/api/node/extensionHostProcess.js:151:2297)
	at n.B (/usr/lib/code/out/vs/workbench/api/node/extensionHostProcess.js:83:737)
	at n.fire (/usr/lib/code/out/vs/workbench/api/node/extensionHostProcess.js:83:954)
	at s.fire (/usr/lib/code/out/vs/workbench/api/node/extensionHostProcess.js:97:14453)
	at i.value (/usr/lib/code/out/vs/workbench/api/node/extensionHostProcess.js:177:8655)
	at n.B (/usr/lib/code/out/vs/workbench/api/node/extensionHostProcess.js:83:737)
	at n.fire (/usr/lib/code/out/vs/workbench/api/node/extensionHostProcess.js:83:954)
	at s.fire (/usr/lib/code/out/vs/workbench/api/node/extensionHostProcess.js:97:14453)
	at MessagePortMain.<anonymous> (/usr/lib/code/out/vs/workbench/api/node/extensionHostProcess.js:177:6781)
	at MessagePortMain.emit (node:events:519:28)
	at MessagePortMain._internalPort.emit (node:electron/js2c/utility_init:2:2619)
2024-08-26 19:47:58.310 [error] Error: [ExtensionListenerError] Extension 'asvetliakov.vscode-neovim' FAILED to handle event: TypeError: Cannot read properties of undefined (reading 'command')
	at i.value (/usr/lib/code/out/vs/workbench/api/node/extensionHostProcess.js:164:21030)
	at n.B (/usr/lib/code/out/vs/workbench/api/node/extensionHostProcess.js:83:737)
	at n.fire (/usr/lib/code/out/vs/workbench/api/node/extensionHostProcess.js:83:954)
	at I.onDidChangeWindowProperty (/usr/lib/code/out/vs/workbench/api/node/extensionHostProcess.js:146:21118)
	at I.$onDidChangeWindowActive (/usr/lib/code/out/vs/workbench/api/node/extensionHostProcess.js:146:21001)
	at E.S (/usr/lib/code/out/vs/workbench/api/node/extensionHostProcess.js:151:5980)
	at E.Q (/usr/lib/code/out/vs/workbench/api/node/extensionHostProcess.js:151:5746)
	at E.M (/usr/lib/code/out/vs/workbench/api/node/extensionHostProcess.js:151:4778)
	at E.L (/usr/lib/code/out/vs/workbench/api/node/extensionHostProcess.js:151:3605)
	at i.value (/usr/lib/code/out/vs/workbench/api/node/extensionHostProcess.js:151:2297)
	at n.B (/usr/lib/code/out/vs/workbench/api/node/extensionHostProcess.js:83:737)
	at n.fire (/usr/lib/code/out/vs/workbench/api/node/extensionHostProcess.js:83:954)
	at s.fire (/usr/lib/code/out/vs/workbench/api/node/extensionHostProcess.js:97:14453)
	at i.value (/usr/lib/code/out/vs/workbench/api/node/extensionHostProcess.js:177:8655)
	at n.B (/usr/lib/code/out/vs/workbench/api/node/extensionHostProcess.js:83:737)
	at n.fire (/usr/lib/code/out/vs/workbench/api/node/extensionHostProcess.js:83:954)
	at s.fire (/usr/lib/code/out/vs/workbench/api/node/extensionHostProcess.js:97:14453)
	at MessagePortMain.<anonymous> (/usr/lib/code/out/vs/workbench/api/node/extensionHostProcess.js:177:6781)
	at MessagePortMain.emit (node:events:519:28)
	at MessagePortMain._internalPort.emit (node:electron/js2c/utility_init:2:2619)
2024-08-26 19:50:56.147 [error] Error: [ExtensionListenerError] Extension 'asvetliakov.vscode-neovim' FAILED to handle event: TypeError: Cannot read properties of undefined (reading 'command')
	at i.value (/usr/lib/code/out/vs/workbench/api/node/extensionHostProcess.js:164:21030)
	at n.B (/usr/lib/code/out/vs/workbench/api/node/extensionHostProcess.js:83:737)
	at n.fire (/usr/lib/code/out/vs/workbench/api/node/extensionHostProcess.js:83:954)
	at I.onDidChangeWindowProperty (/usr/lib/code/out/vs/workbench/api/node/extensionHostProcess.js:146:21118)
	at I.$onDidChangeWindowActive (/usr/lib/code/out/vs/workbench/api/node/extensionHostProcess.js:146:21001)
	at E.S (/usr/lib/code/out/vs/workbench/api/node/extensionHostProcess.js:151:5980)
	at E.Q (/usr/lib/code/out/vs/workbench/api/node/extensionHostProcess.js:151:5746)
	at E.M (/usr/lib/code/out/vs/workbench/api/node/extensionHostProcess.js:151:4778)
	at E.L (/usr/lib/code/out/vs/workbench/api/node/extensionHostProcess.js:151:3605)
	at i.value (/usr/lib/code/out/vs/workbench/api/node/extensionHostProcess.js:151:2297)
	at n.B (/usr/lib/code/out/vs/workbench/api/node/extensionHostProcess.js:83:737)
	at n.fire (/usr/lib/code/out/vs/workbench/api/node/extensionHostProcess.js:83:954)
	at s.fire (/usr/lib/code/out/vs/workbench/api/node/extensionHostProcess.js:97:14453)
	at i.value (/usr/lib/code/out/vs/workbench/api/node/extensionHostProcess.js:177:8655)
	at n.B (/usr/lib/code/out/vs/workbench/api/node/extensionHostProcess.js:83:737)
	at n.fire (/usr/lib/code/out/vs/workbench/api/node/extensionHostProcess.js:83:954)
	at s.fire (/usr/lib/code/out/vs/workbench/api/node/extensionHostProcess.js:97:14453)
	at MessagePortMain.<anonymous> (/usr/lib/code/out/vs/workbench/api/node/extensionHostProcess.js:177:6781)
	at MessagePortMain.emit (node:events:519:28)
	at MessagePortMain._internalPort.emit (node:electron/js2c/utility_init:2:2619)
2024-08-26 19:50:56.147 [error] Error: [ExtensionListenerError] Extension 'asvetliakov.vscode-neovim' FAILED to handle event: TypeError: Cannot read properties of undefined (reading 'command')
	at i.value (/usr/lib/code/out/vs/workbench/api/node/extensionHostProcess.js:164:21030)
	at n.B (/usr/lib/code/out/vs/workbench/api/node/extensionHostProcess.js:83:737)
	at n.fire (/usr/lib/code/out/vs/workbench/api/node/extensionHostProcess.js:83:954)
	at I.onDidChangeWindowProperty (/usr/lib/code/out/vs/workbench/api/node/extensionHostProcess.js:146:21118)
	at I.$onDidChangeWindowFocus (/usr/lib/code/out/vs/workbench/api/node/extensionHostProcess.js:146:20929)
	at E.S (/usr/lib/code/out/vs/workbench/api/node/extensionHostProcess.js:151:5980)
	at E.Q (/usr/lib/code/out/vs/workbench/api/node/extensionHostProcess.js:151:5746)
	at E.M (/usr/lib/code/out/vs/workbench/api/node/extensionHostProcess.js:151:4778)
	at E.L (/usr/lib/code/out/vs/workbench/api/node/extensionHostProcess.js:151:3605)
	at i.value (/usr/lib/code/out/vs/workbench/api/node/extensionHostProcess.js:151:2297)
	at n.B (/usr/lib/code/out/vs/workbench/api/node/extensionHostProcess.js:83:737)
	at n.fire (/usr/lib/code/out/vs/workbench/api/node/extensionHostProcess.js:83:954)
	at s.fire (/usr/lib/code/out/vs/workbench/api/node/extensionHostProcess.js:97:14453)
	at i.value (/usr/lib/code/out/vs/workbench/api/node/extensionHostProcess.js:177:8655)
	at n.B (/usr/lib/code/out/vs/workbench/api/node/extensionHostProcess.js:83:737)
	at n.fire (/usr/lib/code/out/vs/workbench/api/node/extensionHostProcess.js:83:954)
	at s.fire (/usr/lib/code/out/vs/workbench/api/node/extensionHostProcess.js:97:14453)
	at MessagePortMain.<anonymous> (/usr/lib/code/out/vs/workbench/api/node/extensionHostProcess.js:177:6781)
	at MessagePortMain.emit (node:events:519:28)
	at MessagePortMain._internalPort.emit (node:electron/js2c/utility_init:2:2619)
2024-08-26 19:51:06.187 [error] Error: [ExtensionListenerError] Extension 'asvetliakov.vscode-neovim' FAILED to handle event: TypeError: Cannot read properties of undefined (reading 'command')
	at i.value (/usr/lib/code/out/vs/workbench/api/node/extensionHostProcess.js:164:21030)
	at n.B (/usr/lib/code/out/vs/workbench/api/node/extensionHostProcess.js:83:737)
	at n.fire (/usr/lib/code/out/vs/workbench/api/node/extensionHostProcess.js:83:954)
	at I.onDidChangeWindowProperty (/usr/lib/code/out/vs/workbench/api/node/extensionHostProcess.js:146:21118)
	at I.$onDidChangeWindowActive (/usr/lib/code/out/vs/workbench/api/node/extensionHostProcess.js:146:21001)
	at E.S (/usr/lib/code/out/vs/workbench/api/node/extensionHostProcess.js:151:5980)
	at E.Q (/usr/lib/code/out/vs/workbench/api/node/extensionHostProcess.js:151:5746)
	at E.M (/usr/lib/code/out/vs/workbench/api/node/extensionHostProcess.js:151:4778)
	at E.L (/usr/lib/code/out/vs/workbench/api/node/extensionHostProcess.js:151:3605)
	at i.value (/usr/lib/code/out/vs/workbench/api/node/extensionHostProcess.js:151:2297)
	at n.B (/usr/lib/code/out/vs/workbench/api/node/extensionHostProcess.js:83:737)
	at n.fire (/usr/lib/code/out/vs/workbench/api/node/extensionHostProcess.js:83:954)
	at s.fire (/usr/lib/code/out/vs/workbench/api/node/extensionHostProcess.js:97:14453)
	at i.value (/usr/lib/code/out/vs/workbench/api/node/extensionHostProcess.js:177:8655)
	at n.B (/usr/lib/code/out/vs/workbench/api/node/extensionHostProcess.js:83:737)
	at n.fire (/usr/lib/code/out/vs/workbench/api/node/extensionHostProcess.js:83:954)
	at s.fire (/usr/lib/code/out/vs/workbench/api/node/extensionHostProcess.js:97:14453)
	at MessagePortMain.<anonymous> (/usr/lib/code/out/vs/workbench/api/node/extensionHostProcess.js:177:6781)
	at MessagePortMain.emit (node:events:519:28)
	at MessagePortMain._internalPort.emit (node:electron/js2c/utility_init:2:2619)
2024-08-26 19:53:22.228 [error] Error: [ExtensionListenerError] Extension 'asvetliakov.vscode-neovim' FAILED to handle event: TypeError: Cannot read properties of undefined (reading 'command')
	at i.value (/usr/lib/code/out/vs/workbench/api/node/extensionHostProcess.js:164:21030)
	at n.B (/usr/lib/code/out/vs/workbench/api/node/extensionHostProcess.js:83:737)
	at n.fire (/usr/lib/code/out/vs/workbench/api/node/extensionHostProcess.js:83:954)
	at I.onDidChangeWindowProperty (/usr/lib/code/out/vs/workbench/api/node/extensionHostProcess.js:146:21118)
	at I.$onDidChangeWindowFocus (/usr/lib/code/out/vs/workbench/api/node/extensionHostProcess.js:146:20929)
	at E.S (/usr/lib/code/out/vs/workbench/api/node/extensionHostProcess.js:151:5980)
	at E.Q (/usr/lib/code/out/vs/workbench/api/node/extensionHostProcess.js:151:5746)
	at E.M (/usr/lib/code/out/vs/workbench/api/node/extensionHostProcess.js:151:4778)
	at E.L (/usr/lib/code/out/vs/workbench/api/node/extensionHostProcess.js:151:3605)
	at i.value (/usr/lib/code/out/vs/workbench/api/node/extensionHostProcess.js:151:2297)
	at n.B (/usr/lib/code/out/vs/workbench/api/node/extensionHostProcess.js:83:737)
	at n.fire (/usr/lib/code/out/vs/workbench/api/node/extensionHostProcess.js:83:954)
	at s.fire (/usr/lib/code/out/vs/workbench/api/node/extensionHostProcess.js:97:14453)
	at i.value (/usr/lib/code/out/vs/workbench/api/node/extensionHostProcess.js:177:8655)
	at n.B (/usr/lib/code/out/vs/workbench/api/node/extensionHostProcess.js:83:737)
	at n.fire (/usr/lib/code/out/vs/workbench/api/node/extensionHostProcess.js:83:954)
	at s.fire (/usr/lib/code/out/vs/workbench/api/node/extensionHostProcess.js:97:14453)
	at MessagePortMain.<anonymous> (/usr/lib/code/out/vs/workbench/api/node/extensionHostProcess.js:177:6781)
	at MessagePortMain.emit (node:events:519:28)
	at MessagePortMain._internalPort.emit (node:electron/js2c/utility_init:2:2619)
2024-08-26 19:55:44.028 [error] Error: [ExtensionListenerError] Extension 'asvetliakov.vscode-neovim' FAILED to handle event: TypeError: Cannot read properties of undefined (reading 'command')
	at i.value (/usr/lib/code/out/vs/workbench/api/node/extensionHostProcess.js:164:21030)
	at n.B (/usr/lib/code/out/vs/workbench/api/node/extensionHostProcess.js:83:737)
	at n.fire (/usr/lib/code/out/vs/workbench/api/node/extensionHostProcess.js:83:954)
	at I.onDidChangeWindowProperty (/usr/lib/code/out/vs/workbench/api/node/extensionHostProcess.js:146:21118)
	at I.$onDidChangeWindowActive (/usr/lib/code/out/vs/workbench/api/node/extensionHostProcess.js:146:21001)
	at E.S (/usr/lib/code/out/vs/workbench/api/node/extensionHostProcess.js:151:5980)
	at E.Q (/usr/lib/code/out/vs/workbench/api/node/extensionHostProcess.js:151:5746)
	at E.M (/usr/lib/code/out/vs/workbench/api/node/extensionHostProcess.js:151:4778)
	at E.L (/usr/lib/code/out/vs/workbench/api/node/extensionHostProcess.js:151:3605)
	at i.value (/usr/lib/code/out/vs/workbench/api/node/extensionHostProcess.js:151:2297)
	at n.B (/usr/lib/code/out/vs/workbench/api/node/extensionHostProcess.js:83:737)
	at n.fire (/usr/lib/code/out/vs/workbench/api/node/extensionHostProcess.js:83:954)
	at s.fire (/usr/lib/code/out/vs/workbench/api/node/extensionHostProcess.js:97:14453)
	at i.value (/usr/lib/code/out/vs/workbench/api/node/extensionHostProcess.js:177:8655)
	at n.B (/usr/lib/code/out/vs/workbench/api/node/extensionHostProcess.js:83:737)
	at n.fire (/usr/lib/code/out/vs/workbench/api/node/extensionHostProcess.js:83:954)
	at s.fire (/usr/lib/code/out/vs/workbench/api/node/extensionHostProcess.js:97:14453)
	at MessagePortMain.<anonymous> (/usr/lib/code/out/vs/workbench/api/node/extensionHostProcess.js:177:6781)
	at MessagePortMain.emit (node:events:519:28)
	at MessagePortMain._internalPort.emit (node:electron/js2c/utility_init:2:2619)
2024-08-26 19:55:44.029 [error] Error: [ExtensionListenerError] Extension 'asvetliakov.vscode-neovim' FAILED to handle event: TypeError: Cannot read properties of undefined (reading 'command')
	at i.value (/usr/lib/code/out/vs/workbench/api/node/extensionHostProcess.js:164:21030)
	at n.B (/usr/lib/code/out/vs/workbench/api/node/extensionHostProcess.js:83:737)
	at n.fire (/usr/lib/code/out/vs/workbench/api/node/extensionHostProcess.js:83:954)
	at I.onDidChangeWindowProperty (/usr/lib/code/out/vs/workbench/api/node/extensionHostProcess.js:146:21118)
	at I.$onDidChangeWindowFocus (/usr/lib/code/out/vs/workbench/api/node/extensionHostProcess.js:146:20929)
	at E.S (/usr/lib/code/out/vs/workbench/api/node/extensionHostProcess.js:151:5980)
	at E.Q (/usr/lib/code/out/vs/workbench/api/node/extensionHostProcess.js:151:5746)
	at E.M (/usr/lib/code/out/vs/workbench/api/node/extensionHostProcess.js:151:4778)
	at E.L (/usr/lib/code/out/vs/workbench/api/node/extensionHostProcess.js:151:3605)
	at i.value (/usr/lib/code/out/vs/workbench/api/node/extensionHostProcess.js:151:2297)
	at n.B (/usr/lib/code/out/vs/workbench/api/node/extensionHostProcess.js:83:737)
	at n.fire (/usr/lib/code/out/vs/workbench/api/node/extensionHostProcess.js:83:954)
	at s.fire (/usr/lib/code/out/vs/workbench/api/node/extensionHostProcess.js:97:14453)
	at i.value (/usr/lib/code/out/vs/workbench/api/node/extensionHostProcess.js:177:8655)
	at n.B (/usr/lib/code/out/vs/workbench/api/node/extensionHostProcess.js:83:737)
	at n.fire (/usr/lib/code/out/vs/workbench/api/node/extensionHostProcess.js:83:954)
	at s.fire (/usr/lib/code/out/vs/workbench/api/node/extensionHostProcess.js:97:14453)
	at MessagePortMain.<anonymous> (/usr/lib/code/out/vs/workbench/api/node/extensionHostProcess.js:177:6781)
	at MessagePortMain.emit (node:events:519:28)
	at MessagePortMain._internalPort.emit (node:electron/js2c/utility_init:2:2619)
2024-08-26 19:55:44.760 [info] Extension host terminating: renderer closed the MessagePort
2024-08-26 19:55:44.762 [info] Extension host terminating: renderer closed the MessagePort
2024-08-26 19:55:44.763 [info] Extension host with pid 105703 exiting with code 0
2024-08-26 19:55:44.772 [error] Canceled: Canceled
	at new C (/usr/lib/code/out/vs/workbench/api/node/extensionHostProcess.js:144:35204)
	at E.U (/usr/lib/code/out/vs/workbench/api/node/extensionHostProcess.js:151:6017)
	at B.<computed>.j.charCodeAt.R.CharCode.DollarSign.B.<computed> (/usr/lib/code/out/vs/workbench/api/node/extensionHostProcess.js:151:3107)
	at d.g (/usr/lib/code/out/vs/workbench/api/node/extensionHostProcess.js:154:205942)
	at d.executeCommand (/usr/lib/code/out/vs/workbench/api/node/extensionHostProcess.js:154:205380)
	at A.registerCommand.description (/usr/lib/code/out/vs/workbench/api/node/extensionHostProcess.js:154:204704)
	at d.h (/usr/lib/code/out/vs/workbench/api/node/extensionHostProcess.js:154:206481)
	at d.g (/usr/lib/code/out/vs/workbench/api/node/extensionHostProcess.js:154:205473)
	at d.executeCommand (/usr/lib/code/out/vs/workbench/api/node/extensionHostProcess.js:154:205380)
	at Object.executeCommand (/usr/lib/code/out/vs/workbench/api/node/extensionHostProcess.js:164:23060)
	at i.O [as value] (/usr/lib/code/extensions/git/dist/main.js:2:951642)
	at n.B (/usr/lib/code/out/vs/workbench/api/node/extensionHostProcess.js:83:737)
	at n.C (/usr/lib/code/out/vs/workbench/api/node/extensionHostProcess.js:83:807)
	at n.fire (/usr/lib/code/out/vs/workbench/api/node/extensionHostProcess.js:83:1023)
	at Object.p [as dispose] (/usr/lib/code/extensions/git/dist/main.js:2:972220)
	at /usr/lib/code/extensions/git/dist/main.js:2:978342
	at Array.forEach (<anonymous>)
	at f.dispose (/usr/lib/code/extensions/git/dist/main.js:2:978328)
	at a.<anonymous> (/usr/lib/code/out/vs/workbench/api/node/extensionHostProcess.js:152:4173)
	at a.dispose (/usr/lib/code/out/vs/workbench/api/node/extensionHostProcess.js:152:4270)
	at a.<anonymous> (/usr/lib/code/extensions/git/dist/main.js:2:953940)
	at a.dispose (/usr/lib/code/out/vs/workbench/api/node/extensionHostProcess.js:152:4270)
	at $ (/usr/lib/code/out/vs/workbench/api/node/extensionHostProcess.js:30:744)
	at /usr/lib/code/out/vs/workbench/api/node/extensionHostProcess.js:160:13379
	at /usr/lib/code/out/vs/workbench/api/node/extensionHostProcess.js:30:1112
	at Object.dispose (/usr/lib/code/out/vs/workbench/api/node/extensionHostProcess.js:11:11354)
	at m.eb (/usr/lib/code/out/vs/workbench/api/node/extensionHostProcess.js:160:10056)
	at /usr/lib/code/out/vs/workbench/api/node/extensionHostProcess.js:160:7927
	at Array.map (<anonymous>)
	at m.$ (/usr/lib/code/out/vs/workbench/api/node/extensionHostProcess.js:160:7914)
	at m.terminate (/usr/lib/code/out/vs/workbench/api/node/extensionHostProcess.js:160:8187)
	at $.terminate (/usr/lib/code/out/vs/workbench/api/node/extensionHostProcess.js:164:1513)
	at o (/usr/lib/code/out/vs/workbench/api/node/extensionHostProcess.js:177:10633)
	at MessagePortMain.<anonymous> (/usr/lib/code/out/vs/workbench/api/node/extensionHostProcess.js:177:6825)
	at MessagePortMain.emit (node:events:519:28)
	at MessagePortMain._internalPort.emit (node:electron/js2c/utility_init:2:2619) setContext undefined
2024-08-26 19:55:44.772 [error] Canceled: Canceled
	at new C (/usr/lib/code/out/vs/workbench/api/node/extensionHostProcess.js:144:35204)
	at E.U (/usr/lib/code/out/vs/workbench/api/node/extensionHostProcess.js:151:6017)
	at B.<computed>.j.charCodeAt.R.CharCode.DollarSign.B.<computed> (/usr/lib/code/out/vs/workbench/api/node/extensionHostProcess.js:151:3107)
	at d.g (/usr/lib/code/out/vs/workbench/api/node/extensionHostProcess.js:154:205942)
	at d.executeCommand (/usr/lib/code/out/vs/workbench/api/node/extensionHostProcess.js:154:205380)
	at A.registerCommand.description (/usr/lib/code/out/vs/workbench/api/node/extensionHostProcess.js:154:204704)
	at d.h (/usr/lib/code/out/vs/workbench/api/node/extensionHostProcess.js:154:206481)
	at d.g (/usr/lib/code/out/vs/workbench/api/node/extensionHostProcess.js:154:205473)
	at d.executeCommand (/usr/lib/code/out/vs/workbench/api/node/extensionHostProcess.js:154:205380)
	at Object.executeCommand (/usr/lib/code/out/vs/workbench/api/node/extensionHostProcess.js:164:23060)
	at set hasGitHubRepositories (/usr/lib/code/extensions/github/dist/extension.js:2:322969)
	at /usr/lib/code/extensions/github/dist/extension.js:2:323928
	at i.value (/usr/lib/code/extensions/git/dist/main.js:2:1060193)
	at n.B (/usr/lib/code/out/vs/workbench/api/node/extensionHostProcess.js:83:737)
	at n.C (/usr/lib/code/out/vs/workbench/api/node/extensionHostProcess.js:83:807)
	at n.fire (/usr/lib/code/out/vs/workbench/api/node/extensionHostProcess.js:83:1023)
	at Object.p [as dispose] (/usr/lib/code/extensions/git/dist/main.js:2:972220)
	at /usr/lib/code/extensions/git/dist/main.js:2:978342
	at Array.forEach (<anonymous>)
	at f.dispose (/usr/lib/code/extensions/git/dist/main.js:2:978328)
	at a.<anonymous> (/usr/lib/code/out/vs/workbench/api/node/extensionHostProcess.js:152:4173)
	at a.dispose (/usr/lib/code/out/vs/workbench/api/node/extensionHostProcess.js:152:4270)
	at a.<anonymous> (/usr/lib/code/extensions/git/dist/main.js:2:953940)
	at a.dispose (/usr/lib/code/out/vs/workbench/api/node/extensionHostProcess.js:152:4270)
	at $ (/usr/lib/code/out/vs/workbench/api/node/extensionHostProcess.js:30:744)
	at /usr/lib/code/out/vs/workbench/api/node/extensionHostProcess.js:160:13379
	at /usr/lib/code/out/vs/workbench/api/node/extensionHostProcess.js:30:1112
	at Object.dispose (/usr/lib/code/out/vs/workbench/api/node/extensionHostProcess.js:11:11354)
	at m.eb (/usr/lib/code/out/vs/workbench/api/node/extensionHostProcess.js:160:10056)
	at /usr/lib/code/out/vs/workbench/api/node/extensionHostProcess.js:160:7927
	at Array.map (<anonymous>)
	at m.$ (/usr/lib/code/out/vs/workbench/api/node/extensionHostProcess.js:160:7914)
	at m.terminate (/usr/lib/code/out/vs/workbench/api/node/extensionHostProcess.js:160:8187)
	at $.terminate (/usr/lib/code/out/vs/workbench/api/node/extensionHostProcess.js:164:1513)
	at o (/usr/lib/code/out/vs/workbench/api/node/extensionHostProcess.js:177:10633)
	at MessagePortMain.<anonymous> (/usr/lib/code/out/vs/workbench/api/node/extensionHostProcess.js:177:6825)
	at MessagePortMain.emit (node:events:519:28)
	at MessagePortMain._internalPort.emit (node:electron/js2c/utility_init:2:2619) setContext undefined
2024-08-26 19:55:44.773 [info] Extension host with pid 105656 exiting with code 0
