2024-08-26 19:45:47.677 [info] Started local extension host with pid 105656.
2024-08-26 19:45:48.000 [info] Ignoring configured affinity for 'asvetliakov.vscode-neovim' because extension host(s) are already running. Reload window.
2024-08-26 19:45:48.012 [info] Placing extension(s) asvetliakov.vscode-neovim on a separate extension host.
2024-08-26 19:45:48.181 [info] Started local extension host with pid 105703.
2024-08-26 19:45:50.909 [info] [perf] Render performance baseline is 26ms
2024-08-26 19:46:08.053 [error] [ExtensionListenerError] Extension 'asvetliakov.vscode-neovim' FAILED to handle event: TypeError: Cannot read properties of undefined (reading 'command'): Error: [ExtensionListenerError] Extension 'asvetliakov.vscode-neovim' FAILED to handle event: TypeError: Cannot read properties of undefined (reading 'command')
	at i.value (/usr/lib/code/out/vs/workbench/api/node/extensionHostProcess.js:164:21030)
	at n.B (/usr/lib/code/out/vs/workbench/api/node/extensionHostProcess.js:83:737)
	at n.fire (/usr/lib/code/out/vs/workbench/api/node/extensionHostProcess.js:83:954)
	at I.onDidChangeWindowProperty (/usr/lib/code/out/vs/workbench/api/node/extensionHostProcess.js:146:21118)
	at I.$onDidChangeWindowFocus (/usr/lib/code/out/vs/workbench/api/node/extensionHostProcess.js:146:20929)
	at E.S (/usr/lib/code/out/vs/workbench/api/node/extensionHostProcess.js:151:5980)
	at E.Q (/usr/lib/code/out/vs/workbench/api/node/extensionHostProcess.js:151:5746)
	at E.M (/usr/lib/code/out/vs/workbench/api/node/extensionHostProcess.js:151:4778)
	at E.L (/usr/lib/code/out/vs/workbench/api/node/extensionHostProcess.js:151:3605)
	at i.value (/usr/lib/code/out/vs/workbench/api/node/extensionHostProcess.js:151:2297)
	at n.B (/usr/lib/code/out/vs/workbench/api/node/extensionHostProcess.js:83:737)
	at n.fire (/usr/lib/code/out/vs/workbench/api/node/extensionHostProcess.js:83:954)
	at s.fire (/usr/lib/code/out/vs/workbench/api/node/extensionHostProcess.js:97:14453)
	at i.value (/usr/lib/code/out/vs/workbench/api/node/extensionHostProcess.js:177:8655)
	at n.B (/usr/lib/code/out/vs/workbench/api/node/extensionHostProcess.js:83:737)
	at n.fire (/usr/lib/code/out/vs/workbench/api/node/extensionHostProcess.js:83:954)
	at s.fire (/usr/lib/code/out/vs/workbench/api/node/extensionHostProcess.js:97:14453)
	at MessagePortMain.<anonymous> (/usr/lib/code/out/vs/workbench/api/node/extensionHostProcess.js:177:6781)
	at MessagePortMain.emit (node:events:519:28)
	at MessagePortMain._internalPort.emit (node:electron/js2c/utility_init:2:2619)
2024-08-26 19:46:40.871 [error] [ExtensionListenerError] Extension 'asvetliakov.vscode-neovim' FAILED to handle event: TypeError: Cannot read properties of undefined (reading 'command'): Error: [ExtensionListenerError] Extension 'asvetliakov.vscode-neovim' FAILED to handle event: TypeError: Cannot read properties of undefined (reading 'command')
	at i.value (/usr/lib/code/out/vs/workbench/api/node/extensionHostProcess.js:164:21030)
	at n.B (/usr/lib/code/out/vs/workbench/api/node/extensionHostProcess.js:83:737)
	at n.fire (/usr/lib/code/out/vs/workbench/api/node/extensionHostProcess.js:83:954)
	at I.onDidChangeWindowProperty (/usr/lib/code/out/vs/workbench/api/node/extensionHostProcess.js:146:21118)
	at I.$onDidChangeWindowFocus (/usr/lib/code/out/vs/workbench/api/node/extensionHostProcess.js:146:20929)
	at E.S (/usr/lib/code/out/vs/workbench/api/node/extensionHostProcess.js:151:5980)
	at E.Q (/usr/lib/code/out/vs/workbench/api/node/extensionHostProcess.js:151:5746)
	at E.M (/usr/lib/code/out/vs/workbench/api/node/extensionHostProcess.js:151:4778)
	at E.L (/usr/lib/code/out/vs/workbench/api/node/extensionHostProcess.js:151:3605)
	at i.value (/usr/lib/code/out/vs/workbench/api/node/extensionHostProcess.js:151:2297)
	at n.B (/usr/lib/code/out/vs/workbench/api/node/extensionHostProcess.js:83:737)
	at n.fire (/usr/lib/code/out/vs/workbench/api/node/extensionHostProcess.js:83:954)
	at s.fire (/usr/lib/code/out/vs/workbench/api/node/extensionHostProcess.js:97:14453)
	at i.value (/usr/lib/code/out/vs/workbench/api/node/extensionHostProcess.js:177:8655)
	at n.B (/usr/lib/code/out/vs/workbench/api/node/extensionHostProcess.js:83:737)
	at n.fire (/usr/lib/code/out/vs/workbench/api/node/extensionHostProcess.js:83:954)
	at s.fire (/usr/lib/code/out/vs/workbench/api/node/extensionHostProcess.js:97:14453)
	at MessagePortMain.<anonymous> (/usr/lib/code/out/vs/workbench/api/node/extensionHostProcess.js:177:6781)
	at MessagePortMain.emit (node:events:519:28)
	at MessagePortMain._internalPort.emit (node:electron/js2c/utility_init:2:2619)
2024-08-26 19:47:16.810 [error] [ExtensionListenerError] Extension 'asvetliakov.vscode-neovim' FAILED to handle event: TypeError: Cannot read properties of undefined (reading 'command'): Error: [ExtensionListenerError] Extension 'asvetliakov.vscode-neovim' FAILED to handle event: TypeError: Cannot read properties of undefined (reading 'command')
	at i.value (/usr/lib/code/out/vs/workbench/api/node/extensionHostProcess.js:164:21030)
	at n.B (/usr/lib/code/out/vs/workbench/api/node/extensionHostProcess.js:83:737)
	at n.fire (/usr/lib/code/out/vs/workbench/api/node/extensionHostProcess.js:83:954)
	at I.onDidChangeWindowProperty (/usr/lib/code/out/vs/workbench/api/node/extensionHostProcess.js:146:21118)
	at I.$onDidChangeWindowFocus (/usr/lib/code/out/vs/workbench/api/node/extensionHostProcess.js:146:20929)
	at E.S (/usr/lib/code/out/vs/workbench/api/node/extensionHostProcess.js:151:5980)
	at E.Q (/usr/lib/code/out/vs/workbench/api/node/extensionHostProcess.js:151:5746)
	at E.M (/usr/lib/code/out/vs/workbench/api/node/extensionHostProcess.js:151:4778)
	at E.L (/usr/lib/code/out/vs/workbench/api/node/extensionHostProcess.js:151:3605)
	at i.value (/usr/lib/code/out/vs/workbench/api/node/extensionHostProcess.js:151:2297)
	at n.B (/usr/lib/code/out/vs/workbench/api/node/extensionHostProcess.js:83:737)
	at n.fire (/usr/lib/code/out/vs/workbench/api/node/extensionHostProcess.js:83:954)
	at s.fire (/usr/lib/code/out/vs/workbench/api/node/extensionHostProcess.js:97:14453)
	at i.value (/usr/lib/code/out/vs/workbench/api/node/extensionHostProcess.js:177:8655)
	at n.B (/usr/lib/code/out/vs/workbench/api/node/extensionHostProcess.js:83:737)
	at n.fire (/usr/lib/code/out/vs/workbench/api/node/extensionHostProcess.js:83:954)
	at s.fire (/usr/lib/code/out/vs/workbench/api/node/extensionHostProcess.js:97:14453)
	at MessagePortMain.<anonymous> (/usr/lib/code/out/vs/workbench/api/node/extensionHostProcess.js:177:6781)
	at MessagePortMain.emit (node:events:519:28)
	at MessagePortMain._internalPort.emit (node:electron/js2c/utility_init:2:2619)
2024-08-26 19:47:58.311 [error] [ExtensionListenerError] Extension 'asvetliakov.vscode-neovim' FAILED to handle event: TypeError: Cannot read properties of undefined (reading 'command'): Error: [ExtensionListenerError] Extension 'asvetliakov.vscode-neovim' FAILED to handle event: TypeError: Cannot read properties of undefined (reading 'command')
	at i.value (/usr/lib/code/out/vs/workbench/api/node/extensionHostProcess.js:164:21030)
	at n.B (/usr/lib/code/out/vs/workbench/api/node/extensionHostProcess.js:83:737)
	at n.fire (/usr/lib/code/out/vs/workbench/api/node/extensionHostProcess.js:83:954)
	at I.onDidChangeWindowProperty (/usr/lib/code/out/vs/workbench/api/node/extensionHostProcess.js:146:21118)
	at I.$onDidChangeWindowActive (/usr/lib/code/out/vs/workbench/api/node/extensionHostProcess.js:146:21001)
	at E.S (/usr/lib/code/out/vs/workbench/api/node/extensionHostProcess.js:151:5980)
	at E.Q (/usr/lib/code/out/vs/workbench/api/node/extensionHostProcess.js:151:5746)
	at E.M (/usr/lib/code/out/vs/workbench/api/node/extensionHostProcess.js:151:4778)
	at E.L (/usr/lib/code/out/vs/workbench/api/node/extensionHostProcess.js:151:3605)
	at i.value (/usr/lib/code/out/vs/workbench/api/node/extensionHostProcess.js:151:2297)
	at n.B (/usr/lib/code/out/vs/workbench/api/node/extensionHostProcess.js:83:737)
	at n.fire (/usr/lib/code/out/vs/workbench/api/node/extensionHostProcess.js:83:954)
	at s.fire (/usr/lib/code/out/vs/workbench/api/node/extensionHostProcess.js:97:14453)
	at i.value (/usr/lib/code/out/vs/workbench/api/node/extensionHostProcess.js:177:8655)
	at n.B (/usr/lib/code/out/vs/workbench/api/node/extensionHostProcess.js:83:737)
	at n.fire (/usr/lib/code/out/vs/workbench/api/node/extensionHostProcess.js:83:954)
	at s.fire (/usr/lib/code/out/vs/workbench/api/node/extensionHostProcess.js:97:14453)
	at MessagePortMain.<anonymous> (/usr/lib/code/out/vs/workbench/api/node/extensionHostProcess.js:177:6781)
	at MessagePortMain.emit (node:events:519:28)
	at MessagePortMain._internalPort.emit (node:electron/js2c/utility_init:2:2619)
2024-08-26 19:50:56.148 [error] [ExtensionListenerError] Extension 'asvetliakov.vscode-neovim' FAILED to handle event: TypeError: Cannot read properties of undefined (reading 'command'): Error: [ExtensionListenerError] Extension 'asvetliakov.vscode-neovim' FAILED to handle event: TypeError: Cannot read properties of undefined (reading 'command')
	at i.value (/usr/lib/code/out/vs/workbench/api/node/extensionHostProcess.js:164:21030)
	at n.B (/usr/lib/code/out/vs/workbench/api/node/extensionHostProcess.js:83:737)
	at n.fire (/usr/lib/code/out/vs/workbench/api/node/extensionHostProcess.js:83:954)
	at I.onDidChangeWindowProperty (/usr/lib/code/out/vs/workbench/api/node/extensionHostProcess.js:146:21118)
	at I.$onDidChangeWindowActive (/usr/lib/code/out/vs/workbench/api/node/extensionHostProcess.js:146:21001)
	at E.S (/usr/lib/code/out/vs/workbench/api/node/extensionHostProcess.js:151:5980)
	at E.Q (/usr/lib/code/out/vs/workbench/api/node/extensionHostProcess.js:151:5746)
	at E.M (/usr/lib/code/out/vs/workbench/api/node/extensionHostProcess.js:151:4778)
	at E.L (/usr/lib/code/out/vs/workbench/api/node/extensionHostProcess.js:151:3605)
	at i.value (/usr/lib/code/out/vs/workbench/api/node/extensionHostProcess.js:151:2297)
	at n.B (/usr/lib/code/out/vs/workbench/api/node/extensionHostProcess.js:83:737)
	at n.fire (/usr/lib/code/out/vs/workbench/api/node/extensionHostProcess.js:83:954)
	at s.fire (/usr/lib/code/out/vs/workbench/api/node/extensionHostProcess.js:97:14453)
	at i.value (/usr/lib/code/out/vs/workbench/api/node/extensionHostProcess.js:177:8655)
	at n.B (/usr/lib/code/out/vs/workbench/api/node/extensionHostProcess.js:83:737)
	at n.fire (/usr/lib/code/out/vs/workbench/api/node/extensionHostProcess.js:83:954)
	at s.fire (/usr/lib/code/out/vs/workbench/api/node/extensionHostProcess.js:97:14453)
	at MessagePortMain.<anonymous> (/usr/lib/code/out/vs/workbench/api/node/extensionHostProcess.js:177:6781)
	at MessagePortMain.emit (node:events:519:28)
	at MessagePortMain._internalPort.emit (node:electron/js2c/utility_init:2:2619)
2024-08-26 19:50:56.184 [error] [ExtensionListenerError] Extension 'asvetliakov.vscode-neovim' FAILED to handle event: TypeError: Cannot read properties of undefined (reading 'command'): Error: [ExtensionListenerError] Extension 'asvetliakov.vscode-neovim' FAILED to handle event: TypeError: Cannot read properties of undefined (reading 'command')
	at i.value (/usr/lib/code/out/vs/workbench/api/node/extensionHostProcess.js:164:21030)
	at n.B (/usr/lib/code/out/vs/workbench/api/node/extensionHostProcess.js:83:737)
	at n.fire (/usr/lib/code/out/vs/workbench/api/node/extensionHostProcess.js:83:954)
	at I.onDidChangeWindowProperty (/usr/lib/code/out/vs/workbench/api/node/extensionHostProcess.js:146:21118)
	at I.$onDidChangeWindowFocus (/usr/lib/code/out/vs/workbench/api/node/extensionHostProcess.js:146:20929)
	at E.S (/usr/lib/code/out/vs/workbench/api/node/extensionHostProcess.js:151:5980)
	at E.Q (/usr/lib/code/out/vs/workbench/api/node/extensionHostProcess.js:151:5746)
	at E.M (/usr/lib/code/out/vs/workbench/api/node/extensionHostProcess.js:151:4778)
	at E.L (/usr/lib/code/out/vs/workbench/api/node/extensionHostProcess.js:151:3605)
	at i.value (/usr/lib/code/out/vs/workbench/api/node/extensionHostProcess.js:151:2297)
	at n.B (/usr/lib/code/out/vs/workbench/api/node/extensionHostProcess.js:83:737)
	at n.fire (/usr/lib/code/out/vs/workbench/api/node/extensionHostProcess.js:83:954)
	at s.fire (/usr/lib/code/out/vs/workbench/api/node/extensionHostProcess.js:97:14453)
	at i.value (/usr/lib/code/out/vs/workbench/api/node/extensionHostProcess.js:177:8655)
	at n.B (/usr/lib/code/out/vs/workbench/api/node/extensionHostProcess.js:83:737)
	at n.fire (/usr/lib/code/out/vs/workbench/api/node/extensionHostProcess.js:83:954)
	at s.fire (/usr/lib/code/out/vs/workbench/api/node/extensionHostProcess.js:97:14453)
	at MessagePortMain.<anonymous> (/usr/lib/code/out/vs/workbench/api/node/extensionHostProcess.js:177:6781)
	at MessagePortMain.emit (node:events:519:28)
	at MessagePortMain._internalPort.emit (node:electron/js2c/utility_init:2:2619)
2024-08-26 19:51:06.189 [error] [ExtensionListenerError] Extension 'asvetliakov.vscode-neovim' FAILED to handle event: TypeError: Cannot read properties of undefined (reading 'command'): Error: [ExtensionListenerError] Extension 'asvetliakov.vscode-neovim' FAILED to handle event: TypeError: Cannot read properties of undefined (reading 'command')
	at i.value (/usr/lib/code/out/vs/workbench/api/node/extensionHostProcess.js:164:21030)
	at n.B (/usr/lib/code/out/vs/workbench/api/node/extensionHostProcess.js:83:737)
	at n.fire (/usr/lib/code/out/vs/workbench/api/node/extensionHostProcess.js:83:954)
	at I.onDidChangeWindowProperty (/usr/lib/code/out/vs/workbench/api/node/extensionHostProcess.js:146:21118)
	at I.$onDidChangeWindowActive (/usr/lib/code/out/vs/workbench/api/node/extensionHostProcess.js:146:21001)
	at E.S (/usr/lib/code/out/vs/workbench/api/node/extensionHostProcess.js:151:5980)
	at E.Q (/usr/lib/code/out/vs/workbench/api/node/extensionHostProcess.js:151:5746)
	at E.M (/usr/lib/code/out/vs/workbench/api/node/extensionHostProcess.js:151:4778)
	at E.L (/usr/lib/code/out/vs/workbench/api/node/extensionHostProcess.js:151:3605)
	at i.value (/usr/lib/code/out/vs/workbench/api/node/extensionHostProcess.js:151:2297)
	at n.B (/usr/lib/code/out/vs/workbench/api/node/extensionHostProcess.js:83:737)
	at n.fire (/usr/lib/code/out/vs/workbench/api/node/extensionHostProcess.js:83:954)
	at s.fire (/usr/lib/code/out/vs/workbench/api/node/extensionHostProcess.js:97:14453)
	at i.value (/usr/lib/code/out/vs/workbench/api/node/extensionHostProcess.js:177:8655)
	at n.B (/usr/lib/code/out/vs/workbench/api/node/extensionHostProcess.js:83:737)
	at n.fire (/usr/lib/code/out/vs/workbench/api/node/extensionHostProcess.js:83:954)
	at s.fire (/usr/lib/code/out/vs/workbench/api/node/extensionHostProcess.js:97:14453)
	at MessagePortMain.<anonymous> (/usr/lib/code/out/vs/workbench/api/node/extensionHostProcess.js:177:6781)
	at MessagePortMain.emit (node:events:519:28)
	at MessagePortMain._internalPort.emit (node:electron/js2c/utility_init:2:2619)
2024-08-26 19:53:22.230 [error] [ExtensionListenerError] Extension 'asvetliakov.vscode-neovim' FAILED to handle event: TypeError: Cannot read properties of undefined (reading 'command'): Error: [ExtensionListenerError] Extension 'asvetliakov.vscode-neovim' FAILED to handle event: TypeError: Cannot read properties of undefined (reading 'command')
	at i.value (/usr/lib/code/out/vs/workbench/api/node/extensionHostProcess.js:164:21030)
	at n.B (/usr/lib/code/out/vs/workbench/api/node/extensionHostProcess.js:83:737)
	at n.fire (/usr/lib/code/out/vs/workbench/api/node/extensionHostProcess.js:83:954)
	at I.onDidChangeWindowProperty (/usr/lib/code/out/vs/workbench/api/node/extensionHostProcess.js:146:21118)
	at I.$onDidChangeWindowFocus (/usr/lib/code/out/vs/workbench/api/node/extensionHostProcess.js:146:20929)
	at E.S (/usr/lib/code/out/vs/workbench/api/node/extensionHostProcess.js:151:5980)
	at E.Q (/usr/lib/code/out/vs/workbench/api/node/extensionHostProcess.js:151:5746)
	at E.M (/usr/lib/code/out/vs/workbench/api/node/extensionHostProcess.js:151:4778)
	at E.L (/usr/lib/code/out/vs/workbench/api/node/extensionHostProcess.js:151:3605)
	at i.value (/usr/lib/code/out/vs/workbench/api/node/extensionHostProcess.js:151:2297)
	at n.B (/usr/lib/code/out/vs/workbench/api/node/extensionHostProcess.js:83:737)
	at n.fire (/usr/lib/code/out/vs/workbench/api/node/extensionHostProcess.js:83:954)
	at s.fire (/usr/lib/code/out/vs/workbench/api/node/extensionHostProcess.js:97:14453)
	at i.value (/usr/lib/code/out/vs/workbench/api/node/extensionHostProcess.js:177:8655)
	at n.B (/usr/lib/code/out/vs/workbench/api/node/extensionHostProcess.js:83:737)
	at n.fire (/usr/lib/code/out/vs/workbench/api/node/extensionHostProcess.js:83:954)
	at s.fire (/usr/lib/code/out/vs/workbench/api/node/extensionHostProcess.js:97:14453)
	at MessagePortMain.<anonymous> (/usr/lib/code/out/vs/workbench/api/node/extensionHostProcess.js:177:6781)
	at MessagePortMain.emit (node:events:519:28)
	at MessagePortMain._internalPort.emit (node:electron/js2c/utility_init:2:2619)
2024-08-26 19:55:44.033 [error] [ExtensionListenerError] Extension 'asvetliakov.vscode-neovim' FAILED to handle event: TypeError: Cannot read properties of undefined (reading 'command'): Error: [ExtensionListenerError] Extension 'asvetliakov.vscode-neovim' FAILED to handle event: TypeError: Cannot read properties of undefined (reading 'command')
	at i.value (/usr/lib/code/out/vs/workbench/api/node/extensionHostProcess.js:164:21030)
	at n.B (/usr/lib/code/out/vs/workbench/api/node/extensionHostProcess.js:83:737)
	at n.fire (/usr/lib/code/out/vs/workbench/api/node/extensionHostProcess.js:83:954)
	at I.onDidChangeWindowProperty (/usr/lib/code/out/vs/workbench/api/node/extensionHostProcess.js:146:21118)
	at I.$onDidChangeWindowActive (/usr/lib/code/out/vs/workbench/api/node/extensionHostProcess.js:146:21001)
	at E.S (/usr/lib/code/out/vs/workbench/api/node/extensionHostProcess.js:151:5980)
	at E.Q (/usr/lib/code/out/vs/workbench/api/node/extensionHostProcess.js:151:5746)
	at E.M (/usr/lib/code/out/vs/workbench/api/node/extensionHostProcess.js:151:4778)
	at E.L (/usr/lib/code/out/vs/workbench/api/node/extensionHostProcess.js:151:3605)
	at i.value (/usr/lib/code/out/vs/workbench/api/node/extensionHostProcess.js:151:2297)
	at n.B (/usr/lib/code/out/vs/workbench/api/node/extensionHostProcess.js:83:737)
	at n.fire (/usr/lib/code/out/vs/workbench/api/node/extensionHostProcess.js:83:954)
	at s.fire (/usr/lib/code/out/vs/workbench/api/node/extensionHostProcess.js:97:14453)
	at i.value (/usr/lib/code/out/vs/workbench/api/node/extensionHostProcess.js:177:8655)
	at n.B (/usr/lib/code/out/vs/workbench/api/node/extensionHostProcess.js:83:737)
	at n.fire (/usr/lib/code/out/vs/workbench/api/node/extensionHostProcess.js:83:954)
	at s.fire (/usr/lib/code/out/vs/workbench/api/node/extensionHostProcess.js:97:14453)
	at MessagePortMain.<anonymous> (/usr/lib/code/out/vs/workbench/api/node/extensionHostProcess.js:177:6781)
	at MessagePortMain.emit (node:events:519:28)
	at MessagePortMain._internalPort.emit (node:electron/js2c/utility_init:2:2619)
2024-08-26 19:55:44.071 [error] [ExtensionListenerError] Extension 'asvetliakov.vscode-neovim' FAILED to handle event: TypeError: Cannot read properties of undefined (reading 'command'): Error: [ExtensionListenerError] Extension 'asvetliakov.vscode-neovim' FAILED to handle event: TypeError: Cannot read properties of undefined (reading 'command')
	at i.value (/usr/lib/code/out/vs/workbench/api/node/extensionHostProcess.js:164:21030)
	at n.B (/usr/lib/code/out/vs/workbench/api/node/extensionHostProcess.js:83:737)
	at n.fire (/usr/lib/code/out/vs/workbench/api/node/extensionHostProcess.js:83:954)
	at I.onDidChangeWindowProperty (/usr/lib/code/out/vs/workbench/api/node/extensionHostProcess.js:146:21118)
	at I.$onDidChangeWindowFocus (/usr/lib/code/out/vs/workbench/api/node/extensionHostProcess.js:146:20929)
	at E.S (/usr/lib/code/out/vs/workbench/api/node/extensionHostProcess.js:151:5980)
	at E.Q (/usr/lib/code/out/vs/workbench/api/node/extensionHostProcess.js:151:5746)
	at E.M (/usr/lib/code/out/vs/workbench/api/node/extensionHostProcess.js:151:4778)
	at E.L (/usr/lib/code/out/vs/workbench/api/node/extensionHostProcess.js:151:3605)
	at i.value (/usr/lib/code/out/vs/workbench/api/node/extensionHostProcess.js:151:2297)
	at n.B (/usr/lib/code/out/vs/workbench/api/node/extensionHostProcess.js:83:737)
	at n.fire (/usr/lib/code/out/vs/workbench/api/node/extensionHostProcess.js:83:954)
	at s.fire (/usr/lib/code/out/vs/workbench/api/node/extensionHostProcess.js:97:14453)
	at i.value (/usr/lib/code/out/vs/workbench/api/node/extensionHostProcess.js:177:8655)
	at n.B (/usr/lib/code/out/vs/workbench/api/node/extensionHostProcess.js:83:737)
	at n.fire (/usr/lib/code/out/vs/workbench/api/node/extensionHostProcess.js:83:954)
	at s.fire (/usr/lib/code/out/vs/workbench/api/node/extensionHostProcess.js:97:14453)
	at MessagePortMain.<anonymous> (/usr/lib/code/out/vs/workbench/api/node/extensionHostProcess.js:177:6781)
	at MessagePortMain.emit (node:events:519:28)
	at MessagePortMain._internalPort.emit (node:electron/js2c/utility_init:2:2619)
