2024-09-16 20:53:41.650 [info] [main] Log level: Info
2024-09-16 20:53:41.650 [info] [main] Validating found git in: "git"
2024-09-16 20:53:41.650 [info] [main] Using git "2.46.0" from "git"
2024-09-16 20:53:41.650 [info] [Model][doInitialScan] Initial repository scan started
2024-09-16 20:53:41.650 [info] > git rev-parse --show-toplevel [4ms]
2024-09-16 20:53:41.650 [info] > git rev-parse --git-dir --git-common-dir [8ms]
2024-09-16 20:53:41.650 [info] [Model][openRepository] Opened repository: /home/sus/Web
2024-09-16 20:53:41.653 [info] > git rev-parse --show-toplevel [6ms]
2024-09-16 20:53:41.654 [info] [Model][doInitialScan] Initial repository scan completed - repositories (1), closed repositories (0), parent repositories (0), unsafe repositories (0)
2024-09-16 20:53:41.654 [info] > git config --get commit.template [18ms]
2024-09-16 20:53:41.671 [info] > git for-each-ref --format=%(refname)%00%(upstream:short)%00%(objectname)%00%(upstream:track)%00%(upstream:remotename)%00%(upstream:remoteref) refs/heads/main refs/remotes/main [4ms]
2024-09-16 20:53:41.681 [warning] [Git][revParse] Unable to read file: ENOENT: no such file or directory, open '/home/sus/Web/.git/refs/remotes/origin/main'
2024-09-16 20:53:41.682 [info] > git rev-parse refs/remotes/origin/main [1ms]
2024-09-16 20:53:41.701 [info] > git status -z -uall [7ms]
2024-09-16 20:53:41.722 [info] > git for-each-ref --format=%(refname)%00%(upstream:short)%00%(objectname)%00%(upstream:track)%00%(upstream:remotename)%00%(upstream:remoteref) refs/heads/main refs/remotes/main [13ms]
2024-09-16 20:53:41.741 [info] > git config --local branch.main.vscode-merge-base [11ms]
2024-09-16 20:53:41.749 [info] > git config --get commit.template [28ms]
2024-09-16 20:53:41.751 [info] > git for-each-ref --format=%(refname)%00%(upstream:short)%00%(objectname)%00%(upstream:track)%00%(upstream:remotename)%00%(upstream:remoteref) refs/heads/origin/main refs/remotes/origin/main [3ms]
2024-09-16 20:53:41.792 [info] > git merge-base refs/heads/main refs/remotes/origin/main [34ms]
2024-09-16 20:53:41.800 [info] > git rev-list --count --left-right refs/heads/main...refs/remotes/origin/main [2ms]
2024-09-16 20:53:41.806 [info] > git for-each-ref --format=%(refname)%00%(upstream:short)%00%(objectname)%00%(upstream:track)%00%(upstream:remotename)%00%(upstream:remoteref) refs/heads/main refs/remotes/main [14ms]
2024-09-16 20:53:41.811 [warning] [Git][revParse] Unable to read file: ENOENT: no such file or directory, open '/home/sus/Web/.git/refs/remotes/origin/main'
2024-09-16 20:53:41.813 [info] > git rev-parse refs/remotes/origin/main [2ms]
2024-09-16 20:53:41.818 [info] > git diff --name-status -z --diff-filter=ADMR c77b573776bf235f6df0e94ba2c437366e394b35...refs/remotes/origin/main [11ms]
2024-09-16 20:53:41.820 [info] > git status -z -uall [2ms]
2024-09-16 20:53:41.828 [info] > git for-each-ref --format=%(refname)%00%(upstream:short)%00%(objectname)%00%(upstream:track)%00%(upstream:remotename)%00%(upstream:remoteref) refs/heads/main refs/remotes/main [2ms]
2024-09-16 20:53:41.835 [info] > git config --local branch.main.vscode-merge-base [2ms]
2024-09-16 20:53:41.841 [info] > git for-each-ref --format=%(refname)%00%(upstream:short)%00%(objectname)%00%(upstream:track)%00%(upstream:remotename)%00%(upstream:remoteref) refs/heads/origin/main refs/remotes/origin/main [1ms]
2024-09-16 20:53:41.961 [info] > git show --textconv :RTC/index.html [11ms]
2024-09-16 20:53:41.962 [info] > git ls-files --stage -- /home/sus/Web/RTC/index.html [5ms]
2024-09-16 20:53:42.164 [info] > git check-ignore -v -z --stdin [1ms]
2024-09-16 20:54:28.900 [info] [main] Log level: Info
2024-09-16 20:54:28.900 [info] [main] Validating found git in: "git"
2024-09-16 20:54:28.900 [info] [main] Using git "2.46.0" from "git"
2024-09-16 20:54:28.900 [info] [Model][doInitialScan] Initial repository scan started
2024-09-16 20:54:28.900 [info] > git rev-parse --show-toplevel [4ms]
2024-09-16 20:54:28.916 [info] > git rev-parse --git-dir --git-common-dir [9ms]
2024-09-16 20:54:28.923 [info] [Model][openRepository] Opened repository: /home/sus/.config
2024-09-16 20:54:28.948 [info] > git rev-parse --show-toplevel [6ms]
2024-09-16 20:54:28.949 [info] [Model][doInitialScan] Initial repository scan completed - repositories (1), closed repositories (0), parent repositories (0), unsafe repositories (0)
2024-09-16 20:54:28.949 [info] > git config --get commit.template [13ms]
2024-09-16 20:54:28.960 [info] > git for-each-ref --format=%(refname)%00%(upstream:short)%00%(objectname)%00%(upstream:track)%00%(upstream:remotename)%00%(upstream:remoteref) refs/heads/master refs/remotes/master [2ms]
2024-09-16 20:54:29.060 [info] > git status -z -uall [93ms]
2024-09-16 20:54:29.815 [info] > git for-each-ref --format=%(refname)%00%(upstream:short)%00%(objectname)%00%(upstream:track)%00%(upstream:remotename)%00%(upstream:remoteref) refs/heads/master refs/remotes/master [720ms]
2024-09-16 20:54:29.844 [info] > git check-ignore -v -z --stdin [8ms]
2024-09-16 20:54:29.846 [info] > git config --local branch.master.vscode-merge-base [19ms]
2024-09-16 20:54:29.846 [warning] [Git][config] git config failed: Failed to execute git
2024-09-16 20:54:29.854 [info] > git config --get commit.template [40ms]
2024-09-16 20:54:29.863 [info] > git for-each-ref --format=%(refname)%00%(upstream:short)%00%(objectname)%00%(upstream:track)%00%(upstream:remotename)%00%(upstream:remoteref) refs/heads/master refs/remotes/master [2ms]
2024-09-16 20:54:29.873 [info] > git reflog master --grep-reflog=branch: Created from *. [19ms]
2024-09-16 20:54:29.884 [info] > git symbolic-ref --short refs/remotes/origin/HEAD [1ms]
2024-09-16 20:54:29.884 [info] fatal: ref refs/remotes/origin/HEAD is not a symbolic ref
2024-09-16 20:54:29.894 [info] > git merge-base refs/heads/master refs/remotes/origin/master [2ms]
2024-09-16 20:54:29.904 [info] > git rev-list --count --left-right refs/heads/master...refs/remotes/origin/master [3ms]
2024-09-16 20:54:29.915 [info] > git diff --name-status -z --diff-filter=ADMR 79566c7cb49d11ef57d3a625f67ba530889d63f7...refs/remotes/origin/master [2ms]
2024-09-16 20:54:29.952 [info] > git status -z -uall [80ms]
2024-09-16 20:54:30.652 [info] > git show --textconv :waybar/macchiato.css [9ms]
2024-09-16 20:54:30.653 [info] > git for-each-ref --format=%(refname)%00%(upstream:short)%00%(objectname)%00%(upstream:track)%00%(upstream:remotename)%00%(upstream:remoteref) refs/heads/master refs/remotes/master [681ms]
2024-09-16 20:54:30.675 [info] > git config --local branch.master.vscode-merge-base [14ms]
2024-09-16 20:54:30.676 [warning] [Git][config] git config failed: Failed to execute git
2024-09-16 20:54:30.683 [info] > git ls-files --stage -- /home/sus/.config/waybar/macchiato.css [33ms]
2024-09-16 20:54:30.695 [info] > git cat-file -s b1dedea25ddc27ba328de36f0219759c4e267153 [2ms]
2024-09-16 20:54:30.695 [info] > git reflog master --grep-reflog=branch: Created from *. [12ms]
2024-09-16 20:54:30.730 [info] > git show --textconv :waybar/time_adjust.sh [7ms]
2024-09-16 20:54:30.731 [info] > git symbolic-ref --short refs/remotes/origin/HEAD [28ms]
2024-09-16 20:54:30.731 [info] fatal: ref refs/remotes/origin/HEAD is not a symbolic ref
2024-09-16 20:54:30.735 [info] > git ls-files --stage -- /home/sus/.config/waybar/time_adjust.sh [5ms]
2024-09-16 20:54:30.982 [info] > git show --textconv :waybar/style.css [7ms]
2024-09-16 20:54:30.983 [info] > git ls-files --stage -- /home/sus/.config/waybar/style.css [2ms]
2024-09-16 20:54:30.990 [info] > git cat-file -s dd4fa6ea08ea2528da661ad05aab662c8f2926a9 [1ms]
2024-09-16 20:54:31.664 [info] > git show --textconv :waybar/time_adjust.sh [7ms]
2024-09-16 20:54:31.665 [info] > git ls-files --stage -- /home/sus/.config/waybar/time_adjust.sh [2ms]
2024-09-16 20:54:32.351 [info] > git show --textconv :waybar/style.css [5ms]
2024-09-16 20:54:32.353 [info] > git ls-files --stage -- /home/sus/.config/waybar/style.css [2ms]
2024-09-16 20:54:32.359 [info] > git cat-file -s dd4fa6ea08ea2528da661ad05aab662c8f2926a9 [1ms]
2024-09-16 20:54:33.434 [info] > git config --get commit.template [7ms]
2024-09-16 20:54:33.434 [info] > git for-each-ref --format=%(refname)%00%(upstream:short)%00%(objectname)%00%(upstream:track)%00%(upstream:remotename)%00%(upstream:remoteref) refs/heads/master refs/remotes/master [1ms]
2024-09-16 20:54:33.509 [info] > git status -z -uall [70ms]
2024-09-16 20:54:34.171 [info] > git for-each-ref --format=%(refname)%00%(upstream:short)%00%(objectname)%00%(upstream:track)%00%(upstream:remotename)%00%(upstream:remoteref) refs/heads/master refs/remotes/master [642ms]
2024-09-16 20:54:34.189 [info] > git config --local branch.master.vscode-merge-base [9ms]
2024-09-16 20:54:34.189 [warning] [Git][config] git config failed: Failed to execute git
2024-09-16 20:54:34.200 [info] > git reflog master --grep-reflog=branch: Created from *. [2ms]
2024-09-16 20:54:34.211 [info] > git symbolic-ref --short refs/remotes/origin/HEAD [3ms]
2024-09-16 20:54:34.211 [info] fatal: ref refs/remotes/origin/HEAD is not a symbolic ref
2024-09-16 20:54:34.280 [info] > git show --textconv :waybar/time_adjust.sh [9ms]
2024-09-16 20:54:34.282 [info] > git ls-files --stage -- /home/sus/.config/waybar/time_adjust.sh [3ms]
2024-09-16 20:54:38.706 [info] > git config --get commit.template [6ms]
2024-09-16 20:54:38.708 [info] > git for-each-ref --format=%(refname)%00%(upstream:short)%00%(objectname)%00%(upstream:track)%00%(upstream:remotename)%00%(upstream:remoteref) refs/heads/master refs/remotes/master [1ms]
2024-09-16 20:54:38.780 [info] > git status -z -uall [66ms]
2024-09-16 20:54:39.422 [info] > git for-each-ref --format=%(refname)%00%(upstream:short)%00%(objectname)%00%(upstream:track)%00%(upstream:remotename)%00%(upstream:remoteref) refs/heads/master refs/remotes/master [622ms]
2024-09-16 20:54:39.436 [info] > git config --local branch.master.vscode-merge-base [5ms]
2024-09-16 20:54:39.436 [warning] [Git][config] git config failed: Failed to execute git
2024-09-16 20:54:39.445 [info] > git reflog master --grep-reflog=branch: Created from *. [2ms]
2024-09-16 20:54:39.457 [info] > git symbolic-ref --short refs/remotes/origin/HEAD [1ms]
2024-09-16 20:54:39.457 [info] fatal: ref refs/remotes/origin/HEAD is not a symbolic ref
2024-09-16 20:54:40.441 [info] > git show --textconv :waybar/config [6ms]
2024-09-16 20:54:40.442 [info] > git ls-files --stage -- /home/sus/.config/waybar/config [2ms]
2024-09-16 20:54:40.448 [info] > git cat-file -s 1ca621d82760afbe8ad2207178efe39697ed2696 [1ms]
2024-09-16 20:54:43.949 [info] > git config --get commit.template [7ms]
2024-09-16 20:54:43.950 [info] > git for-each-ref --format=%(refname)%00%(upstream:short)%00%(objectname)%00%(upstream:track)%00%(upstream:remotename)%00%(upstream:remoteref) refs/heads/master refs/remotes/master [1ms]
2024-09-16 20:54:44.017 [info] > git status -z -uall [62ms]
2024-09-16 20:54:44.641 [info] > git for-each-ref --format=%(refname)%00%(upstream:short)%00%(objectname)%00%(upstream:track)%00%(upstream:remotename)%00%(upstream:remoteref) refs/heads/master refs/remotes/master [601ms]
2024-09-16 20:54:44.656 [info] > git config --local branch.master.vscode-merge-base [4ms]
2024-09-16 20:54:44.656 [warning] [Git][config] git config failed: Failed to execute git
2024-09-16 20:54:44.666 [info] > git reflog master --grep-reflog=branch: Created from *. [2ms]
2024-09-16 20:54:44.677 [info] > git symbolic-ref --short refs/remotes/origin/HEAD [2ms]
2024-09-16 20:54:44.677 [info] fatal: ref refs/remotes/origin/HEAD is not a symbolic ref
2024-09-16 20:54:49.191 [info] > git config --get commit.template [7ms]
2024-09-16 20:54:49.192 [info] > git for-each-ref --format=%(refname)%00%(upstream:short)%00%(objectname)%00%(upstream:track)%00%(upstream:remotename)%00%(upstream:remoteref) refs/heads/master refs/remotes/master [1ms]
2024-09-16 20:54:49.264 [info] > git status -z -uall [65ms]
2024-09-16 20:54:49.861 [info] > git for-each-ref --format=%(refname)%00%(upstream:short)%00%(objectname)%00%(upstream:track)%00%(upstream:remotename)%00%(upstream:remoteref) refs/heads/master refs/remotes/master [579ms]
2024-09-16 20:54:49.876 [info] > git config --local branch.master.vscode-merge-base [6ms]
2024-09-16 20:54:49.876 [warning] [Git][config] git config failed: Failed to execute git
2024-09-16 20:54:49.886 [info] > git reflog master --grep-reflog=branch: Created from *. [4ms]
2024-09-16 20:54:49.899 [info] > git symbolic-ref --short refs/remotes/origin/HEAD [0ms]
2024-09-16 20:54:49.899 [info] fatal: ref refs/remotes/origin/HEAD is not a symbolic ref
2024-09-16 20:54:54.433 [info] > git config --get commit.template [7ms]
2024-09-16 20:54:54.434 [info] > git for-each-ref --format=%(refname)%00%(upstream:short)%00%(objectname)%00%(upstream:track)%00%(upstream:remotename)%00%(upstream:remoteref) refs/heads/master refs/remotes/master [1ms]
2024-09-16 20:54:54.501 [info] > git status -z -uall [62ms]
2024-09-16 20:54:55.116 [info] > git for-each-ref --format=%(refname)%00%(upstream:short)%00%(objectname)%00%(upstream:track)%00%(upstream:remotename)%00%(upstream:remoteref) refs/heads/master refs/remotes/master [597ms]
2024-09-16 20:54:55.126 [info] > git config --local branch.master.vscode-merge-base [1ms]
2024-09-16 20:54:55.126 [warning] [Git][config] git config failed: Failed to execute git
2024-09-16 20:54:55.134 [info] > git reflog master --grep-reflog=branch: Created from *. [2ms]
2024-09-16 20:54:55.144 [info] > git symbolic-ref --short refs/remotes/origin/HEAD [1ms]
2024-09-16 20:54:55.145 [info] fatal: ref refs/remotes/origin/HEAD is not a symbolic ref
2024-09-16 20:54:59.669 [info] > git config --get commit.template [5ms]
2024-09-16 20:54:59.669 [info] > git for-each-ref --format=%(refname)%00%(upstream:short)%00%(objectname)%00%(upstream:track)%00%(upstream:remotename)%00%(upstream:remoteref) refs/heads/master refs/remotes/master [0ms]
2024-09-16 20:54:59.735 [info] > git status -z -uall [61ms]
2024-09-16 20:55:00.356 [info] > git for-each-ref --format=%(refname)%00%(upstream:short)%00%(objectname)%00%(upstream:track)%00%(upstream:remotename)%00%(upstream:remoteref) refs/heads/master refs/remotes/master [604ms]
2024-09-16 20:55:00.367 [info] > git config --local branch.master.vscode-merge-base [3ms]
2024-09-16 20:55:00.367 [warning] [Git][config] git config failed: Failed to execute git
2024-09-16 20:55:00.375 [info] > git reflog master --grep-reflog=branch: Created from *. [2ms]
2024-09-16 20:55:00.385 [info] > git symbolic-ref --short refs/remotes/origin/HEAD [1ms]
2024-09-16 20:55:00.385 [info] fatal: ref refs/remotes/origin/HEAD is not a symbolic ref
2024-09-16 20:55:04.905 [info] > git config --get commit.template [5ms]
2024-09-16 20:55:04.906 [info] > git for-each-ref --format=%(refname)%00%(upstream:short)%00%(objectname)%00%(upstream:track)%00%(upstream:remotename)%00%(upstream:remoteref) refs/heads/master refs/remotes/master [1ms]
2024-09-16 20:55:04.972 [info] > git status -z -uall [62ms]
2024-09-16 20:55:05.574 [info] > git for-each-ref --format=%(refname)%00%(upstream:short)%00%(objectname)%00%(upstream:track)%00%(upstream:remotename)%00%(upstream:remoteref) refs/heads/master refs/remotes/master [584ms]
2024-09-16 20:55:05.585 [info] > git config --local branch.master.vscode-merge-base [3ms]
2024-09-16 20:55:05.585 [warning] [Git][config] git config failed: Failed to execute git
2024-09-16 20:55:05.593 [info] > git reflog master --grep-reflog=branch: Created from *. [2ms]
2024-09-16 20:55:05.600 [info] > git symbolic-ref --short refs/remotes/origin/HEAD [1ms]
2024-09-16 20:55:05.601 [info] fatal: ref refs/remotes/origin/HEAD is not a symbolic ref
2024-09-16 20:55:10.126 [info] > git config --get commit.template [6ms]
2024-09-16 20:55:10.127 [info] > git for-each-ref --format=%(refname)%00%(upstream:short)%00%(objectname)%00%(upstream:track)%00%(upstream:remotename)%00%(upstream:remoteref) refs/heads/master refs/remotes/master [1ms]
2024-09-16 20:55:10.194 [info] > git status -z -uall [63ms]
2024-09-16 20:55:10.805 [info] > git for-each-ref --format=%(refname)%00%(upstream:short)%00%(objectname)%00%(upstream:track)%00%(upstream:remotename)%00%(upstream:remoteref) refs/heads/master refs/remotes/master [594ms]
2024-09-16 20:55:10.817 [info] > git config --local branch.master.vscode-merge-base [2ms]
2024-09-16 20:55:10.817 [warning] [Git][config] git config failed: Failed to execute git
2024-09-16 20:55:10.825 [info] > git reflog master --grep-reflog=branch: Created from *. [2ms]
2024-09-16 20:55:10.834 [info] > git symbolic-ref --short refs/remotes/origin/HEAD [2ms]
2024-09-16 20:55:10.834 [info] fatal: ref refs/remotes/origin/HEAD is not a symbolic ref
2024-09-16 20:55:15.471 [info] > git config --get commit.template [7ms]
2024-09-16 20:55:15.471 [info] > git for-each-ref --format=%(refname)%00%(upstream:short)%00%(objectname)%00%(upstream:track)%00%(upstream:remotename)%00%(upstream:remoteref) refs/heads/master refs/remotes/master [1ms]
2024-09-16 20:55:15.544 [info] > git status -z -uall [66ms]
2024-09-16 20:55:16.172 [info] > git for-each-ref --format=%(refname)%00%(upstream:short)%00%(objectname)%00%(upstream:track)%00%(upstream:remotename)%00%(upstream:remoteref) refs/heads/master refs/remotes/master [610ms]
2024-09-16 20:55:16.184 [info] > git config --local branch.master.vscode-merge-base [4ms]
2024-09-16 20:55:16.184 [warning] [Git][config] git config failed: Failed to execute git
2024-09-16 20:55:16.192 [info] > git reflog master --grep-reflog=branch: Created from *. [2ms]
2024-09-16 20:55:16.205 [info] > git symbolic-ref --short refs/remotes/origin/HEAD [1ms]
2024-09-16 20:55:16.205 [info] fatal: ref refs/remotes/origin/HEAD is not a symbolic ref
2024-09-16 20:56:31.528 [info] > git config --get commit.template [7ms]
2024-09-16 20:56:31.528 [info] > git for-each-ref --format=%(refname)%00%(upstream:short)%00%(objectname)%00%(upstream:track)%00%(upstream:remotename)%00%(upstream:remoteref) refs/heads/master refs/remotes/master [1ms]
2024-09-16 20:56:31.604 [info] > git status -z -uall [70ms]
2024-09-16 20:56:32.233 [info] > git for-each-ref --format=%(refname)%00%(upstream:short)%00%(objectname)%00%(upstream:track)%00%(upstream:remotename)%00%(upstream:remoteref) refs/heads/master refs/remotes/master [608ms]
2024-09-16 20:56:32.250 [info] > git config --local branch.master.vscode-merge-base [8ms]
2024-09-16 20:56:32.250 [warning] [Git][config] git config failed: Failed to execute git
2024-09-16 20:56:32.260 [info] > git reflog master --grep-reflog=branch: Created from *. [2ms]
2024-09-16 20:56:32.269 [info] > git symbolic-ref --short refs/remotes/origin/HEAD [2ms]
2024-09-16 20:56:32.269 [info] fatal: ref refs/remotes/origin/HEAD is not a symbolic ref
2024-09-16 20:56:36.784 [info] > git config --get commit.template [8ms]
2024-09-16 20:56:36.784 [info] > git for-each-ref --format=%(refname)%00%(upstream:short)%00%(objectname)%00%(upstream:track)%00%(upstream:remotename)%00%(upstream:remoteref) refs/heads/master refs/remotes/master [1ms]
2024-09-16 20:56:36.853 [info] > git status -z -uall [64ms]
2024-09-16 20:56:37.464 [info] > git for-each-ref --format=%(refname)%00%(upstream:short)%00%(objectname)%00%(upstream:track)%00%(upstream:remotename)%00%(upstream:remoteref) refs/heads/master refs/remotes/master [593ms]
2024-09-16 20:56:37.479 [info] > git config --local branch.master.vscode-merge-base [4ms]
2024-09-16 20:56:37.479 [warning] [Git][config] git config failed: Failed to execute git
2024-09-16 20:56:37.495 [info] > git reflog master --grep-reflog=branch: Created from *. [4ms]
2024-09-16 20:56:37.507 [info] > git symbolic-ref --short refs/remotes/origin/HEAD [2ms]
2024-09-16 20:56:37.507 [info] fatal: ref refs/remotes/origin/HEAD is not a symbolic ref
2024-09-16 20:56:42.013 [info] > git config --get commit.template [8ms]
2024-09-16 20:56:42.013 [info] > git for-each-ref --format=%(refname)%00%(upstream:short)%00%(objectname)%00%(upstream:track)%00%(upstream:remotename)%00%(upstream:remoteref) refs/heads/master refs/remotes/master [1ms]
2024-09-16 20:56:42.081 [info] > git status -z -uall [63ms]
2024-09-16 20:56:42.668 [info] > git for-each-ref --format=%(refname)%00%(upstream:short)%00%(objectname)%00%(upstream:track)%00%(upstream:remotename)%00%(upstream:remoteref) refs/heads/master refs/remotes/master [569ms]
2024-09-16 20:56:42.680 [info] > git config --local branch.master.vscode-merge-base [2ms]
2024-09-16 20:56:42.680 [warning] [Git][config] git config failed: Failed to execute git
2024-09-16 20:56:42.688 [info] > git reflog master --grep-reflog=branch: Created from *. [2ms]
2024-09-16 20:56:42.696 [info] > git symbolic-ref --short refs/remotes/origin/HEAD [2ms]
2024-09-16 20:56:42.696 [info] fatal: ref refs/remotes/origin/HEAD is not a symbolic ref
2024-09-16 20:56:47.241 [info] > git config --get commit.template [7ms]
2024-09-16 20:56:47.241 [info] > git for-each-ref --format=%(refname)%00%(upstream:short)%00%(objectname)%00%(upstream:track)%00%(upstream:remotename)%00%(upstream:remoteref) refs/heads/master refs/remotes/master [1ms]
2024-09-16 20:56:47.308 [info] > git status -z -uall [62ms]
2024-09-16 20:56:47.886 [info] > git for-each-ref --format=%(refname)%00%(upstream:short)%00%(objectname)%00%(upstream:track)%00%(upstream:remotename)%00%(upstream:remoteref) refs/heads/master refs/remotes/master [562ms]
2024-09-16 20:56:47.897 [info] > git config --local branch.master.vscode-merge-base [3ms]
2024-09-16 20:56:47.897 [warning] [Git][config] git config failed: Failed to execute git
2024-09-16 20:56:47.905 [info] > git reflog master --grep-reflog=branch: Created from *. [1ms]
2024-09-16 20:56:47.915 [info] > git symbolic-ref --short refs/remotes/origin/HEAD [2ms]
2024-09-16 20:56:47.915 [info] fatal: ref refs/remotes/origin/HEAD is not a symbolic ref
2024-09-16 20:56:52.461 [info] > git config --get commit.template [7ms]
2024-09-16 20:56:52.462 [info] > git for-each-ref --format=%(refname)%00%(upstream:short)%00%(objectname)%00%(upstream:track)%00%(upstream:remotename)%00%(upstream:remoteref) refs/heads/master refs/remotes/master [1ms]
2024-09-16 20:56:52.529 [info] > git status -z -uall [62ms]
2024-09-16 20:56:53.092 [info] > git for-each-ref --format=%(refname)%00%(upstream:short)%00%(objectname)%00%(upstream:track)%00%(upstream:remotename)%00%(upstream:remoteref) refs/heads/master refs/remotes/master [547ms]
2024-09-16 20:56:53.105 [info] > git config --local branch.master.vscode-merge-base [3ms]
2024-09-16 20:56:53.105 [warning] [Git][config] git config failed: Failed to execute git
2024-09-16 20:56:53.113 [info] > git reflog master --grep-reflog=branch: Created from *. [2ms]
2024-09-16 20:56:53.125 [info] > git symbolic-ref --short refs/remotes/origin/HEAD [0ms]
2024-09-16 20:56:53.125 [info] fatal: ref refs/remotes/origin/HEAD is not a symbolic ref
2024-09-16 20:56:57.684 [info] > git config --get commit.template [7ms]
2024-09-16 20:56:57.684 [info] > git for-each-ref --format=%(refname)%00%(upstream:short)%00%(objectname)%00%(upstream:track)%00%(upstream:remotename)%00%(upstream:remoteref) refs/heads/master refs/remotes/master [1ms]
2024-09-16 20:56:57.751 [info] > git status -z -uall [62ms]
2024-09-16 20:56:58.316 [info] > git for-each-ref --format=%(refname)%00%(upstream:short)%00%(objectname)%00%(upstream:track)%00%(upstream:remotename)%00%(upstream:remoteref) refs/heads/master refs/remotes/master [547ms]
2024-09-16 20:56:58.328 [info] > git config --local branch.master.vscode-merge-base [3ms]
2024-09-16 20:56:58.328 [warning] [Git][config] git config failed: Failed to execute git
2024-09-16 20:56:58.336 [info] > git reflog master --grep-reflog=branch: Created from *. [2ms]
2024-09-16 20:56:58.344 [info] > git symbolic-ref --short refs/remotes/origin/HEAD [1ms]
2024-09-16 20:56:58.344 [info] fatal: ref refs/remotes/origin/HEAD is not a symbolic ref
2024-09-16 20:57:02.911 [info] > git config --get commit.template [6ms]
2024-09-16 20:57:02.912 [info] > git for-each-ref --format=%(refname)%00%(upstream:short)%00%(objectname)%00%(upstream:track)%00%(upstream:remotename)%00%(upstream:remoteref) refs/heads/master refs/remotes/master [2ms]
2024-09-16 20:57:02.977 [info] > git status -z -uall [61ms]
2024-09-16 20:57:03.547 [info] > git for-each-ref --format=%(refname)%00%(upstream:short)%00%(objectname)%00%(upstream:track)%00%(upstream:remotename)%00%(upstream:remoteref) refs/heads/master refs/remotes/master [553ms]
2024-09-16 20:57:03.559 [info] > git config --local branch.master.vscode-merge-base [3ms]
2024-09-16 20:57:03.559 [warning] [Git][config] git config failed: Failed to execute git
2024-09-16 20:57:03.568 [info] > git reflog master --grep-reflog=branch: Created from *. [3ms]
2024-09-16 20:57:03.581 [info] > git symbolic-ref --short refs/remotes/origin/HEAD [1ms]
2024-09-16 20:57:03.581 [info] fatal: ref refs/remotes/origin/HEAD is not a symbolic ref
2024-09-16 20:57:08.137 [info] > git config --get commit.template [7ms]
2024-09-16 20:57:08.137 [info] > git for-each-ref --format=%(refname)%00%(upstream:short)%00%(objectname)%00%(upstream:track)%00%(upstream:remotename)%00%(upstream:remoteref) refs/heads/master refs/remotes/master [1ms]
2024-09-16 20:57:08.206 [info] > git status -z -uall [64ms]
2024-09-16 20:57:08.797 [info] > git for-each-ref --format=%(refname)%00%(upstream:short)%00%(objectname)%00%(upstream:track)%00%(upstream:remotename)%00%(upstream:remoteref) refs/heads/master refs/remotes/master [575ms]
2024-09-16 20:57:08.808 [info] > git config --local branch.master.vscode-merge-base [2ms]
2024-09-16 20:57:08.808 [warning] [Git][config] git config failed: Failed to execute git
2024-09-16 20:57:08.815 [info] > git reflog master --grep-reflog=branch: Created from *. [2ms]
2024-09-16 20:57:08.823 [info] > git symbolic-ref --short refs/remotes/origin/HEAD [1ms]
2024-09-16 20:57:08.823 [info] fatal: ref refs/remotes/origin/HEAD is not a symbolic ref
2024-09-16 20:57:13.369 [info] > git config --get commit.template [5ms]
2024-09-16 20:57:13.370 [info] > git for-each-ref --format=%(refname)%00%(upstream:short)%00%(objectname)%00%(upstream:track)%00%(upstream:remotename)%00%(upstream:remoteref) refs/heads/master refs/remotes/master [1ms]
2024-09-16 20:57:13.435 [info] > git status -z -uall [61ms]
2024-09-16 20:57:14.021 [info] > git for-each-ref --format=%(refname)%00%(upstream:short)%00%(objectname)%00%(upstream:track)%00%(upstream:remotename)%00%(upstream:remoteref) refs/heads/master refs/remotes/master [569ms]
2024-09-16 20:57:14.034 [info] > git config --local branch.master.vscode-merge-base [3ms]
2024-09-16 20:57:14.034 [warning] [Git][config] git config failed: Failed to execute git
2024-09-16 20:57:14.043 [info] > git reflog master --grep-reflog=branch: Created from *. [2ms]
2024-09-16 20:57:14.053 [info] > git symbolic-ref --short refs/remotes/origin/HEAD [1ms]
2024-09-16 20:57:14.053 [info] fatal: ref refs/remotes/origin/HEAD is not a symbolic ref
2024-09-16 20:58:32.160 [info] > git config --get commit.template [7ms]
2024-09-16 20:58:32.160 [info] > git for-each-ref --format=%(refname)%00%(upstream:short)%00%(objectname)%00%(upstream:track)%00%(upstream:remotename)%00%(upstream:remoteref) refs/heads/master refs/remotes/master [1ms]
2024-09-16 20:58:32.236 [info] > git status -z -uall [70ms]
2024-09-16 20:58:32.845 [info] > git for-each-ref --format=%(refname)%00%(upstream:short)%00%(objectname)%00%(upstream:track)%00%(upstream:remotename)%00%(upstream:remoteref) refs/heads/master refs/remotes/master [590ms]
2024-09-16 20:58:32.858 [info] > git config --local branch.master.vscode-merge-base [3ms]
2024-09-16 20:58:32.858 [warning] [Git][config] git config failed: Failed to execute git
2024-09-16 20:58:32.869 [info] > git reflog master --grep-reflog=branch: Created from *. [2ms]
2024-09-16 20:58:32.879 [info] > git symbolic-ref --short refs/remotes/origin/HEAD [1ms]
2024-09-16 20:58:32.879 [info] fatal: ref refs/remotes/origin/HEAD is not a symbolic ref
2024-09-16 20:58:37.410 [info] > git config --get commit.template [3ms]
2024-09-16 20:58:37.416 [info] > git for-each-ref --format=%(refname)%00%(upstream:short)%00%(objectname)%00%(upstream:track)%00%(upstream:remotename)%00%(upstream:remoteref) refs/heads/master refs/remotes/master [1ms]
2024-09-16 20:58:37.486 [info] > git status -z -uall [65ms]
2024-09-16 20:58:38.072 [info] > git for-each-ref --format=%(refname)%00%(upstream:short)%00%(objectname)%00%(upstream:track)%00%(upstream:remotename)%00%(upstream:remoteref) refs/heads/master refs/remotes/master [567ms]
2024-09-16 20:58:38.084 [info] > git config --local branch.master.vscode-merge-base [3ms]
2024-09-16 20:58:38.084 [warning] [Git][config] git config failed: Failed to execute git
2024-09-16 20:58:38.094 [info] > git reflog master --grep-reflog=branch: Created from *. [3ms]
2024-09-16 20:58:38.104 [info] > git symbolic-ref --short refs/remotes/origin/HEAD [2ms]
2024-09-16 20:58:38.104 [info] fatal: ref refs/remotes/origin/HEAD is not a symbolic ref
2024-09-16 20:58:42.645 [info] > git config --get commit.template [8ms]
2024-09-16 20:58:42.646 [info] > git for-each-ref --format=%(refname)%00%(upstream:short)%00%(objectname)%00%(upstream:track)%00%(upstream:remotename)%00%(upstream:remoteref) refs/heads/master refs/remotes/master [2ms]
2024-09-16 20:58:42.715 [info] > git status -z -uall [63ms]
2024-09-16 20:58:43.276 [info] > git for-each-ref --format=%(refname)%00%(upstream:short)%00%(objectname)%00%(upstream:track)%00%(upstream:remotename)%00%(upstream:remoteref) refs/heads/master refs/remotes/master [544ms]
2024-09-16 20:58:43.286 [info] > git config --local branch.master.vscode-merge-base [1ms]
2024-09-16 20:58:43.287 [warning] [Git][config] git config failed: Failed to execute git
2024-09-16 20:58:43.295 [info] > git reflog master --grep-reflog=branch: Created from *. [2ms]
2024-09-16 20:58:43.304 [info] > git symbolic-ref --short refs/remotes/origin/HEAD [2ms]
2024-09-16 20:58:43.304 [info] fatal: ref refs/remotes/origin/HEAD is not a symbolic ref
2024-09-16 20:58:47.870 [info] > git config --get commit.template [6ms]
2024-09-16 20:58:47.871 [info] > git for-each-ref --format=%(refname)%00%(upstream:short)%00%(objectname)%00%(upstream:track)%00%(upstream:remotename)%00%(upstream:remoteref) refs/heads/master refs/remotes/master [2ms]
2024-09-16 20:58:47.937 [info] > git status -z -uall [62ms]
2024-09-16 20:58:48.528 [info] > git for-each-ref --format=%(refname)%00%(upstream:short)%00%(objectname)%00%(upstream:track)%00%(upstream:remotename)%00%(upstream:remoteref) refs/heads/master refs/remotes/master [574ms]
2024-09-16 20:58:48.541 [info] > git config --local branch.master.vscode-merge-base [3ms]
2024-09-16 20:58:48.541 [warning] [Git][config] git config failed: Failed to execute git
2024-09-16 20:58:48.549 [info] > git reflog master --grep-reflog=branch: Created from *. [1ms]
2024-09-16 20:58:48.560 [info] > git symbolic-ref --short refs/remotes/origin/HEAD [2ms]
2024-09-16 20:58:48.560 [info] fatal: ref refs/remotes/origin/HEAD is not a symbolic ref
2024-09-16 20:58:53.101 [info] > git config --get commit.template [7ms]
2024-09-16 20:58:53.102 [info] > git for-each-ref --format=%(refname)%00%(upstream:short)%00%(objectname)%00%(upstream:track)%00%(upstream:remotename)%00%(upstream:remoteref) refs/heads/master refs/remotes/master [1ms]
2024-09-16 20:58:53.169 [info] > git status -z -uall [62ms]
2024-09-16 20:58:53.749 [info] > git for-each-ref --format=%(refname)%00%(upstream:short)%00%(objectname)%00%(upstream:track)%00%(upstream:remotename)%00%(upstream:remoteref) refs/heads/master refs/remotes/master [563ms]
2024-09-16 20:58:53.759 [info] > git config --local branch.master.vscode-merge-base [1ms]
2024-09-16 20:58:53.759 [warning] [Git][config] git config failed: Failed to execute git
2024-09-16 20:58:53.768 [info] > git reflog master --grep-reflog=branch: Created from *. [2ms]
2024-09-16 20:58:53.783 [info] > git symbolic-ref --short refs/remotes/origin/HEAD [5ms]
2024-09-16 20:58:53.783 [info] fatal: ref refs/remotes/origin/HEAD is not a symbolic ref
2024-09-16 20:58:58.326 [info] > git config --get commit.template [7ms]
2024-09-16 20:58:58.327 [info] > git for-each-ref --format=%(refname)%00%(upstream:short)%00%(objectname)%00%(upstream:track)%00%(upstream:remotename)%00%(upstream:remoteref) refs/heads/master refs/remotes/master [1ms]
2024-09-16 20:58:58.394 [info] > git status -z -uall [63ms]
2024-09-16 20:58:59.005 [info] > git for-each-ref --format=%(refname)%00%(upstream:short)%00%(objectname)%00%(upstream:track)%00%(upstream:remotename)%00%(upstream:remoteref) refs/heads/master refs/remotes/master [585ms]
2024-09-16 20:58:59.015 [info] > git config --local branch.master.vscode-merge-base [2ms]
2024-09-16 20:58:59.015 [warning] [Git][config] git config failed: Failed to execute git
2024-09-16 20:58:59.023 [info] > git reflog master --grep-reflog=branch: Created from *. [2ms]
2024-09-16 20:58:59.029 [info] > git symbolic-ref --short refs/remotes/origin/HEAD [1ms]
2024-09-16 20:58:59.029 [info] fatal: ref refs/remotes/origin/HEAD is not a symbolic ref
2024-09-16 20:59:03.567 [info] > git config --get commit.template [6ms]
2024-09-16 20:59:03.567 [info] > git for-each-ref --format=%(refname)%00%(upstream:short)%00%(objectname)%00%(upstream:track)%00%(upstream:remotename)%00%(upstream:remoteref) refs/heads/master refs/remotes/master [1ms]
2024-09-16 20:59:03.633 [info] > git status -z -uall [61ms]
2024-09-16 20:59:04.205 [info] > git for-each-ref --format=%(refname)%00%(upstream:short)%00%(objectname)%00%(upstream:track)%00%(upstream:remotename)%00%(upstream:remoteref) refs/heads/master refs/remotes/master [555ms]
2024-09-16 20:59:04.216 [info] > git config --local branch.master.vscode-merge-base [2ms]
2024-09-16 20:59:04.216 [warning] [Git][config] git config failed: Failed to execute git
2024-09-16 20:59:04.225 [info] > git reflog master --grep-reflog=branch: Created from *. [3ms]
2024-09-16 20:59:04.237 [info] > git symbolic-ref --short refs/remotes/origin/HEAD [3ms]
2024-09-16 20:59:04.237 [info] fatal: ref refs/remotes/origin/HEAD is not a symbolic ref
2024-09-16 20:59:08.799 [info] > git config --get commit.template [7ms]
2024-09-16 20:59:08.799 [info] > git for-each-ref --format=%(refname)%00%(upstream:short)%00%(objectname)%00%(upstream:track)%00%(upstream:remotename)%00%(upstream:remoteref) refs/heads/master refs/remotes/master [1ms]
2024-09-16 20:59:08.865 [info] > git status -z -uall [61ms]
2024-09-16 20:59:09.427 [info] > git for-each-ref --format=%(refname)%00%(upstream:short)%00%(objectname)%00%(upstream:track)%00%(upstream:remotename)%00%(upstream:remoteref) refs/heads/master refs/remotes/master [545ms]
2024-09-16 20:59:09.442 [info] > git config --local branch.master.vscode-merge-base [5ms]
2024-09-16 20:59:09.442 [warning] [Git][config] git config failed: Failed to execute git
2024-09-16 20:59:09.451 [info] > git reflog master --grep-reflog=branch: Created from *. [2ms]
2024-09-16 20:59:09.463 [info] > git symbolic-ref --short refs/remotes/origin/HEAD [1ms]
2024-09-16 20:59:09.463 [info] fatal: ref refs/remotes/origin/HEAD is not a symbolic ref
2024-09-16 20:59:14.021 [info] > git config --get commit.template [7ms]
2024-09-16 20:59:14.022 [info] > git for-each-ref --format=%(refname)%00%(upstream:short)%00%(objectname)%00%(upstream:track)%00%(upstream:remotename)%00%(upstream:remoteref) refs/heads/master refs/remotes/master [1ms]
2024-09-16 20:59:14.088 [info] > git status -z -uall [61ms]
2024-09-16 20:59:14.651 [info] > git for-each-ref --format=%(refname)%00%(upstream:short)%00%(objectname)%00%(upstream:track)%00%(upstream:remotename)%00%(upstream:remoteref) refs/heads/master refs/remotes/master [547ms]
2024-09-16 20:59:14.663 [info] > git config --local branch.master.vscode-merge-base [2ms]
2024-09-16 20:59:14.663 [warning] [Git][config] git config failed: Failed to execute git
2024-09-16 20:59:14.670 [info] > git reflog master --grep-reflog=branch: Created from *. [1ms]
2024-09-16 20:59:14.677 [info] > git symbolic-ref --short refs/remotes/origin/HEAD [2ms]
2024-09-16 20:59:14.677 [info] fatal: ref refs/remotes/origin/HEAD is not a symbolic ref
2024-09-16 20:59:19.243 [info] > git config --get commit.template [7ms]
2024-09-16 20:59:19.244 [info] > git for-each-ref --format=%(refname)%00%(upstream:short)%00%(objectname)%00%(upstream:track)%00%(upstream:remotename)%00%(upstream:remoteref) refs/heads/master refs/remotes/master [1ms]
2024-09-16 20:59:19.311 [info] > git status -z -uall [62ms]
2024-09-16 20:59:19.922 [info] > git for-each-ref --format=%(refname)%00%(upstream:short)%00%(objectname)%00%(upstream:track)%00%(upstream:remotename)%00%(upstream:remoteref) refs/heads/master refs/remotes/master [595ms]
2024-09-16 20:59:19.932 [info] > git config --local branch.master.vscode-merge-base [1ms]
2024-09-16 20:59:19.932 [warning] [Git][config] git config failed: Failed to execute git
2024-09-16 20:59:19.940 [info] > git reflog master --grep-reflog=branch: Created from *. [2ms]
2024-09-16 20:59:19.951 [info] > git symbolic-ref --short refs/remotes/origin/HEAD [2ms]
2024-09-16 20:59:19.951 [info] fatal: ref refs/remotes/origin/HEAD is not a symbolic ref
2024-09-16 20:59:24.465 [info] > git config --get commit.template [8ms]
2024-09-16 20:59:24.465 [info] > git for-each-ref --format=%(refname)%00%(upstream:short)%00%(objectname)%00%(upstream:track)%00%(upstream:remotename)%00%(upstream:remoteref) refs/heads/master refs/remotes/master [1ms]
2024-09-16 20:59:24.533 [info] > git status -z -uall [63ms]
2024-09-16 20:59:25.104 [info] > git for-each-ref --format=%(refname)%00%(upstream:short)%00%(objectname)%00%(upstream:track)%00%(upstream:remotename)%00%(upstream:remoteref) refs/heads/master refs/remotes/master [554ms]
2024-09-16 20:59:25.114 [info] > git config --local branch.master.vscode-merge-base [1ms]
2024-09-16 20:59:25.115 [warning] [Git][config] git config failed: Failed to execute git
2024-09-16 20:59:25.122 [info] > git reflog master --grep-reflog=branch: Created from *. [1ms]
2024-09-16 20:59:25.129 [info] > git symbolic-ref --short refs/remotes/origin/HEAD [1ms]
2024-09-16 20:59:25.129 [info] fatal: ref refs/remotes/origin/HEAD is not a symbolic ref
2024-09-16 20:59:29.690 [info] > git config --get commit.template [8ms]
2024-09-16 20:59:29.690 [info] > git for-each-ref --format=%(refname)%00%(upstream:short)%00%(objectname)%00%(upstream:track)%00%(upstream:remotename)%00%(upstream:remoteref) refs/heads/master refs/remotes/master [1ms]
2024-09-16 20:59:29.757 [info] > git status -z -uall [61ms]
2024-09-16 20:59:30.361 [info] > git for-each-ref --format=%(refname)%00%(upstream:short)%00%(objectname)%00%(upstream:track)%00%(upstream:remotename)%00%(upstream:remoteref) refs/heads/master refs/remotes/master [586ms]
2024-09-16 20:59:30.372 [info] > git config --local branch.master.vscode-merge-base [2ms]
2024-09-16 20:59:30.372 [warning] [Git][config] git config failed: Failed to execute git
2024-09-16 20:59:30.380 [info] > git reflog master --grep-reflog=branch: Created from *. [1ms]
2024-09-16 20:59:30.389 [info] > git symbolic-ref --short refs/remotes/origin/HEAD [2ms]
2024-09-16 20:59:30.389 [info] fatal: ref refs/remotes/origin/HEAD is not a symbolic ref
2024-09-16 20:59:34.920 [info] > git config --get commit.template [6ms]
2024-09-16 20:59:34.921 [info] > git for-each-ref --format=%(refname)%00%(upstream:short)%00%(objectname)%00%(upstream:track)%00%(upstream:remotename)%00%(upstream:remoteref) refs/heads/master refs/remotes/master [1ms]
2024-09-16 20:59:34.986 [info] > git status -z -uall [61ms]
2024-09-16 20:59:35.584 [info] > git for-each-ref --format=%(refname)%00%(upstream:short)%00%(objectname)%00%(upstream:track)%00%(upstream:remotename)%00%(upstream:remoteref) refs/heads/master refs/remotes/master [579ms]
2024-09-16 20:59:35.594 [info] > git config --local branch.master.vscode-merge-base [1ms]
2024-09-16 20:59:35.595 [warning] [Git][config] git config failed: Failed to execute git
2024-09-16 20:59:35.603 [info] > git reflog master --grep-reflog=branch: Created from *. [2ms]
2024-09-16 20:59:35.613 [info] > git symbolic-ref --short refs/remotes/origin/HEAD [2ms]
2024-09-16 20:59:35.613 [info] fatal: ref refs/remotes/origin/HEAD is not a symbolic ref
2024-09-16 20:59:40.161 [info] > git config --get commit.template [7ms]
2024-09-16 20:59:40.161 [info] > git for-each-ref --format=%(refname)%00%(upstream:short)%00%(objectname)%00%(upstream:track)%00%(upstream:remotename)%00%(upstream:remoteref) refs/heads/master refs/remotes/master [1ms]
2024-09-16 20:59:40.237 [info] > git status -z -uall [63ms]
2024-09-16 20:59:40.817 [info] > git for-each-ref --format=%(refname)%00%(upstream:short)%00%(objectname)%00%(upstream:track)%00%(upstream:remotename)%00%(upstream:remoteref) refs/heads/master refs/remotes/master [563ms]
2024-09-16 20:59:40.829 [info] > git config --local branch.master.vscode-merge-base [3ms]
2024-09-16 20:59:40.829 [warning] [Git][config] git config failed: Failed to execute git
2024-09-16 20:59:40.837 [info] > git reflog master --grep-reflog=branch: Created from *. [2ms]
2024-09-16 20:59:40.847 [info] > git symbolic-ref --short refs/remotes/origin/HEAD [2ms]
2024-09-16 20:59:40.847 [info] fatal: ref refs/remotes/origin/HEAD is not a symbolic ref
2024-09-16 20:59:45.396 [info] > git config --get commit.template [7ms]
2024-09-16 20:59:45.396 [info] > git for-each-ref --format=%(refname)%00%(upstream:short)%00%(objectname)%00%(upstream:track)%00%(upstream:remotename)%00%(upstream:remoteref) refs/heads/master refs/remotes/master [1ms]
2024-09-16 20:59:45.462 [info] > git status -z -uall [61ms]
2024-09-16 20:59:46.027 [info] > git for-each-ref --format=%(refname)%00%(upstream:short)%00%(objectname)%00%(upstream:track)%00%(upstream:remotename)%00%(upstream:remoteref) refs/heads/master refs/remotes/master [548ms]
2024-09-16 20:59:46.039 [info] > git config --local branch.master.vscode-merge-base [2ms]
2024-09-16 20:59:46.039 [warning] [Git][config] git config failed: Failed to execute git
2024-09-16 20:59:46.047 [info] > git reflog master --grep-reflog=branch: Created from *. [1ms]
2024-09-16 20:59:46.057 [info] > git symbolic-ref --short refs/remotes/origin/HEAD [1ms]
2024-09-16 20:59:46.057 [info] fatal: ref refs/remotes/origin/HEAD is not a symbolic ref
2024-09-16 20:59:50.621 [info] > git config --get commit.template [5ms]
2024-09-16 20:59:50.622 [info] > git for-each-ref --format=%(refname)%00%(upstream:short)%00%(objectname)%00%(upstream:track)%00%(upstream:remotename)%00%(upstream:remoteref) refs/heads/master refs/remotes/master [2ms]
2024-09-16 20:59:50.687 [info] > git status -z -uall [61ms]
2024-09-16 20:59:51.255 [info] > git for-each-ref --format=%(refname)%00%(upstream:short)%00%(objectname)%00%(upstream:track)%00%(upstream:remotename)%00%(upstream:remoteref) refs/heads/master refs/remotes/master [548ms]
2024-09-16 20:59:51.270 [info] > git config --local branch.master.vscode-merge-base [4ms]
2024-09-16 20:59:51.270 [warning] [Git][config] git config failed: Failed to execute git
2024-09-16 20:59:51.278 [info] > git reflog master --grep-reflog=branch: Created from *. [2ms]
2024-09-16 20:59:51.286 [info] > git symbolic-ref --short refs/remotes/origin/HEAD [2ms]
2024-09-16 20:59:51.286 [info] fatal: ref refs/remotes/origin/HEAD is not a symbolic ref
2024-09-16 20:59:55.853 [info] > git config --get commit.template [6ms]
2024-09-16 20:59:55.854 [info] > git for-each-ref --format=%(refname)%00%(upstream:short)%00%(objectname)%00%(upstream:track)%00%(upstream:remotename)%00%(upstream:remoteref) refs/heads/master refs/remotes/master [2ms]
2024-09-16 20:59:55.921 [info] > git status -z -uall [62ms]
2024-09-16 20:59:56.506 [info] > git for-each-ref --format=%(refname)%00%(upstream:short)%00%(objectname)%00%(upstream:track)%00%(upstream:remotename)%00%(upstream:remoteref) refs/heads/master refs/remotes/master [568ms]
2024-09-16 20:59:56.519 [info] > git config --local branch.master.vscode-merge-base [3ms]
2024-09-16 20:59:56.519 [warning] [Git][config] git config failed: Failed to execute git
2024-09-16 20:59:56.528 [info] > git reflog master --grep-reflog=branch: Created from *. [2ms]
2024-09-16 20:59:56.544 [info] > git symbolic-ref --short refs/remotes/origin/HEAD [4ms]
2024-09-16 20:59:56.544 [info] fatal: ref refs/remotes/origin/HEAD is not a symbolic ref
2024-09-16 21:00:01.087 [info] > git config --get commit.template [7ms]
2024-09-16 21:00:01.088 [info] > git for-each-ref --format=%(refname)%00%(upstream:short)%00%(objectname)%00%(upstream:track)%00%(upstream:remotename)%00%(upstream:remoteref) refs/heads/master refs/remotes/master [2ms]
2024-09-16 21:00:01.153 [info] > git status -z -uall [61ms]
2024-09-16 21:00:01.725 [info] > git for-each-ref --format=%(refname)%00%(upstream:short)%00%(objectname)%00%(upstream:track)%00%(upstream:remotename)%00%(upstream:remoteref) refs/heads/master refs/remotes/master [554ms]
2024-09-16 21:00:01.737 [info] > git config --local branch.master.vscode-merge-base [3ms]
2024-09-16 21:00:01.737 [warning] [Git][config] git config failed: Failed to execute git
2024-09-16 21:00:01.744 [info] > git reflog master --grep-reflog=branch: Created from *. [2ms]
2024-09-16 21:00:01.753 [info] > git symbolic-ref --short refs/remotes/origin/HEAD [2ms]
2024-09-16 21:00:01.753 [info] fatal: ref refs/remotes/origin/HEAD is not a symbolic ref
2024-09-16 21:00:06.321 [info] > git config --get commit.template [7ms]
2024-09-16 21:00:06.322 [info] > git for-each-ref --format=%(refname)%00%(upstream:short)%00%(objectname)%00%(upstream:track)%00%(upstream:remotename)%00%(upstream:remoteref) refs/heads/master refs/remotes/master [1ms]
2024-09-16 21:00:06.388 [info] > git status -z -uall [62ms]
2024-09-16 21:00:06.940 [info] > git for-each-ref --format=%(refname)%00%(upstream:short)%00%(objectname)%00%(upstream:track)%00%(upstream:remotename)%00%(upstream:remoteref) refs/heads/master refs/remotes/master [535ms]
2024-09-16 21:00:06.954 [info] > git config --local branch.master.vscode-merge-base [4ms]
2024-09-16 21:00:06.954 [warning] [Git][config] git config failed: Failed to execute git
2024-09-16 21:00:06.963 [info] > git reflog master --grep-reflog=branch: Created from *. [1ms]
2024-09-16 21:00:06.973 [info] > git symbolic-ref --short refs/remotes/origin/HEAD [2ms]
2024-09-16 21:00:06.973 [info] fatal: ref refs/remotes/origin/HEAD is not a symbolic ref
2024-09-16 21:00:11.538 [info] > git config --get commit.template [5ms]
2024-09-16 21:00:11.539 [info] > git for-each-ref --format=%(refname)%00%(upstream:short)%00%(objectname)%00%(upstream:track)%00%(upstream:remotename)%00%(upstream:remoteref) refs/heads/master refs/remotes/master [1ms]
2024-09-16 21:00:11.605 [info] > git status -z -uall [62ms]
2024-09-16 21:00:12.192 [info] > git for-each-ref --format=%(refname)%00%(upstream:short)%00%(objectname)%00%(upstream:track)%00%(upstream:remotename)%00%(upstream:remoteref) refs/heads/master refs/remotes/master [571ms]
2024-09-16 21:00:12.202 [info] > git config --local branch.master.vscode-merge-base [1ms]
2024-09-16 21:00:12.202 [warning] [Git][config] git config failed: Failed to execute git
2024-09-16 21:00:12.210 [info] > git reflog master --grep-reflog=branch: Created from *. [2ms]
2024-09-16 21:00:12.219 [info] > git symbolic-ref --short refs/remotes/origin/HEAD [2ms]
2024-09-16 21:00:12.219 [info] fatal: ref refs/remotes/origin/HEAD is not a symbolic ref
2024-09-16 21:00:16.768 [info] > git config --get commit.template [4ms]
2024-09-16 21:00:16.774 [info] > git for-each-ref --format=%(refname)%00%(upstream:short)%00%(objectname)%00%(upstream:track)%00%(upstream:remotename)%00%(upstream:remoteref) refs/heads/master refs/remotes/master [1ms]
2024-09-16 21:00:16.840 [info] > git status -z -uall [61ms]
2024-09-16 21:00:17.409 [info] > git for-each-ref --format=%(refname)%00%(upstream:short)%00%(objectname)%00%(upstream:track)%00%(upstream:remotename)%00%(upstream:remoteref) refs/heads/master refs/remotes/master [550ms]
2024-09-16 21:00:17.418 [info] > git config --local branch.master.vscode-merge-base [1ms]
2024-09-16 21:00:17.418 [warning] [Git][config] git config failed: Failed to execute git
2024-09-16 21:00:17.426 [info] > git reflog master --grep-reflog=branch: Created from *. [2ms]
2024-09-16 21:00:17.438 [info] > git symbolic-ref --short refs/remotes/origin/HEAD [2ms]
2024-09-16 21:00:17.438 [info] fatal: ref refs/remotes/origin/HEAD is not a symbolic ref
2024-09-16 21:00:22.002 [info] > git config --get commit.template [8ms]
2024-09-16 21:00:22.002 [info] > git for-each-ref --format=%(refname)%00%(upstream:short)%00%(objectname)%00%(upstream:track)%00%(upstream:remotename)%00%(upstream:remoteref) refs/heads/master refs/remotes/master [1ms]
2024-09-16 21:00:22.068 [info] > git status -z -uall [61ms]
2024-09-16 21:00:22.637 [info] > git for-each-ref --format=%(refname)%00%(upstream:short)%00%(objectname)%00%(upstream:track)%00%(upstream:remotename)%00%(upstream:remoteref) refs/heads/master refs/remotes/master [551ms]
2024-09-16 21:00:22.646 [info] > git config --local branch.master.vscode-merge-base [1ms]
2024-09-16 21:00:22.646 [warning] [Git][config] git config failed: Failed to execute git
2024-09-16 21:00:22.655 [info] > git reflog master --grep-reflog=branch: Created from *. [1ms]
2024-09-16 21:00:22.665 [info] > git symbolic-ref --short refs/remotes/origin/HEAD [1ms]
2024-09-16 21:00:22.665 [info] fatal: ref refs/remotes/origin/HEAD is not a symbolic ref
2024-09-16 21:00:27.224 [info] > git config --get commit.template [7ms]
2024-09-16 21:00:27.225 [info] > git for-each-ref --format=%(refname)%00%(upstream:short)%00%(objectname)%00%(upstream:track)%00%(upstream:remotename)%00%(upstream:remoteref) refs/heads/master refs/remotes/master [1ms]
2024-09-16 21:00:27.292 [info] > git status -z -uall [63ms]
2024-09-16 21:00:27.871 [info] > git for-each-ref --format=%(refname)%00%(upstream:short)%00%(objectname)%00%(upstream:track)%00%(upstream:remotename)%00%(upstream:remoteref) refs/heads/master refs/remotes/master [562ms]
2024-09-16 21:00:27.886 [info] > git config --local branch.master.vscode-merge-base [5ms]
2024-09-16 21:00:27.886 [warning] [Git][config] git config failed: Failed to execute git
2024-09-16 21:00:27.895 [info] > git reflog master --grep-reflog=branch: Created from *. [2ms]
2024-09-16 21:00:27.906 [info] > git symbolic-ref --short refs/remotes/origin/HEAD [2ms]
2024-09-16 21:00:27.906 [info] fatal: ref refs/remotes/origin/HEAD is not a symbolic ref
2024-09-16 21:00:32.457 [info] > git config --get commit.template [7ms]
2024-09-16 21:00:32.458 [info] > git for-each-ref --format=%(refname)%00%(upstream:short)%00%(objectname)%00%(upstream:track)%00%(upstream:remotename)%00%(upstream:remoteref) refs/heads/master refs/remotes/master [2ms]
2024-09-16 21:00:32.525 [info] > git status -z -uall [63ms]
2024-09-16 21:00:33.109 [info] > git for-each-ref --format=%(refname)%00%(upstream:short)%00%(objectname)%00%(upstream:track)%00%(upstream:remotename)%00%(upstream:remoteref) refs/heads/master refs/remotes/master [567ms]
2024-09-16 21:00:33.118 [info] > git config --local branch.master.vscode-merge-base [1ms]
2024-09-16 21:00:33.118 [warning] [Git][config] git config failed: Failed to execute git
2024-09-16 21:00:33.126 [info] > git reflog master --grep-reflog=branch: Created from *. [2ms]
2024-09-16 21:00:33.133 [info] > git symbolic-ref --short refs/remotes/origin/HEAD [1ms]
2024-09-16 21:00:33.133 [info] fatal: ref refs/remotes/origin/HEAD is not a symbolic ref
2024-09-16 21:00:37.683 [info] > git config --get commit.template [6ms]
2024-09-16 21:00:37.683 [info] > git for-each-ref --format=%(refname)%00%(upstream:short)%00%(objectname)%00%(upstream:track)%00%(upstream:remotename)%00%(upstream:remoteref) refs/heads/master refs/remotes/master [1ms]
2024-09-16 21:00:37.749 [info] > git status -z -uall [61ms]
2024-09-16 21:00:38.315 [info] > git for-each-ref --format=%(refname)%00%(upstream:short)%00%(objectname)%00%(upstream:track)%00%(upstream:remotename)%00%(upstream:remoteref) refs/heads/master refs/remotes/master [549ms]
2024-09-16 21:00:38.330 [info] > git config --local branch.master.vscode-merge-base [6ms]
2024-09-16 21:00:38.330 [warning] [Git][config] git config failed: Failed to execute git
2024-09-16 21:00:38.338 [info] > git reflog master --grep-reflog=branch: Created from *. [2ms]
2024-09-16 21:00:38.351 [info] > git symbolic-ref --short refs/remotes/origin/HEAD [1ms]
2024-09-16 21:00:38.351 [info] fatal: ref refs/remotes/origin/HEAD is not a symbolic ref
2024-09-16 21:00:42.904 [info] > git config --get commit.template [6ms]
2024-09-16 21:00:42.905 [info] > git for-each-ref --format=%(refname)%00%(upstream:short)%00%(objectname)%00%(upstream:track)%00%(upstream:remotename)%00%(upstream:remoteref) refs/heads/master refs/remotes/master [2ms]
2024-09-16 21:00:42.972 [info] > git status -z -uall [63ms]
2024-09-16 21:00:43.555 [info] > git for-each-ref --format=%(refname)%00%(upstream:short)%00%(objectname)%00%(upstream:track)%00%(upstream:remotename)%00%(upstream:remoteref) refs/heads/master refs/remotes/master [565ms]
2024-09-16 21:00:43.569 [info] > git config --local branch.master.vscode-merge-base [4ms]
2024-09-16 21:00:43.569 [warning] [Git][config] git config failed: Failed to execute git
2024-09-16 21:00:43.577 [info] > git reflog master --grep-reflog=branch: Created from *. [2ms]
2024-09-16 21:00:43.590 [info] > git symbolic-ref --short refs/remotes/origin/HEAD [3ms]
2024-09-16 21:00:43.590 [info] fatal: ref refs/remotes/origin/HEAD is not a symbolic ref
2024-09-16 21:00:48.139 [info] > git config --get commit.template [5ms]
2024-09-16 21:00:48.139 [info] > git for-each-ref --format=%(refname)%00%(upstream:short)%00%(objectname)%00%(upstream:track)%00%(upstream:remotename)%00%(upstream:remoteref) refs/heads/master refs/remotes/master [1ms]
2024-09-16 21:00:48.206 [info] > git status -z -uall [62ms]
2024-09-16 21:00:48.789 [info] > git for-each-ref --format=%(refname)%00%(upstream:short)%00%(objectname)%00%(upstream:track)%00%(upstream:remotename)%00%(upstream:remoteref) refs/heads/master refs/remotes/master [565ms]
2024-09-16 21:00:48.798 [info] > git config --local branch.master.vscode-merge-base [1ms]
2024-09-16 21:00:48.798 [warning] [Git][config] git config failed: Failed to execute git
2024-09-16 21:00:48.806 [info] > git reflog master --grep-reflog=branch: Created from *. [2ms]
2024-09-16 21:00:48.813 [info] > git symbolic-ref --short refs/remotes/origin/HEAD [1ms]
2024-09-16 21:00:48.813 [info] fatal: ref refs/remotes/origin/HEAD is not a symbolic ref
2024-09-16 21:00:53.364 [info] > git config --get commit.template [6ms]
2024-09-16 21:00:53.364 [info] > git for-each-ref --format=%(refname)%00%(upstream:short)%00%(objectname)%00%(upstream:track)%00%(upstream:remotename)%00%(upstream:remoteref) refs/heads/master refs/remotes/master [1ms]
2024-09-16 21:00:53.430 [info] > git status -z -uall [61ms]
2024-09-16 21:00:54.016 [info] > git for-each-ref --format=%(refname)%00%(upstream:short)%00%(objectname)%00%(upstream:track)%00%(upstream:remotename)%00%(upstream:remoteref) refs/heads/master refs/remotes/master [570ms]
2024-09-16 21:00:54.027 [info] > git config --local branch.master.vscode-merge-base [1ms]
2024-09-16 21:00:54.027 [warning] [Git][config] git config failed: Failed to execute git
2024-09-16 21:00:54.036 [info] > git reflog master --grep-reflog=branch: Created from *. [1ms]
2024-09-16 21:00:54.043 [info] > git symbolic-ref --short refs/remotes/origin/HEAD [1ms]
2024-09-16 21:00:54.043 [info] fatal: ref refs/remotes/origin/HEAD is not a symbolic ref
2024-09-16 21:00:58.589 [info] > git config --get commit.template [6ms]
2024-09-16 21:00:58.590 [info] > git for-each-ref --format=%(refname)%00%(upstream:short)%00%(objectname)%00%(upstream:track)%00%(upstream:remotename)%00%(upstream:remoteref) refs/heads/master refs/remotes/master [1ms]
2024-09-16 21:00:58.679 [info] > git status -z -uall [85ms]
2024-09-16 21:00:59.265 [info] > git for-each-ref --format=%(refname)%00%(upstream:short)%00%(objectname)%00%(upstream:track)%00%(upstream:remotename)%00%(upstream:remoteref) refs/heads/master refs/remotes/master [569ms]
2024-09-16 21:00:59.274 [info] > git config --local branch.master.vscode-merge-base [1ms]
2024-09-16 21:00:59.274 [warning] [Git][config] git config failed: Failed to execute git
2024-09-16 21:00:59.282 [info] > git reflog master --grep-reflog=branch: Created from *. [2ms]
2024-09-16 21:00:59.289 [info] > git symbolic-ref --short refs/remotes/origin/HEAD [1ms]
2024-09-16 21:00:59.290 [info] fatal: ref refs/remotes/origin/HEAD is not a symbolic ref
2024-09-16 21:01:03.847 [info] > git config --get commit.template [7ms]
2024-09-16 21:01:03.848 [info] > git for-each-ref --format=%(refname)%00%(upstream:short)%00%(objectname)%00%(upstream:track)%00%(upstream:remotename)%00%(upstream:remoteref) refs/heads/master refs/remotes/master [2ms]
2024-09-16 21:01:03.914 [info] > git status -z -uall [62ms]
2024-09-16 21:01:04.480 [info] > git for-each-ref --format=%(refname)%00%(upstream:short)%00%(objectname)%00%(upstream:track)%00%(upstream:remotename)%00%(upstream:remoteref) refs/heads/master refs/remotes/master [549ms]
2024-09-16 21:01:04.490 [info] > git config --local branch.master.vscode-merge-base [2ms]
2024-09-16 21:01:04.490 [warning] [Git][config] git config failed: Failed to execute git
2024-09-16 21:01:04.498 [info] > git reflog master --grep-reflog=branch: Created from *. [2ms]
2024-09-16 21:01:04.509 [info] > git symbolic-ref --short refs/remotes/origin/HEAD [1ms]
2024-09-16 21:01:04.509 [info] fatal: ref refs/remotes/origin/HEAD is not a symbolic ref
2024-09-16 21:01:09.072 [info] > git config --get commit.template [7ms]
2024-09-16 21:01:09.073 [info] > git for-each-ref --format=%(refname)%00%(upstream:short)%00%(objectname)%00%(upstream:track)%00%(upstream:remotename)%00%(upstream:remoteref) refs/heads/master refs/remotes/master [2ms]
2024-09-16 21:01:09.139 [info] > git status -z -uall [62ms]
2024-09-16 21:01:09.697 [info] > git for-each-ref --format=%(refname)%00%(upstream:short)%00%(objectname)%00%(upstream:track)%00%(upstream:remotename)%00%(upstream:remoteref) refs/heads/master refs/remotes/master [541ms]
2024-09-16 21:01:09.709 [info] > git config --local branch.master.vscode-merge-base [2ms]
2024-09-16 21:01:09.709 [warning] [Git][config] git config failed: Failed to execute git
2024-09-16 21:01:09.718 [info] > git reflog master --grep-reflog=branch: Created from *. [1ms]
2024-09-16 21:01:09.726 [info] > git symbolic-ref --short refs/remotes/origin/HEAD [2ms]
2024-09-16 21:01:09.726 [info] fatal: ref refs/remotes/origin/HEAD is not a symbolic ref
2024-09-16 21:01:14.294 [info] > git config --get commit.template [3ms]
2024-09-16 21:01:14.300 [info] > git for-each-ref --format=%(refname)%00%(upstream:short)%00%(objectname)%00%(upstream:track)%00%(upstream:remotename)%00%(upstream:remoteref) refs/heads/master refs/remotes/master [2ms]
2024-09-16 21:01:14.366 [info] > git status -z -uall [62ms]
2024-09-16 21:01:14.942 [info] > git for-each-ref --format=%(refname)%00%(upstream:short)%00%(objectname)%00%(upstream:track)%00%(upstream:remotename)%00%(upstream:remoteref) refs/heads/master refs/remotes/master [559ms]
2024-09-16 21:01:14.958 [info] > git config --local branch.master.vscode-merge-base [6ms]
2024-09-16 21:01:14.958 [warning] [Git][config] git config failed: Failed to execute git
2024-09-16 21:01:14.969 [info] > git reflog master --grep-reflog=branch: Created from *. [4ms]
2024-09-16 21:01:14.980 [info] > git symbolic-ref --short refs/remotes/origin/HEAD [1ms]
2024-09-16 21:01:14.981 [info] fatal: ref refs/remotes/origin/HEAD is not a symbolic ref
2024-09-16 21:01:19.525 [info] > git config --get commit.template [8ms]
2024-09-16 21:01:19.526 [info] > git for-each-ref --format=%(refname)%00%(upstream:short)%00%(objectname)%00%(upstream:track)%00%(upstream:remotename)%00%(upstream:remoteref) refs/heads/master refs/remotes/master [2ms]
2024-09-16 21:01:19.592 [info] > git status -z -uall [61ms]
2024-09-16 21:01:20.173 [info] > git for-each-ref --format=%(refname)%00%(upstream:short)%00%(objectname)%00%(upstream:track)%00%(upstream:remotename)%00%(upstream:remoteref) refs/heads/master refs/remotes/master [562ms]
2024-09-16 21:01:20.186 [info] > git config --local branch.master.vscode-merge-base [4ms]
2024-09-16 21:01:20.186 [warning] [Git][config] git config failed: Failed to execute git
2024-09-16 21:01:20.194 [info] > git reflog master --grep-reflog=branch: Created from *. [1ms]
2024-09-16 21:01:20.204 [info] > git symbolic-ref --short refs/remotes/origin/HEAD [2ms]
2024-09-16 21:01:20.204 [info] fatal: ref refs/remotes/origin/HEAD is not a symbolic ref
2024-09-16 21:01:24.758 [info] > git config --get commit.template [7ms]
2024-09-16 21:01:24.758 [info] > git for-each-ref --format=%(refname)%00%(upstream:short)%00%(objectname)%00%(upstream:track)%00%(upstream:remotename)%00%(upstream:remoteref) refs/heads/master refs/remotes/master [1ms]
2024-09-16 21:01:24.824 [info] > git status -z -uall [61ms]
2024-09-16 21:01:25.389 [info] > git for-each-ref --format=%(refname)%00%(upstream:short)%00%(objectname)%00%(upstream:track)%00%(upstream:remotename)%00%(upstream:remoteref) refs/heads/master refs/remotes/master [543ms]
2024-09-16 21:01:25.400 [info] > git config --local branch.master.vscode-merge-base [3ms]
2024-09-16 21:01:25.400 [warning] [Git][config] git config failed: Failed to execute git
2024-09-16 21:01:25.408 [info] > git reflog master --grep-reflog=branch: Created from *. [2ms]
2024-09-16 21:01:25.415 [info] > git symbolic-ref --short refs/remotes/origin/HEAD [2ms]
2024-09-16 21:01:25.415 [info] fatal: ref refs/remotes/origin/HEAD is not a symbolic ref
2024-09-16 21:06:47.740 [info] > git config --get commit.template [9ms]
2024-09-16 21:06:47.741 [info] > git for-each-ref --format=%(refname)%00%(upstream:short)%00%(objectname)%00%(upstream:track)%00%(upstream:remotename)%00%(upstream:remoteref) refs/heads/master refs/remotes/master [2ms]
2024-09-16 21:06:47.817 [info] > git status -z -uall [70ms]
2024-09-16 21:06:48.438 [info] > git for-each-ref --format=%(refname)%00%(upstream:short)%00%(objectname)%00%(upstream:track)%00%(upstream:remotename)%00%(upstream:remoteref) refs/heads/master refs/remotes/master [601ms]
2024-09-16 21:06:48.453 [info] > git config --local branch.master.vscode-merge-base [4ms]
2024-09-16 21:06:48.453 [warning] [Git][config] git config failed: Failed to execute git
2024-09-16 21:06:48.464 [info] > git reflog master --grep-reflog=branch: Created from *. [2ms]
2024-09-16 21:06:48.472 [info] > git symbolic-ref --short refs/remotes/origin/HEAD [1ms]
2024-09-16 21:06:48.472 [info] fatal: ref refs/remotes/origin/HEAD is not a symbolic ref
2024-09-16 21:06:53.003 [info] > git config --get commit.template [7ms]
2024-09-16 21:06:53.004 [info] > git for-each-ref --format=%(refname)%00%(upstream:short)%00%(objectname)%00%(upstream:track)%00%(upstream:remotename)%00%(upstream:remoteref) refs/heads/master refs/remotes/master [1ms]
2024-09-16 21:06:53.074 [info] > git status -z -uall [65ms]
2024-09-16 21:06:53.668 [info] > git for-each-ref --format=%(refname)%00%(upstream:short)%00%(objectname)%00%(upstream:track)%00%(upstream:remotename)%00%(upstream:remoteref) refs/heads/master refs/remotes/master [575ms]
2024-09-16 21:06:53.681 [info] > git config --local branch.master.vscode-merge-base [4ms]
2024-09-16 21:06:53.681 [warning] [Git][config] git config failed: Failed to execute git
2024-09-16 21:06:53.690 [info] > git reflog master --grep-reflog=branch: Created from *. [2ms]
2024-09-16 21:06:53.699 [info] > git symbolic-ref --short refs/remotes/origin/HEAD [2ms]
2024-09-16 21:06:53.699 [info] fatal: ref refs/remotes/origin/HEAD is not a symbolic ref
2024-09-16 21:06:58.242 [info] > git config --get commit.template [7ms]
2024-09-16 21:06:58.242 [info] > git for-each-ref --format=%(refname)%00%(upstream:short)%00%(objectname)%00%(upstream:track)%00%(upstream:remotename)%00%(upstream:remoteref) refs/heads/master refs/remotes/master [1ms]
2024-09-16 21:06:58.309 [info] > git status -z -uall [62ms]
2024-09-16 21:06:58.904 [info] > git for-each-ref --format=%(refname)%00%(upstream:short)%00%(objectname)%00%(upstream:track)%00%(upstream:remotename)%00%(upstream:remoteref) refs/heads/master refs/remotes/master [578ms]
2024-09-16 21:06:58.923 [info] > git config --local branch.master.vscode-merge-base [5ms]
2024-09-16 21:06:58.923 [warning] [Git][config] git config failed: Failed to execute git
2024-09-16 21:06:58.933 [info] > git reflog master --grep-reflog=branch: Created from *. [2ms]
2024-09-16 21:06:58.946 [info] > git symbolic-ref --short refs/remotes/origin/HEAD [2ms]
2024-09-16 21:06:58.946 [info] fatal: ref refs/remotes/origin/HEAD is not a symbolic ref
2024-09-16 21:07:30.118 [info] > git config --get commit.template [7ms]
2024-09-16 21:07:30.119 [info] > git for-each-ref --format=%(refname)%00%(upstream:short)%00%(objectname)%00%(upstream:track)%00%(upstream:remotename)%00%(upstream:remoteref) refs/heads/master refs/remotes/master [2ms]
2024-09-16 21:07:30.193 [info] > git status -z -uall [69ms]
2024-09-16 21:07:30.824 [info] > git for-each-ref --format=%(refname)%00%(upstream:short)%00%(objectname)%00%(upstream:track)%00%(upstream:remotename)%00%(upstream:remoteref) refs/heads/master refs/remotes/master [611ms]
2024-09-16 21:07:30.837 [info] > git config --local branch.master.vscode-merge-base [3ms]
2024-09-16 21:07:30.837 [warning] [Git][config] git config failed: Failed to execute git
2024-09-16 21:07:30.848 [info] > git reflog master --grep-reflog=branch: Created from *. [1ms]
2024-09-16 21:07:30.857 [info] > git symbolic-ref --short refs/remotes/origin/HEAD [1ms]
2024-09-16 21:07:30.857 [info] fatal: ref refs/remotes/origin/HEAD is not a symbolic ref
2024-09-16 21:07:35.370 [info] > git config --get commit.template [4ms]
2024-09-16 21:07:35.377 [info] > git for-each-ref --format=%(refname)%00%(upstream:short)%00%(objectname)%00%(upstream:track)%00%(upstream:remotename)%00%(upstream:remoteref) refs/heads/master refs/remotes/master [2ms]
2024-09-16 21:07:35.445 [info] > git status -z -uall [63ms]
2024-09-16 21:07:36.048 [info] > git for-each-ref --format=%(refname)%00%(upstream:short)%00%(objectname)%00%(upstream:track)%00%(upstream:remotename)%00%(upstream:remoteref) refs/heads/master refs/remotes/master [585ms]
2024-09-16 21:07:36.060 [info] > git config --local branch.master.vscode-merge-base [3ms]
2024-09-16 21:07:36.060 [warning] [Git][config] git config failed: Failed to execute git
2024-09-16 21:07:36.068 [info] > git reflog master --grep-reflog=branch: Created from *. [2ms]
2024-09-16 21:07:36.080 [info] > git symbolic-ref --short refs/remotes/origin/HEAD [2ms]
2024-09-16 21:07:36.080 [info] fatal: ref refs/remotes/origin/HEAD is not a symbolic ref
2024-09-16 21:08:15.931 [info] > git config --get commit.template [7ms]
2024-09-16 21:08:15.931 [info] > git for-each-ref --format=%(refname)%00%(upstream:short)%00%(objectname)%00%(upstream:track)%00%(upstream:remotename)%00%(upstream:remoteref) refs/heads/master refs/remotes/master [1ms]
2024-09-16 21:08:16.008 [info] > git status -z -uall [70ms]
2024-09-16 21:08:16.635 [info] > git for-each-ref --format=%(refname)%00%(upstream:short)%00%(objectname)%00%(upstream:track)%00%(upstream:remotename)%00%(upstream:remoteref) refs/heads/master refs/remotes/master [606ms]
2024-09-16 21:08:16.650 [info] > git config --local branch.master.vscode-merge-base [4ms]
2024-09-16 21:08:16.651 [warning] [Git][config] git config failed: Failed to execute git
2024-09-16 21:08:16.664 [info] > git reflog master --grep-reflog=branch: Created from *. [3ms]
2024-09-16 21:08:16.673 [info] > git symbolic-ref --short refs/remotes/origin/HEAD [1ms]
2024-09-16 21:08:16.673 [info] fatal: ref refs/remotes/origin/HEAD is not a symbolic ref
2024-09-16 21:08:21.187 [info] > git config --get commit.template [7ms]
2024-09-16 21:08:21.188 [info] > git for-each-ref --format=%(refname)%00%(upstream:short)%00%(objectname)%00%(upstream:track)%00%(upstream:remotename)%00%(upstream:remoteref) refs/heads/master refs/remotes/master [1ms]
2024-09-16 21:08:21.256 [info] > git status -z -uall [63ms]
2024-09-16 21:08:21.883 [info] > git for-each-ref --format=%(refname)%00%(upstream:short)%00%(objectname)%00%(upstream:track)%00%(upstream:remotename)%00%(upstream:remoteref) refs/heads/master refs/remotes/master [610ms]
2024-09-16 21:08:21.897 [info] > git config --local branch.master.vscode-merge-base [5ms]
2024-09-16 21:08:21.897 [warning] [Git][config] git config failed: Failed to execute git
2024-09-16 21:08:21.911 [info] > git reflog master --grep-reflog=branch: Created from *. [3ms]
2024-09-16 21:08:21.922 [info] > git symbolic-ref --short refs/remotes/origin/HEAD [2ms]
2024-09-16 21:08:21.922 [info] fatal: ref refs/remotes/origin/HEAD is not a symbolic ref
2024-09-16 21:08:26.429 [info] > git config --get commit.template [9ms]
2024-09-16 21:08:26.429 [info] > git for-each-ref --format=%(refname)%00%(upstream:short)%00%(objectname)%00%(upstream:track)%00%(upstream:remotename)%00%(upstream:remoteref) refs/heads/master refs/remotes/master [1ms]
2024-09-16 21:08:26.498 [info] > git status -z -uall [62ms]
2024-09-16 21:08:27.104 [info] > git for-each-ref --format=%(refname)%00%(upstream:short)%00%(objectname)%00%(upstream:track)%00%(upstream:remotename)%00%(upstream:remoteref) refs/heads/master refs/remotes/master [586ms]
2024-09-16 21:08:27.116 [info] > git config --local branch.master.vscode-merge-base [3ms]
2024-09-16 21:08:27.116 [warning] [Git][config] git config failed: Failed to execute git
2024-09-16 21:08:27.127 [info] > git reflog master --grep-reflog=branch: Created from *. [2ms]
2024-09-16 21:08:27.138 [info] > git symbolic-ref --short refs/remotes/origin/HEAD [1ms]
2024-09-16 21:08:27.138 [info] fatal: ref refs/remotes/origin/HEAD is not a symbolic ref
2024-09-16 21:08:31.673 [info] > git config --get commit.template [6ms]
2024-09-16 21:08:31.673 [info] > git for-each-ref --format=%(refname)%00%(upstream:short)%00%(objectname)%00%(upstream:track)%00%(upstream:remotename)%00%(upstream:remoteref) refs/heads/master refs/remotes/master [1ms]
2024-09-16 21:08:31.742 [info] > git status -z -uall [64ms]
2024-09-16 21:08:32.351 [info] > git for-each-ref --format=%(refname)%00%(upstream:short)%00%(objectname)%00%(upstream:track)%00%(upstream:remotename)%00%(upstream:remoteref) refs/heads/master refs/remotes/master [592ms]
2024-09-16 21:08:32.365 [info] > git config --local branch.master.vscode-merge-base [4ms]
2024-09-16 21:08:32.365 [warning] [Git][config] git config failed: Failed to execute git
2024-09-16 21:08:32.375 [info] > git reflog master --grep-reflog=branch: Created from *. [2ms]
2024-09-16 21:08:32.388 [info] > git symbolic-ref --short refs/remotes/origin/HEAD [1ms]
2024-09-16 21:08:32.388 [info] fatal: ref refs/remotes/origin/HEAD is not a symbolic ref
2024-09-16 21:08:36.911 [info] > git config --get commit.template [7ms]
2024-09-16 21:08:36.912 [info] > git for-each-ref --format=%(refname)%00%(upstream:short)%00%(objectname)%00%(upstream:track)%00%(upstream:remotename)%00%(upstream:remoteref) refs/heads/master refs/remotes/master [2ms]
2024-09-16 21:08:36.978 [info] > git status -z -uall [62ms]
2024-09-16 21:08:37.539 [info] > git for-each-ref --format=%(refname)%00%(upstream:short)%00%(objectname)%00%(upstream:track)%00%(upstream:remotename)%00%(upstream:remoteref) refs/heads/master refs/remotes/master [544ms]
2024-09-16 21:08:37.550 [info] > git config --local branch.master.vscode-merge-base [2ms]
2024-09-16 21:08:37.550 [warning] [Git][config] git config failed: Failed to execute git
2024-09-16 21:08:37.558 [info] > git reflog master --grep-reflog=branch: Created from *. [2ms]
2024-09-16 21:08:37.565 [info] > git symbolic-ref --short refs/remotes/origin/HEAD [1ms]
2024-09-16 21:08:37.566 [info] fatal: ref refs/remotes/origin/HEAD is not a symbolic ref
2024-09-16 21:08:42.134 [info] > git config --get commit.template [5ms]
2024-09-16 21:08:42.134 [info] > git for-each-ref --format=%(refname)%00%(upstream:short)%00%(objectname)%00%(upstream:track)%00%(upstream:remotename)%00%(upstream:remoteref) refs/heads/master refs/remotes/master [1ms]
2024-09-16 21:08:42.201 [info] > git status -z -uall [61ms]
2024-09-16 21:08:42.777 [info] > git for-each-ref --format=%(refname)%00%(upstream:short)%00%(objectname)%00%(upstream:track)%00%(upstream:remotename)%00%(upstream:remoteref) refs/heads/master refs/remotes/master [556ms]
2024-09-16 21:08:42.790 [info] > git config --local branch.master.vscode-merge-base [4ms]
2024-09-16 21:08:42.790 [warning] [Git][config] git config failed: Failed to execute git
2024-09-16 21:08:42.799 [info] > git reflog master --grep-reflog=branch: Created from *. [2ms]
2024-09-16 21:08:42.810 [info] > git symbolic-ref --short refs/remotes/origin/HEAD [1ms]
2024-09-16 21:08:42.810 [info] fatal: ref refs/remotes/origin/HEAD is not a symbolic ref
2024-09-16 21:08:47.366 [info] > git config --get commit.template [7ms]
2024-09-16 21:08:47.366 [info] > git for-each-ref --format=%(refname)%00%(upstream:short)%00%(objectname)%00%(upstream:track)%00%(upstream:remotename)%00%(upstream:remoteref) refs/heads/master refs/remotes/master [1ms]
2024-09-16 21:08:47.440 [info] > git status -z -uall [61ms]
2024-09-16 21:08:48.007 [info] > git for-each-ref --format=%(refname)%00%(upstream:short)%00%(objectname)%00%(upstream:track)%00%(upstream:remotename)%00%(upstream:remoteref) refs/heads/master refs/remotes/master [549ms]
2024-09-16 21:08:48.016 [info] > git config --local branch.master.vscode-merge-base [1ms]
2024-09-16 21:08:48.016 [warning] [Git][config] git config failed: Failed to execute git
2024-09-16 21:08:48.023 [info] > git reflog master --grep-reflog=branch: Created from *. [1ms]
2024-09-16 21:08:48.032 [info] > git symbolic-ref --short refs/remotes/origin/HEAD [2ms]
2024-09-16 21:08:48.032 [info] fatal: ref refs/remotes/origin/HEAD is not a symbolic ref
2024-09-16 21:08:52.598 [info] > git config --get commit.template [6ms]
2024-09-16 21:08:52.599 [info] > git for-each-ref --format=%(refname)%00%(upstream:short)%00%(objectname)%00%(upstream:track)%00%(upstream:remotename)%00%(upstream:remoteref) refs/heads/master refs/remotes/master [2ms]
2024-09-16 21:08:52.680 [info] > git status -z -uall [68ms]
2024-09-16 21:08:53.256 [info] > git for-each-ref --format=%(refname)%00%(upstream:short)%00%(objectname)%00%(upstream:track)%00%(upstream:remotename)%00%(upstream:remoteref) refs/heads/master refs/remotes/master [558ms]
2024-09-16 21:08:53.267 [info] > git config --local branch.master.vscode-merge-base [1ms]
2024-09-16 21:08:53.267 [warning] [Git][config] git config failed: Failed to execute git
2024-09-16 21:08:53.275 [info] > git reflog master --grep-reflog=branch: Created from *. [2ms]
2024-09-16 21:08:53.288 [info] > git symbolic-ref --short refs/remotes/origin/HEAD [3ms]
2024-09-16 21:08:53.288 [info] fatal: ref refs/remotes/origin/HEAD is not a symbolic ref
2024-09-16 21:08:57.851 [info] > git config --get commit.template [7ms]
2024-09-16 21:08:57.852 [info] > git for-each-ref --format=%(refname)%00%(upstream:short)%00%(objectname)%00%(upstream:track)%00%(upstream:remotename)%00%(upstream:remoteref) refs/heads/master refs/remotes/master [2ms]
2024-09-16 21:08:57.917 [info] > git status -z -uall [61ms]
2024-09-16 21:08:58.483 [info] > git for-each-ref --format=%(refname)%00%(upstream:short)%00%(objectname)%00%(upstream:track)%00%(upstream:remotename)%00%(upstream:remoteref) refs/heads/master refs/remotes/master [549ms]
2024-09-16 21:08:58.497 [info] > git config --local branch.master.vscode-merge-base [5ms]
2024-09-16 21:08:58.497 [warning] [Git][config] git config failed: Failed to execute git
2024-09-16 21:08:58.505 [info] > git reflog master --grep-reflog=branch: Created from *. [1ms]
2024-09-16 21:08:58.516 [info] > git symbolic-ref --short refs/remotes/origin/HEAD [2ms]
2024-09-16 21:08:58.516 [info] fatal: ref refs/remotes/origin/HEAD is not a symbolic ref
2024-09-16 21:09:03.075 [info] > git config --get commit.template [6ms]
2024-09-16 21:09:03.075 [info] > git for-each-ref --format=%(refname)%00%(upstream:short)%00%(objectname)%00%(upstream:track)%00%(upstream:remotename)%00%(upstream:remoteref) refs/heads/master refs/remotes/master [1ms]
2024-09-16 21:09:03.142 [info] > git status -z -uall [62ms]
2024-09-16 21:09:03.714 [info] > git for-each-ref --format=%(refname)%00%(upstream:short)%00%(objectname)%00%(upstream:track)%00%(upstream:remotename)%00%(upstream:remoteref) refs/heads/master refs/remotes/master [555ms]
2024-09-16 21:09:03.724 [info] > git config --local branch.master.vscode-merge-base [2ms]
2024-09-16 21:09:03.724 [warning] [Git][config] git config failed: Failed to execute git
2024-09-16 21:09:03.731 [info] > git reflog master --grep-reflog=branch: Created from *. [1ms]
2024-09-16 21:09:03.738 [info] > git symbolic-ref --short refs/remotes/origin/HEAD [1ms]
2024-09-16 21:09:03.738 [info] fatal: ref refs/remotes/origin/HEAD is not a symbolic ref
2024-09-16 21:10:52.723 [info] > git config --get commit.template [10ms]
2024-09-16 21:10:52.724 [info] > git for-each-ref --format=%(refname)%00%(upstream:short)%00%(objectname)%00%(upstream:track)%00%(upstream:remotename)%00%(upstream:remoteref) refs/heads/master refs/remotes/master [3ms]
2024-09-16 21:10:52.805 [info] > git status -z -uall [72ms]
2024-09-16 21:10:53.442 [info] > git for-each-ref --format=%(refname)%00%(upstream:short)%00%(objectname)%00%(upstream:track)%00%(upstream:remotename)%00%(upstream:remoteref) refs/heads/master refs/remotes/master [617ms]
2024-09-16 21:10:53.453 [info] > git config --local branch.master.vscode-merge-base [1ms]
2024-09-16 21:10:53.453 [warning] [Git][config] git config failed: Failed to execute git
2024-09-16 21:10:53.464 [info] > git reflog master --grep-reflog=branch: Created from *. [2ms]
2024-09-16 21:10:53.473 [info] > git symbolic-ref --short refs/remotes/origin/HEAD [1ms]
2024-09-16 21:10:53.474 [info] fatal: ref refs/remotes/origin/HEAD is not a symbolic ref
2024-09-16 21:14:39.476 [info] > git config --get commit.template [7ms]
2024-09-16 21:14:39.476 [info] > git for-each-ref --format=%(refname)%00%(upstream:short)%00%(objectname)%00%(upstream:track)%00%(upstream:remotename)%00%(upstream:remoteref) refs/heads/master refs/remotes/master [1ms]
2024-09-16 21:14:39.549 [info] > git status -z -uall [67ms]
2024-09-16 21:14:40.172 [info] > git for-each-ref --format=%(refname)%00%(upstream:short)%00%(objectname)%00%(upstream:track)%00%(upstream:remotename)%00%(upstream:remoteref) refs/heads/master refs/remotes/master [604ms]
2024-09-16 21:14:40.181 [info] > git config --local branch.master.vscode-merge-base [1ms]
2024-09-16 21:14:40.181 [warning] [Git][config] git config failed: Failed to execute git
2024-09-16 21:14:40.190 [info] > git reflog master --grep-reflog=branch: Created from *. [3ms]
2024-09-16 21:14:40.200 [info] > git symbolic-ref --short refs/remotes/origin/HEAD [2ms]
2024-09-16 21:14:40.200 [info] fatal: ref refs/remotes/origin/HEAD is not a symbolic ref
2024-09-16 21:14:44.727 [info] > git config --get commit.template [6ms]
2024-09-16 21:14:44.728 [info] > git for-each-ref --format=%(refname)%00%(upstream:short)%00%(objectname)%00%(upstream:track)%00%(upstream:remotename)%00%(upstream:remoteref) refs/heads/master refs/remotes/master [1ms]
2024-09-16 21:14:44.794 [info] > git status -z -uall [61ms]
2024-09-16 21:14:45.379 [info] > git for-each-ref --format=%(refname)%00%(upstream:short)%00%(objectname)%00%(upstream:track)%00%(upstream:remotename)%00%(upstream:remoteref) refs/heads/master refs/remotes/master [567ms]
2024-09-16 21:14:45.392 [info] > git config --local branch.master.vscode-merge-base [3ms]
2024-09-16 21:14:45.392 [warning] [Git][config] git config failed: Failed to execute git
2024-09-16 21:14:45.400 [info] > git reflog master --grep-reflog=branch: Created from *. [2ms]
2024-09-16 21:14:45.410 [info] > git symbolic-ref --short refs/remotes/origin/HEAD [3ms]
2024-09-16 21:14:45.410 [info] fatal: ref refs/remotes/origin/HEAD is not a symbolic ref
2024-09-16 21:15:17.375 [info] > git config --get commit.template [9ms]
2024-09-16 21:15:17.376 [info] > git for-each-ref --format=%(refname)%00%(upstream:short)%00%(objectname)%00%(upstream:track)%00%(upstream:remotename)%00%(upstream:remoteref) refs/heads/master refs/remotes/master [2ms]
2024-09-16 21:15:17.452 [info] > git status -z -uall [70ms]
2024-09-16 21:15:18.087 [info] > git for-each-ref --format=%(refname)%00%(upstream:short)%00%(objectname)%00%(upstream:track)%00%(upstream:remotename)%00%(upstream:remoteref) refs/heads/master refs/remotes/master [618ms]
2024-09-16 21:15:18.097 [info] > git config --local branch.master.vscode-merge-base [1ms]
2024-09-16 21:15:18.097 [warning] [Git][config] git config failed: Failed to execute git
2024-09-16 21:15:18.107 [info] > git reflog master --grep-reflog=branch: Created from *. [2ms]
2024-09-16 21:15:18.117 [info] > git symbolic-ref --short refs/remotes/origin/HEAD [1ms]
2024-09-16 21:15:18.117 [info] fatal: ref refs/remotes/origin/HEAD is not a symbolic ref
2024-09-16 21:18:53.194 [info] > git config --get commit.template [7ms]
2024-09-16 21:18:53.195 [info] > git for-each-ref --format=%(refname)%00%(upstream:short)%00%(objectname)%00%(upstream:track)%00%(upstream:remotename)%00%(upstream:remoteref) refs/heads/master refs/remotes/master [2ms]
2024-09-16 21:18:53.270 [info] > git status -z -uall [69ms]
2024-09-16 21:18:53.881 [info] > git for-each-ref --format=%(refname)%00%(upstream:short)%00%(objectname)%00%(upstream:track)%00%(upstream:remotename)%00%(upstream:remoteref) refs/heads/master refs/remotes/master [593ms]
2024-09-16 21:18:53.893 [info] > git config --local branch.master.vscode-merge-base [3ms]
2024-09-16 21:18:53.894 [warning] [Git][config] git config failed: Failed to execute git
2024-09-16 21:18:53.906 [info] > git reflog master --grep-reflog=branch: Created from *. [1ms]
2024-09-16 21:18:53.915 [info] > git symbolic-ref --short refs/remotes/origin/HEAD [2ms]
2024-09-16 21:18:53.915 [info] fatal: ref refs/remotes/origin/HEAD is not a symbolic ref
