2024-09-16 20:53:40.194 [info] Started local extension host with pid 39749.
2024-09-16 20:53:40.487 [info] Placing extension(s) asvetliakov.vscode-neovim on a separate extension host.
2024-09-16 20:53:40.722 [info] Started local extension host with pid 39794.
2024-09-16 20:53:43.331 [info] [perf] Render performance baseline is 26ms
2024-09-16 20:53:47.621 [error] [ExtensionListenerError] Extension 'asvetliakov.vscode-neovim' FAILED to handle event: TypeError: Cannot read properties of undefined (reading 'command'): Error: [ExtensionListenerError] Extension 'asvetliakov.vscode-neovim' FAILED to handle event: TypeError: Cannot read properties of undefined (reading 'command')
	at i.value (/usr/lib/code/out/vs/workbench/api/node/extensionHostProcess.js:171:28731)
	at r.B (/usr/lib/code/out/vs/workbench/api/node/extensionHostProcess.js:90:732)
	at r.fire (/usr/lib/code/out/vs/workbench/api/node/extensionHostProcess.js:90:949)
	at I.onDidChangeWindowProperty (/usr/lib/code/out/vs/workbench/api/node/extensionHostProcess.js:153:21118)
	at I.$onDidChangeWindowFocus (/usr/lib/code/out/vs/workbench/api/node/extensionHostProcess.js:153:20929)
	at y.S (/usr/lib/code/out/vs/workbench/api/node/extensionHostProcess.js:158:5968)
	at y.Q (/usr/lib/code/out/vs/workbench/api/node/extensionHostProcess.js:158:5734)
	at y.M (/usr/lib/code/out/vs/workbench/api/node/extensionHostProcess.js:158:4767)
	at y.L (/usr/lib/code/out/vs/workbench/api/node/extensionHostProcess.js:158:3602)
	at i.value (/usr/lib/code/out/vs/workbench/api/node/extensionHostProcess.js:158:2297)
	at r.B (/usr/lib/code/out/vs/workbench/api/node/extensionHostProcess.js:90:732)
	at r.fire (/usr/lib/code/out/vs/workbench/api/node/extensionHostProcess.js:90:949)
	at a.fire (/usr/lib/code/out/vs/workbench/api/node/extensionHostProcess.js:115:14463)
	at i.value (/usr/lib/code/out/vs/workbench/api/node/extensionHostProcess.js:184:8635)
	at r.B (/usr/lib/code/out/vs/workbench/api/node/extensionHostProcess.js:90:732)
	at r.fire (/usr/lib/code/out/vs/workbench/api/node/extensionHostProcess.js:90:949)
	at a.fire (/usr/lib/code/out/vs/workbench/api/node/extensionHostProcess.js:115:14463)
	at MessagePortMain.<anonymous> (/usr/lib/code/out/vs/workbench/api/node/extensionHostProcess.js:184:6761)
	at MessagePortMain.emit (node:events:519:28)
	at MessagePortMain._internalPort.emit (node:electron/js2c/utility_init:2:2619)
2024-09-16 20:54:26.716 [error] [ExtensionListenerError] Extension 'asvetliakov.vscode-neovim' FAILED to handle event: TypeError: Cannot read properties of undefined (reading 'command'): Error: [ExtensionListenerError] Extension 'asvetliakov.vscode-neovim' FAILED to handle event: TypeError: Cannot read properties of undefined (reading 'command')
	at i.value (/usr/lib/code/out/vs/workbench/api/node/extensionHostProcess.js:171:28731)
	at r.B (/usr/lib/code/out/vs/workbench/api/node/extensionHostProcess.js:90:732)
	at r.fire (/usr/lib/code/out/vs/workbench/api/node/extensionHostProcess.js:90:949)
	at I.onDidChangeWindowProperty (/usr/lib/code/out/vs/workbench/api/node/extensionHostProcess.js:153:21118)
	at I.$onDidChangeWindowFocus (/usr/lib/code/out/vs/workbench/api/node/extensionHostProcess.js:153:20929)
	at y.S (/usr/lib/code/out/vs/workbench/api/node/extensionHostProcess.js:158:5968)
	at y.Q (/usr/lib/code/out/vs/workbench/api/node/extensionHostProcess.js:158:5734)
	at y.M (/usr/lib/code/out/vs/workbench/api/node/extensionHostProcess.js:158:4767)
	at y.L (/usr/lib/code/out/vs/workbench/api/node/extensionHostProcess.js:158:3602)
	at i.value (/usr/lib/code/out/vs/workbench/api/node/extensionHostProcess.js:158:2297)
	at r.B (/usr/lib/code/out/vs/workbench/api/node/extensionHostProcess.js:90:732)
	at r.fire (/usr/lib/code/out/vs/workbench/api/node/extensionHostProcess.js:90:949)
	at a.fire (/usr/lib/code/out/vs/workbench/api/node/extensionHostProcess.js:115:14463)
	at i.value (/usr/lib/code/out/vs/workbench/api/node/extensionHostProcess.js:184:8635)
	at r.B (/usr/lib/code/out/vs/workbench/api/node/extensionHostProcess.js:90:732)
	at r.fire (/usr/lib/code/out/vs/workbench/api/node/extensionHostProcess.js:90:949)
	at a.fire (/usr/lib/code/out/vs/workbench/api/node/extensionHostProcess.js:115:14463)
	at MessagePortMain.<anonymous> (/usr/lib/code/out/vs/workbench/api/node/extensionHostProcess.js:184:6761)
	at MessagePortMain.emit (node:events:519:28)
	at MessagePortMain._internalPort.emit (node:electron/js2c/utility_init:2:2619)
2024-09-16 20:54:27.981 [info] Started local extension host with pid 41380.
2024-09-16 20:54:28.308 [info] Ignoring configured affinity for 'asvetliakov.vscode-neovim' because extension host(s) are already running. Reload window.
2024-09-16 20:54:28.322 [info] Placing extension(s) asvetliakov.vscode-neovim on a separate extension host.
2024-09-16 20:54:28.449 [info] Started local extension host with pid 41421.
2024-09-16 20:54:30.789 [info] [perf] Render performance baseline is 26ms
2024-09-16 20:55:12.753 [error] [ExtensionListenerError] Extension 'asvetliakov.vscode-neovim' FAILED to handle event: TypeError: Cannot read properties of undefined (reading 'command'): Error: [ExtensionListenerError] Extension 'asvetliakov.vscode-neovim' FAILED to handle event: TypeError: Cannot read properties of undefined (reading 'command')
	at i.value (/usr/lib/code/out/vs/workbench/api/node/extensionHostProcess.js:171:28731)
	at r.B (/usr/lib/code/out/vs/workbench/api/node/extensionHostProcess.js:90:732)
	at r.fire (/usr/lib/code/out/vs/workbench/api/node/extensionHostProcess.js:90:949)
	at I.onDidChangeWindowProperty (/usr/lib/code/out/vs/workbench/api/node/extensionHostProcess.js:153:21118)
	at I.$onDidChangeWindowFocus (/usr/lib/code/out/vs/workbench/api/node/extensionHostProcess.js:153:20929)
	at y.S (/usr/lib/code/out/vs/workbench/api/node/extensionHostProcess.js:158:5968)
	at y.Q (/usr/lib/code/out/vs/workbench/api/node/extensionHostProcess.js:158:5734)
	at y.M (/usr/lib/code/out/vs/workbench/api/node/extensionHostProcess.js:158:4767)
	at y.L (/usr/lib/code/out/vs/workbench/api/node/extensionHostProcess.js:158:3602)
	at i.value (/usr/lib/code/out/vs/workbench/api/node/extensionHostProcess.js:158:2297)
	at r.B (/usr/lib/code/out/vs/workbench/api/node/extensionHostProcess.js:90:732)
	at r.fire (/usr/lib/code/out/vs/workbench/api/node/extensionHostProcess.js:90:949)
	at a.fire (/usr/lib/code/out/vs/workbench/api/node/extensionHostProcess.js:115:14463)
	at i.value (/usr/lib/code/out/vs/workbench/api/node/extensionHostProcess.js:184:8635)
	at r.B (/usr/lib/code/out/vs/workbench/api/node/extensionHostProcess.js:90:732)
	at r.fire (/usr/lib/code/out/vs/workbench/api/node/extensionHostProcess.js:90:949)
	at a.fire (/usr/lib/code/out/vs/workbench/api/node/extensionHostProcess.js:115:14463)
	at MessagePortMain.<anonymous> (/usr/lib/code/out/vs/workbench/api/node/extensionHostProcess.js:184:6761)
	at MessagePortMain.emit (node:events:519:28)
	at MessagePortMain._internalPort.emit (node:electron/js2c/utility_init:2:2619)
2024-09-16 20:55:15.457 [error] [ExtensionListenerError] Extension 'asvetliakov.vscode-neovim' FAILED to handle event: TypeError: Cannot read properties of undefined (reading 'command'): Error: [ExtensionListenerError] Extension 'asvetliakov.vscode-neovim' FAILED to handle event: TypeError: Cannot read properties of undefined (reading 'command')
	at i.value (/usr/lib/code/out/vs/workbench/api/node/extensionHostProcess.js:171:28731)
	at r.B (/usr/lib/code/out/vs/workbench/api/node/extensionHostProcess.js:90:732)
	at r.fire (/usr/lib/code/out/vs/workbench/api/node/extensionHostProcess.js:90:949)
	at I.onDidChangeWindowProperty (/usr/lib/code/out/vs/workbench/api/node/extensionHostProcess.js:153:21118)
	at I.$onDidChangeWindowFocus (/usr/lib/code/out/vs/workbench/api/node/extensionHostProcess.js:153:20929)
	at y.S (/usr/lib/code/out/vs/workbench/api/node/extensionHostProcess.js:158:5968)
	at y.Q (/usr/lib/code/out/vs/workbench/api/node/extensionHostProcess.js:158:5734)
	at y.M (/usr/lib/code/out/vs/workbench/api/node/extensionHostProcess.js:158:4767)
	at y.L (/usr/lib/code/out/vs/workbench/api/node/extensionHostProcess.js:158:3602)
	at i.value (/usr/lib/code/out/vs/workbench/api/node/extensionHostProcess.js:158:2297)
	at r.B (/usr/lib/code/out/vs/workbench/api/node/extensionHostProcess.js:90:732)
	at r.fire (/usr/lib/code/out/vs/workbench/api/node/extensionHostProcess.js:90:949)
	at a.fire (/usr/lib/code/out/vs/workbench/api/node/extensionHostProcess.js:115:14463)
	at i.value (/usr/lib/code/out/vs/workbench/api/node/extensionHostProcess.js:184:8635)
	at r.B (/usr/lib/code/out/vs/workbench/api/node/extensionHostProcess.js:90:732)
	at r.fire (/usr/lib/code/out/vs/workbench/api/node/extensionHostProcess.js:90:949)
	at a.fire (/usr/lib/code/out/vs/workbench/api/node/extensionHostProcess.js:115:14463)
	at MessagePortMain.<anonymous> (/usr/lib/code/out/vs/workbench/api/node/extensionHostProcess.js:184:6761)
	at MessagePortMain.emit (node:events:519:28)
	at MessagePortMain._internalPort.emit (node:electron/js2c/utility_init:2:2619)
2024-09-16 20:55:19.226 [error] [ExtensionListenerError] Extension 'asvetliakov.vscode-neovim' FAILED to handle event: TypeError: Cannot read properties of undefined (reading 'command'): Error: [ExtensionListenerError] Extension 'asvetliakov.vscode-neovim' FAILED to handle event: TypeError: Cannot read properties of undefined (reading 'command')
	at i.value (/usr/lib/code/out/vs/workbench/api/node/extensionHostProcess.js:171:28731)
	at r.B (/usr/lib/code/out/vs/workbench/api/node/extensionHostProcess.js:90:732)
	at r.fire (/usr/lib/code/out/vs/workbench/api/node/extensionHostProcess.js:90:949)
	at I.onDidChangeWindowProperty (/usr/lib/code/out/vs/workbench/api/node/extensionHostProcess.js:153:21118)
	at I.$onDidChangeWindowFocus (/usr/lib/code/out/vs/workbench/api/node/extensionHostProcess.js:153:20929)
	at y.S (/usr/lib/code/out/vs/workbench/api/node/extensionHostProcess.js:158:5968)
	at y.Q (/usr/lib/code/out/vs/workbench/api/node/extensionHostProcess.js:158:5734)
	at y.M (/usr/lib/code/out/vs/workbench/api/node/extensionHostProcess.js:158:4767)
	at y.L (/usr/lib/code/out/vs/workbench/api/node/extensionHostProcess.js:158:3602)
	at i.value (/usr/lib/code/out/vs/workbench/api/node/extensionHostProcess.js:158:2297)
	at r.B (/usr/lib/code/out/vs/workbench/api/node/extensionHostProcess.js:90:732)
	at r.fire (/usr/lib/code/out/vs/workbench/api/node/extensionHostProcess.js:90:949)
	at a.fire (/usr/lib/code/out/vs/workbench/api/node/extensionHostProcess.js:115:14463)
	at i.value (/usr/lib/code/out/vs/workbench/api/node/extensionHostProcess.js:184:8635)
	at r.B (/usr/lib/code/out/vs/workbench/api/node/extensionHostProcess.js:90:732)
	at r.fire (/usr/lib/code/out/vs/workbench/api/node/extensionHostProcess.js:90:949)
	at a.fire (/usr/lib/code/out/vs/workbench/api/node/extensionHostProcess.js:115:14463)
	at MessagePortMain.<anonymous> (/usr/lib/code/out/vs/workbench/api/node/extensionHostProcess.js:184:6761)
	at MessagePortMain.emit (node:events:519:28)
	at MessagePortMain._internalPort.emit (node:electron/js2c/utility_init:2:2619)
2024-09-16 20:56:08.137 [error] [ExtensionListenerError] Extension 'asvetliakov.vscode-neovim' FAILED to handle event: TypeError: Cannot read properties of undefined (reading 'command'): Error: [ExtensionListenerError] Extension 'asvetliakov.vscode-neovim' FAILED to handle event: TypeError: Cannot read properties of undefined (reading 'command')
	at i.value (/usr/lib/code/out/vs/workbench/api/node/extensionHostProcess.js:171:28731)
	at r.B (/usr/lib/code/out/vs/workbench/api/node/extensionHostProcess.js:90:732)
	at r.fire (/usr/lib/code/out/vs/workbench/api/node/extensionHostProcess.js:90:949)
	at I.onDidChangeWindowProperty (/usr/lib/code/out/vs/workbench/api/node/extensionHostProcess.js:153:21118)
	at I.$onDidChangeWindowActive (/usr/lib/code/out/vs/workbench/api/node/extensionHostProcess.js:153:21001)
	at y.S (/usr/lib/code/out/vs/workbench/api/node/extensionHostProcess.js:158:5968)
	at y.Q (/usr/lib/code/out/vs/workbench/api/node/extensionHostProcess.js:158:5734)
	at y.M (/usr/lib/code/out/vs/workbench/api/node/extensionHostProcess.js:158:4767)
	at y.L (/usr/lib/code/out/vs/workbench/api/node/extensionHostProcess.js:158:3602)
	at i.value (/usr/lib/code/out/vs/workbench/api/node/extensionHostProcess.js:158:2297)
	at r.B (/usr/lib/code/out/vs/workbench/api/node/extensionHostProcess.js:90:732)
	at r.fire (/usr/lib/code/out/vs/workbench/api/node/extensionHostProcess.js:90:949)
	at a.fire (/usr/lib/code/out/vs/workbench/api/node/extensionHostProcess.js:115:14463)
	at i.value (/usr/lib/code/out/vs/workbench/api/node/extensionHostProcess.js:184:8635)
	at r.B (/usr/lib/code/out/vs/workbench/api/node/extensionHostProcess.js:90:732)
	at r.fire (/usr/lib/code/out/vs/workbench/api/node/extensionHostProcess.js:90:949)
	at a.fire (/usr/lib/code/out/vs/workbench/api/node/extensionHostProcess.js:115:14463)
	at MessagePortMain.<anonymous> (/usr/lib/code/out/vs/workbench/api/node/extensionHostProcess.js:184:6761)
	at MessagePortMain.emit (node:events:519:28)
	at MessagePortMain._internalPort.emit (node:electron/js2c/utility_init:2:2619)
2024-09-16 20:56:31.514 [error] [ExtensionListenerError] Extension 'asvetliakov.vscode-neovim' FAILED to handle event: TypeError: Cannot read properties of undefined (reading 'command'): Error: [ExtensionListenerError] Extension 'asvetliakov.vscode-neovim' FAILED to handle event: TypeError: Cannot read properties of undefined (reading 'command')
	at i.value (/usr/lib/code/out/vs/workbench/api/node/extensionHostProcess.js:171:28731)
	at r.B (/usr/lib/code/out/vs/workbench/api/node/extensionHostProcess.js:90:732)
	at r.fire (/usr/lib/code/out/vs/workbench/api/node/extensionHostProcess.js:90:949)
	at I.onDidChangeWindowProperty (/usr/lib/code/out/vs/workbench/api/node/extensionHostProcess.js:153:21118)
	at I.$onDidChangeWindowFocus (/usr/lib/code/out/vs/workbench/api/node/extensionHostProcess.js:153:20929)
	at y.S (/usr/lib/code/out/vs/workbench/api/node/extensionHostProcess.js:158:5968)
	at y.Q (/usr/lib/code/out/vs/workbench/api/node/extensionHostProcess.js:158:5734)
	at y.M (/usr/lib/code/out/vs/workbench/api/node/extensionHostProcess.js:158:4767)
	at y.L (/usr/lib/code/out/vs/workbench/api/node/extensionHostProcess.js:158:3602)
	at i.value (/usr/lib/code/out/vs/workbench/api/node/extensionHostProcess.js:158:2297)
	at r.B (/usr/lib/code/out/vs/workbench/api/node/extensionHostProcess.js:90:732)
	at r.fire (/usr/lib/code/out/vs/workbench/api/node/extensionHostProcess.js:90:949)
	at a.fire (/usr/lib/code/out/vs/workbench/api/node/extensionHostProcess.js:115:14463)
	at i.value (/usr/lib/code/out/vs/workbench/api/node/extensionHostProcess.js:184:8635)
	at r.B (/usr/lib/code/out/vs/workbench/api/node/extensionHostProcess.js:90:732)
	at r.fire (/usr/lib/code/out/vs/workbench/api/node/extensionHostProcess.js:90:949)
	at a.fire (/usr/lib/code/out/vs/workbench/api/node/extensionHostProcess.js:115:14463)
	at MessagePortMain.<anonymous> (/usr/lib/code/out/vs/workbench/api/node/extensionHostProcess.js:184:6761)
	at MessagePortMain.emit (node:events:519:28)
	at MessagePortMain._internalPort.emit (node:electron/js2c/utility_init:2:2619)
2024-09-16 20:56:32.371 [error] [ExtensionListenerError] Extension 'asvetliakov.vscode-neovim' FAILED to handle event: TypeError: Cannot read properties of undefined (reading 'command'): Error: [ExtensionListenerError] Extension 'asvetliakov.vscode-neovim' FAILED to handle event: TypeError: Cannot read properties of undefined (reading 'command')
	at i.value (/usr/lib/code/out/vs/workbench/api/node/extensionHostProcess.js:171:28731)
	at r.B (/usr/lib/code/out/vs/workbench/api/node/extensionHostProcess.js:90:732)
	at r.fire (/usr/lib/code/out/vs/workbench/api/node/extensionHostProcess.js:90:949)
	at I.onDidChangeWindowProperty (/usr/lib/code/out/vs/workbench/api/node/extensionHostProcess.js:153:21118)
	at I.$onDidChangeWindowActive (/usr/lib/code/out/vs/workbench/api/node/extensionHostProcess.js:153:21001)
	at y.S (/usr/lib/code/out/vs/workbench/api/node/extensionHostProcess.js:158:5968)
	at y.Q (/usr/lib/code/out/vs/workbench/api/node/extensionHostProcess.js:158:5734)
	at y.M (/usr/lib/code/out/vs/workbench/api/node/extensionHostProcess.js:158:4767)
	at y.L (/usr/lib/code/out/vs/workbench/api/node/extensionHostProcess.js:158:3602)
	at i.value (/usr/lib/code/out/vs/workbench/api/node/extensionHostProcess.js:158:2297)
	at r.B (/usr/lib/code/out/vs/workbench/api/node/extensionHostProcess.js:90:732)
	at r.fire (/usr/lib/code/out/vs/workbench/api/node/extensionHostProcess.js:90:949)
	at a.fire (/usr/lib/code/out/vs/workbench/api/node/extensionHostProcess.js:115:14463)
	at i.value (/usr/lib/code/out/vs/workbench/api/node/extensionHostProcess.js:184:8635)
	at r.B (/usr/lib/code/out/vs/workbench/api/node/extensionHostProcess.js:90:732)
	at r.fire (/usr/lib/code/out/vs/workbench/api/node/extensionHostProcess.js:90:949)
	at a.fire (/usr/lib/code/out/vs/workbench/api/node/extensionHostProcess.js:115:14463)
	at MessagePortMain.<anonymous> (/usr/lib/code/out/vs/workbench/api/node/extensionHostProcess.js:184:6761)
	at MessagePortMain.emit (node:events:519:28)
	at MessagePortMain._internalPort.emit (node:electron/js2c/utility_init:2:2619)
2024-09-16 20:57:05.043 [error] [ExtensionListenerError] Extension 'asvetliakov.vscode-neovim' FAILED to handle event: TypeError: Cannot read properties of undefined (reading 'command'): Error: [ExtensionListenerError] Extension 'asvetliakov.vscode-neovim' FAILED to handle event: TypeError: Cannot read properties of undefined (reading 'command')
	at i.value (/usr/lib/code/out/vs/workbench/api/node/extensionHostProcess.js:171:28731)
	at r.B (/usr/lib/code/out/vs/workbench/api/node/extensionHostProcess.js:90:732)
	at r.fire (/usr/lib/code/out/vs/workbench/api/node/extensionHostProcess.js:90:949)
	at I.onDidChangeWindowProperty (/usr/lib/code/out/vs/workbench/api/node/extensionHostProcess.js:153:21118)
	at I.$onDidChangeWindowFocus (/usr/lib/code/out/vs/workbench/api/node/extensionHostProcess.js:153:20929)
	at y.S (/usr/lib/code/out/vs/workbench/api/node/extensionHostProcess.js:158:5968)
	at y.Q (/usr/lib/code/out/vs/workbench/api/node/extensionHostProcess.js:158:5734)
	at y.M (/usr/lib/code/out/vs/workbench/api/node/extensionHostProcess.js:158:4767)
	at y.L (/usr/lib/code/out/vs/workbench/api/node/extensionHostProcess.js:158:3602)
	at i.value (/usr/lib/code/out/vs/workbench/api/node/extensionHostProcess.js:158:2297)
	at r.B (/usr/lib/code/out/vs/workbench/api/node/extensionHostProcess.js:90:732)
	at r.fire (/usr/lib/code/out/vs/workbench/api/node/extensionHostProcess.js:90:949)
	at a.fire (/usr/lib/code/out/vs/workbench/api/node/extensionHostProcess.js:115:14463)
	at i.value (/usr/lib/code/out/vs/workbench/api/node/extensionHostProcess.js:184:8635)
	at r.B (/usr/lib/code/out/vs/workbench/api/node/extensionHostProcess.js:90:732)
	at r.fire (/usr/lib/code/out/vs/workbench/api/node/extensionHostProcess.js:90:949)
	at a.fire (/usr/lib/code/out/vs/workbench/api/node/extensionHostProcess.js:115:14463)
	at MessagePortMain.<anonymous> (/usr/lib/code/out/vs/workbench/api/node/extensionHostProcess.js:184:6761)
	at MessagePortMain.emit (node:events:519:28)
	at MessagePortMain._internalPort.emit (node:electron/js2c/utility_init:2:2619)
2024-09-16 20:57:07.678 [error] [ExtensionListenerError] Extension 'asvetliakov.vscode-neovim' FAILED to handle event: TypeError: Cannot read properties of undefined (reading 'command'): Error: [ExtensionListenerError] Extension 'asvetliakov.vscode-neovim' FAILED to handle event: TypeError: Cannot read properties of undefined (reading 'command')
	at i.value (/usr/lib/code/out/vs/workbench/api/node/extensionHostProcess.js:171:28731)
	at r.B (/usr/lib/code/out/vs/workbench/api/node/extensionHostProcess.js:90:732)
	at r.fire (/usr/lib/code/out/vs/workbench/api/node/extensionHostProcess.js:90:949)
	at I.onDidChangeWindowProperty (/usr/lib/code/out/vs/workbench/api/node/extensionHostProcess.js:153:21118)
	at I.$onDidChangeWindowFocus (/usr/lib/code/out/vs/workbench/api/node/extensionHostProcess.js:153:20929)
	at y.S (/usr/lib/code/out/vs/workbench/api/node/extensionHostProcess.js:158:5968)
	at y.Q (/usr/lib/code/out/vs/workbench/api/node/extensionHostProcess.js:158:5734)
	at y.M (/usr/lib/code/out/vs/workbench/api/node/extensionHostProcess.js:158:4767)
	at y.L (/usr/lib/code/out/vs/workbench/api/node/extensionHostProcess.js:158:3602)
	at i.value (/usr/lib/code/out/vs/workbench/api/node/extensionHostProcess.js:158:2297)
	at r.B (/usr/lib/code/out/vs/workbench/api/node/extensionHostProcess.js:90:732)
	at r.fire (/usr/lib/code/out/vs/workbench/api/node/extensionHostProcess.js:90:949)
	at a.fire (/usr/lib/code/out/vs/workbench/api/node/extensionHostProcess.js:115:14463)
	at i.value (/usr/lib/code/out/vs/workbench/api/node/extensionHostProcess.js:184:8635)
	at r.B (/usr/lib/code/out/vs/workbench/api/node/extensionHostProcess.js:90:732)
	at r.fire (/usr/lib/code/out/vs/workbench/api/node/extensionHostProcess.js:90:949)
	at a.fire (/usr/lib/code/out/vs/workbench/api/node/extensionHostProcess.js:115:14463)
	at MessagePortMain.<anonymous> (/usr/lib/code/out/vs/workbench/api/node/extensionHostProcess.js:184:6761)
	at MessagePortMain.emit (node:events:519:28)
	at MessagePortMain._internalPort.emit (node:electron/js2c/utility_init:2:2619)
2024-09-16 20:57:14.959 [error] [ExtensionListenerError] Extension 'asvetliakov.vscode-neovim' FAILED to handle event: TypeError: Cannot read properties of undefined (reading 'command'): Error: [ExtensionListenerError] Extension 'asvetliakov.vscode-neovim' FAILED to handle event: TypeError: Cannot read properties of undefined (reading 'command')
	at i.value (/usr/lib/code/out/vs/workbench/api/node/extensionHostProcess.js:171:28731)
	at r.B (/usr/lib/code/out/vs/workbench/api/node/extensionHostProcess.js:90:732)
	at r.fire (/usr/lib/code/out/vs/workbench/api/node/extensionHostProcess.js:90:949)
	at I.onDidChangeWindowProperty (/usr/lib/code/out/vs/workbench/api/node/extensionHostProcess.js:153:21118)
	at I.$onDidChangeWindowFocus (/usr/lib/code/out/vs/workbench/api/node/extensionHostProcess.js:153:20929)
	at y.S (/usr/lib/code/out/vs/workbench/api/node/extensionHostProcess.js:158:5968)
	at y.Q (/usr/lib/code/out/vs/workbench/api/node/extensionHostProcess.js:158:5734)
	at y.M (/usr/lib/code/out/vs/workbench/api/node/extensionHostProcess.js:158:4767)
	at y.L (/usr/lib/code/out/vs/workbench/api/node/extensionHostProcess.js:158:3602)
	at i.value (/usr/lib/code/out/vs/workbench/api/node/extensionHostProcess.js:158:2297)
	at r.B (/usr/lib/code/out/vs/workbench/api/node/extensionHostProcess.js:90:732)
	at r.fire (/usr/lib/code/out/vs/workbench/api/node/extensionHostProcess.js:90:949)
	at a.fire (/usr/lib/code/out/vs/workbench/api/node/extensionHostProcess.js:115:14463)
	at i.value (/usr/lib/code/out/vs/workbench/api/node/extensionHostProcess.js:184:8635)
	at r.B (/usr/lib/code/out/vs/workbench/api/node/extensionHostProcess.js:90:732)
	at r.fire (/usr/lib/code/out/vs/workbench/api/node/extensionHostProcess.js:90:949)
	at a.fire (/usr/lib/code/out/vs/workbench/api/node/extensionHostProcess.js:115:14463)
	at MessagePortMain.<anonymous> (/usr/lib/code/out/vs/workbench/api/node/extensionHostProcess.js:184:6761)
	at MessagePortMain.emit (node:events:519:28)
	at MessagePortMain._internalPort.emit (node:electron/js2c/utility_init:2:2619)
2024-09-16 20:58:12.439 [error] [ExtensionListenerError] Extension 'asvetliakov.vscode-neovim' FAILED to handle event: TypeError: Cannot read properties of undefined (reading 'command'): Error: [ExtensionListenerError] Extension 'asvetliakov.vscode-neovim' FAILED to handle event: TypeError: Cannot read properties of undefined (reading 'command')
	at i.value (/usr/lib/code/out/vs/workbench/api/node/extensionHostProcess.js:171:28731)
	at r.B (/usr/lib/code/out/vs/workbench/api/node/extensionHostProcess.js:90:732)
	at r.fire (/usr/lib/code/out/vs/workbench/api/node/extensionHostProcess.js:90:949)
	at I.onDidChangeWindowProperty (/usr/lib/code/out/vs/workbench/api/node/extensionHostProcess.js:153:21118)
	at I.$onDidChangeWindowActive (/usr/lib/code/out/vs/workbench/api/node/extensionHostProcess.js:153:21001)
	at y.S (/usr/lib/code/out/vs/workbench/api/node/extensionHostProcess.js:158:5968)
	at y.Q (/usr/lib/code/out/vs/workbench/api/node/extensionHostProcess.js:158:5734)
	at y.M (/usr/lib/code/out/vs/workbench/api/node/extensionHostProcess.js:158:4767)
	at y.L (/usr/lib/code/out/vs/workbench/api/node/extensionHostProcess.js:158:3602)
	at i.value (/usr/lib/code/out/vs/workbench/api/node/extensionHostProcess.js:158:2297)
	at r.B (/usr/lib/code/out/vs/workbench/api/node/extensionHostProcess.js:90:732)
	at r.fire (/usr/lib/code/out/vs/workbench/api/node/extensionHostProcess.js:90:949)
	at a.fire (/usr/lib/code/out/vs/workbench/api/node/extensionHostProcess.js:115:14463)
	at i.value (/usr/lib/code/out/vs/workbench/api/node/extensionHostProcess.js:184:8635)
	at r.B (/usr/lib/code/out/vs/workbench/api/node/extensionHostProcess.js:90:732)
	at r.fire (/usr/lib/code/out/vs/workbench/api/node/extensionHostProcess.js:90:949)
	at a.fire (/usr/lib/code/out/vs/workbench/api/node/extensionHostProcess.js:115:14463)
	at MessagePortMain.<anonymous> (/usr/lib/code/out/vs/workbench/api/node/extensionHostProcess.js:184:6761)
	at MessagePortMain.emit (node:events:519:28)
	at MessagePortMain._internalPort.emit (node:electron/js2c/utility_init:2:2619)
2024-09-16 20:58:32.148 [error] [ExtensionListenerError] Extension 'asvetliakov.vscode-neovim' FAILED to handle event: TypeError: Cannot read properties of undefined (reading 'command'): Error: [ExtensionListenerError] Extension 'asvetliakov.vscode-neovim' FAILED to handle event: TypeError: Cannot read properties of undefined (reading 'command')
	at i.value (/usr/lib/code/out/vs/workbench/api/node/extensionHostProcess.js:171:28731)
	at r.B (/usr/lib/code/out/vs/workbench/api/node/extensionHostProcess.js:90:732)
	at r.fire (/usr/lib/code/out/vs/workbench/api/node/extensionHostProcess.js:90:949)
	at I.onDidChangeWindowProperty (/usr/lib/code/out/vs/workbench/api/node/extensionHostProcess.js:153:21118)
	at I.$onDidChangeWindowFocus (/usr/lib/code/out/vs/workbench/api/node/extensionHostProcess.js:153:20929)
	at y.S (/usr/lib/code/out/vs/workbench/api/node/extensionHostProcess.js:158:5968)
	at y.Q (/usr/lib/code/out/vs/workbench/api/node/extensionHostProcess.js:158:5734)
	at y.M (/usr/lib/code/out/vs/workbench/api/node/extensionHostProcess.js:158:4767)
	at y.L (/usr/lib/code/out/vs/workbench/api/node/extensionHostProcess.js:158:3602)
	at i.value (/usr/lib/code/out/vs/workbench/api/node/extensionHostProcess.js:158:2297)
	at r.B (/usr/lib/code/out/vs/workbench/api/node/extensionHostProcess.js:90:732)
	at r.fire (/usr/lib/code/out/vs/workbench/api/node/extensionHostProcess.js:90:949)
	at a.fire (/usr/lib/code/out/vs/workbench/api/node/extensionHostProcess.js:115:14463)
	at i.value (/usr/lib/code/out/vs/workbench/api/node/extensionHostProcess.js:184:8635)
	at r.B (/usr/lib/code/out/vs/workbench/api/node/extensionHostProcess.js:90:732)
	at r.fire (/usr/lib/code/out/vs/workbench/api/node/extensionHostProcess.js:90:949)
	at a.fire (/usr/lib/code/out/vs/workbench/api/node/extensionHostProcess.js:115:14463)
	at MessagePortMain.<anonymous> (/usr/lib/code/out/vs/workbench/api/node/extensionHostProcess.js:184:6761)
	at MessagePortMain.emit (node:events:519:28)
	at MessagePortMain._internalPort.emit (node:electron/js2c/utility_init:2:2619)
2024-09-16 20:58:38.024 [error] [ExtensionListenerError] Extension 'asvetliakov.vscode-neovim' FAILED to handle event: TypeError: Cannot read properties of undefined (reading 'command'): Error: [ExtensionListenerError] Extension 'asvetliakov.vscode-neovim' FAILED to handle event: TypeError: Cannot read properties of undefined (reading 'command')
	at i.value (/usr/lib/code/out/vs/workbench/api/node/extensionHostProcess.js:171:28731)
	at r.B (/usr/lib/code/out/vs/workbench/api/node/extensionHostProcess.js:90:732)
	at r.fire (/usr/lib/code/out/vs/workbench/api/node/extensionHostProcess.js:90:949)
	at I.onDidChangeWindowProperty (/usr/lib/code/out/vs/workbench/api/node/extensionHostProcess.js:153:21118)
	at I.$onDidChangeWindowActive (/usr/lib/code/out/vs/workbench/api/node/extensionHostProcess.js:153:21001)
	at y.S (/usr/lib/code/out/vs/workbench/api/node/extensionHostProcess.js:158:5968)
	at y.Q (/usr/lib/code/out/vs/workbench/api/node/extensionHostProcess.js:158:5734)
	at y.M (/usr/lib/code/out/vs/workbench/api/node/extensionHostProcess.js:158:4767)
	at y.L (/usr/lib/code/out/vs/workbench/api/node/extensionHostProcess.js:158:3602)
	at i.value (/usr/lib/code/out/vs/workbench/api/node/extensionHostProcess.js:158:2297)
	at r.B (/usr/lib/code/out/vs/workbench/api/node/extensionHostProcess.js:90:732)
	at r.fire (/usr/lib/code/out/vs/workbench/api/node/extensionHostProcess.js:90:949)
	at a.fire (/usr/lib/code/out/vs/workbench/api/node/extensionHostProcess.js:115:14463)
	at i.value (/usr/lib/code/out/vs/workbench/api/node/extensionHostProcess.js:184:8635)
	at r.B (/usr/lib/code/out/vs/workbench/api/node/extensionHostProcess.js:90:732)
	at r.fire (/usr/lib/code/out/vs/workbench/api/node/extensionHostProcess.js:90:949)
	at a.fire (/usr/lib/code/out/vs/workbench/api/node/extensionHostProcess.js:115:14463)
	at MessagePortMain.<anonymous> (/usr/lib/code/out/vs/workbench/api/node/extensionHostProcess.js:184:6761)
	at MessagePortMain.emit (node:events:519:28)
	at MessagePortMain._internalPort.emit (node:electron/js2c/utility_init:2:2619)
2024-09-16 20:59:48.070 [error] [ExtensionListenerError] Extension 'asvetliakov.vscode-neovim' FAILED to handle event: TypeError: Cannot read properties of undefined (reading 'command'): Error: [ExtensionListenerError] Extension 'asvetliakov.vscode-neovim' FAILED to handle event: TypeError: Cannot read properties of undefined (reading 'command')
	at i.value (/usr/lib/code/out/vs/workbench/api/node/extensionHostProcess.js:171:28731)
	at r.B (/usr/lib/code/out/vs/workbench/api/node/extensionHostProcess.js:90:732)
	at r.fire (/usr/lib/code/out/vs/workbench/api/node/extensionHostProcess.js:90:949)
	at I.onDidChangeWindowProperty (/usr/lib/code/out/vs/workbench/api/node/extensionHostProcess.js:153:21118)
	at I.$onDidChangeWindowActive (/usr/lib/code/out/vs/workbench/api/node/extensionHostProcess.js:153:21001)
	at y.S (/usr/lib/code/out/vs/workbench/api/node/extensionHostProcess.js:158:5968)
	at y.Q (/usr/lib/code/out/vs/workbench/api/node/extensionHostProcess.js:158:5734)
	at y.M (/usr/lib/code/out/vs/workbench/api/node/extensionHostProcess.js:158:4767)
	at y.L (/usr/lib/code/out/vs/workbench/api/node/extensionHostProcess.js:158:3602)
	at i.value (/usr/lib/code/out/vs/workbench/api/node/extensionHostProcess.js:158:2297)
	at r.B (/usr/lib/code/out/vs/workbench/api/node/extensionHostProcess.js:90:732)
	at r.fire (/usr/lib/code/out/vs/workbench/api/node/extensionHostProcess.js:90:949)
	at a.fire (/usr/lib/code/out/vs/workbench/api/node/extensionHostProcess.js:115:14463)
	at i.value (/usr/lib/code/out/vs/workbench/api/node/extensionHostProcess.js:184:8635)
	at r.B (/usr/lib/code/out/vs/workbench/api/node/extensionHostProcess.js:90:732)
	at r.fire (/usr/lib/code/out/vs/workbench/api/node/extensionHostProcess.js:90:949)
	at a.fire (/usr/lib/code/out/vs/workbench/api/node/extensionHostProcess.js:115:14463)
	at MessagePortMain.<anonymous> (/usr/lib/code/out/vs/workbench/api/node/extensionHostProcess.js:184:6761)
	at MessagePortMain.emit (node:events:519:28)
	at MessagePortMain._internalPort.emit (node:electron/js2c/utility_init:2:2619)
2024-09-16 21:01:27.081 [error] [ExtensionListenerError] Extension 'asvetliakov.vscode-neovim' FAILED to handle event: TypeError: Cannot read properties of undefined (reading 'command'): Error: [ExtensionListenerError] Extension 'asvetliakov.vscode-neovim' FAILED to handle event: TypeError: Cannot read properties of undefined (reading 'command')
	at i.value (/usr/lib/code/out/vs/workbench/api/node/extensionHostProcess.js:171:28731)
	at r.B (/usr/lib/code/out/vs/workbench/api/node/extensionHostProcess.js:90:732)
	at r.fire (/usr/lib/code/out/vs/workbench/api/node/extensionHostProcess.js:90:949)
	at I.onDidChangeWindowProperty (/usr/lib/code/out/vs/workbench/api/node/extensionHostProcess.js:153:21118)
	at I.$onDidChangeWindowFocus (/usr/lib/code/out/vs/workbench/api/node/extensionHostProcess.js:153:20929)
	at y.S (/usr/lib/code/out/vs/workbench/api/node/extensionHostProcess.js:158:5968)
	at y.Q (/usr/lib/code/out/vs/workbench/api/node/extensionHostProcess.js:158:5734)
	at y.M (/usr/lib/code/out/vs/workbench/api/node/extensionHostProcess.js:158:4767)
	at y.L (/usr/lib/code/out/vs/workbench/api/node/extensionHostProcess.js:158:3602)
	at i.value (/usr/lib/code/out/vs/workbench/api/node/extensionHostProcess.js:158:2297)
	at r.B (/usr/lib/code/out/vs/workbench/api/node/extensionHostProcess.js:90:732)
	at r.fire (/usr/lib/code/out/vs/workbench/api/node/extensionHostProcess.js:90:949)
	at a.fire (/usr/lib/code/out/vs/workbench/api/node/extensionHostProcess.js:115:14463)
	at i.value (/usr/lib/code/out/vs/workbench/api/node/extensionHostProcess.js:184:8635)
	at r.B (/usr/lib/code/out/vs/workbench/api/node/extensionHostProcess.js:90:732)
	at r.fire (/usr/lib/code/out/vs/workbench/api/node/extensionHostProcess.js:90:949)
	at a.fire (/usr/lib/code/out/vs/workbench/api/node/extensionHostProcess.js:115:14463)
	at MessagePortMain.<anonymous> (/usr/lib/code/out/vs/workbench/api/node/extensionHostProcess.js:184:6761)
	at MessagePortMain.emit (node:events:519:28)
	at MessagePortMain._internalPort.emit (node:electron/js2c/utility_init:2:2619)
2024-09-16 21:06:47.728 [error] [ExtensionListenerError] Extension 'asvetliakov.vscode-neovim' FAILED to handle event: TypeError: Cannot read properties of undefined (reading 'command'): Error: [ExtensionListenerError] Extension 'asvetliakov.vscode-neovim' FAILED to handle event: TypeError: Cannot read properties of undefined (reading 'command')
	at i.value (/usr/lib/code/out/vs/workbench/api/node/extensionHostProcess.js:171:28731)
	at r.B (/usr/lib/code/out/vs/workbench/api/node/extensionHostProcess.js:90:732)
	at r.fire (/usr/lib/code/out/vs/workbench/api/node/extensionHostProcess.js:90:949)
	at I.onDidChangeWindowProperty (/usr/lib/code/out/vs/workbench/api/node/extensionHostProcess.js:153:21118)
	at I.$onDidChangeWindowFocus (/usr/lib/code/out/vs/workbench/api/node/extensionHostProcess.js:153:20929)
	at y.S (/usr/lib/code/out/vs/workbench/api/node/extensionHostProcess.js:158:5968)
	at y.Q (/usr/lib/code/out/vs/workbench/api/node/extensionHostProcess.js:158:5734)
	at y.M (/usr/lib/code/out/vs/workbench/api/node/extensionHostProcess.js:158:4767)
	at y.L (/usr/lib/code/out/vs/workbench/api/node/extensionHostProcess.js:158:3602)
	at i.value (/usr/lib/code/out/vs/workbench/api/node/extensionHostProcess.js:158:2297)
	at r.B (/usr/lib/code/out/vs/workbench/api/node/extensionHostProcess.js:90:732)
	at r.fire (/usr/lib/code/out/vs/workbench/api/node/extensionHostProcess.js:90:949)
	at a.fire (/usr/lib/code/out/vs/workbench/api/node/extensionHostProcess.js:115:14463)
	at i.value (/usr/lib/code/out/vs/workbench/api/node/extensionHostProcess.js:184:8635)
	at r.B (/usr/lib/code/out/vs/workbench/api/node/extensionHostProcess.js:90:732)
	at r.fire (/usr/lib/code/out/vs/workbench/api/node/extensionHostProcess.js:90:949)
	at a.fire (/usr/lib/code/out/vs/workbench/api/node/extensionHostProcess.js:115:14463)
	at MessagePortMain.<anonymous> (/usr/lib/code/out/vs/workbench/api/node/extensionHostProcess.js:184:6761)
	at MessagePortMain.emit (node:events:519:28)
	at MessagePortMain._internalPort.emit (node:electron/js2c/utility_init:2:2619)
2024-09-16 21:06:49.619 [error] [ExtensionListenerError] Extension 'asvetliakov.vscode-neovim' FAILED to handle event: TypeError: Cannot read properties of undefined (reading 'command'): Error: [ExtensionListenerError] Extension 'asvetliakov.vscode-neovim' FAILED to handle event: TypeError: Cannot read properties of undefined (reading 'command')
	at i.value (/usr/lib/code/out/vs/workbench/api/node/extensionHostProcess.js:171:28731)
	at r.B (/usr/lib/code/out/vs/workbench/api/node/extensionHostProcess.js:90:732)
	at r.fire (/usr/lib/code/out/vs/workbench/api/node/extensionHostProcess.js:90:949)
	at I.onDidChangeWindowProperty (/usr/lib/code/out/vs/workbench/api/node/extensionHostProcess.js:153:21118)
	at I.$onDidChangeWindowActive (/usr/lib/code/out/vs/workbench/api/node/extensionHostProcess.js:153:21001)
	at y.S (/usr/lib/code/out/vs/workbench/api/node/extensionHostProcess.js:158:5968)
	at y.Q (/usr/lib/code/out/vs/workbench/api/node/extensionHostProcess.js:158:5734)
	at y.M (/usr/lib/code/out/vs/workbench/api/node/extensionHostProcess.js:158:4767)
	at y.L (/usr/lib/code/out/vs/workbench/api/node/extensionHostProcess.js:158:3602)
	at i.value (/usr/lib/code/out/vs/workbench/api/node/extensionHostProcess.js:158:2297)
	at r.B (/usr/lib/code/out/vs/workbench/api/node/extensionHostProcess.js:90:732)
	at r.fire (/usr/lib/code/out/vs/workbench/api/node/extensionHostProcess.js:90:949)
	at a.fire (/usr/lib/code/out/vs/workbench/api/node/extensionHostProcess.js:115:14463)
	at i.value (/usr/lib/code/out/vs/workbench/api/node/extensionHostProcess.js:184:8635)
	at r.B (/usr/lib/code/out/vs/workbench/api/node/extensionHostProcess.js:90:732)
	at r.fire (/usr/lib/code/out/vs/workbench/api/node/extensionHostProcess.js:90:949)
	at a.fire (/usr/lib/code/out/vs/workbench/api/node/extensionHostProcess.js:115:14463)
	at MessagePortMain.<anonymous> (/usr/lib/code/out/vs/workbench/api/node/extensionHostProcess.js:184:6761)
	at MessagePortMain.emit (node:events:519:28)
	at MessagePortMain._internalPort.emit (node:electron/js2c/utility_init:2:2619)
2024-09-16 21:06:58.987 [error] [ExtensionListenerError] Extension 'asvetliakov.vscode-neovim' FAILED to handle event: TypeError: Cannot read properties of undefined (reading 'command'): Error: [ExtensionListenerError] Extension 'asvetliakov.vscode-neovim' FAILED to handle event: TypeError: Cannot read properties of undefined (reading 'command')
	at i.value (/usr/lib/code/out/vs/workbench/api/node/extensionHostProcess.js:171:28731)
	at r.B (/usr/lib/code/out/vs/workbench/api/node/extensionHostProcess.js:90:732)
	at r.fire (/usr/lib/code/out/vs/workbench/api/node/extensionHostProcess.js:90:949)
	at I.onDidChangeWindowProperty (/usr/lib/code/out/vs/workbench/api/node/extensionHostProcess.js:153:21118)
	at I.$onDidChangeWindowFocus (/usr/lib/code/out/vs/workbench/api/node/extensionHostProcess.js:153:20929)
	at y.S (/usr/lib/code/out/vs/workbench/api/node/extensionHostProcess.js:158:5968)
	at y.Q (/usr/lib/code/out/vs/workbench/api/node/extensionHostProcess.js:158:5734)
	at y.M (/usr/lib/code/out/vs/workbench/api/node/extensionHostProcess.js:158:4767)
	at y.L (/usr/lib/code/out/vs/workbench/api/node/extensionHostProcess.js:158:3602)
	at i.value (/usr/lib/code/out/vs/workbench/api/node/extensionHostProcess.js:158:2297)
	at r.B (/usr/lib/code/out/vs/workbench/api/node/extensionHostProcess.js:90:732)
	at r.fire (/usr/lib/code/out/vs/workbench/api/node/extensionHostProcess.js:90:949)
	at a.fire (/usr/lib/code/out/vs/workbench/api/node/extensionHostProcess.js:115:14463)
	at i.value (/usr/lib/code/out/vs/workbench/api/node/extensionHostProcess.js:184:8635)
	at r.B (/usr/lib/code/out/vs/workbench/api/node/extensionHostProcess.js:90:732)
	at r.fire (/usr/lib/code/out/vs/workbench/api/node/extensionHostProcess.js:90:949)
	at a.fire (/usr/lib/code/out/vs/workbench/api/node/extensionHostProcess.js:115:14463)
	at MessagePortMain.<anonymous> (/usr/lib/code/out/vs/workbench/api/node/extensionHostProcess.js:184:6761)
	at MessagePortMain.emit (node:events:519:28)
	at MessagePortMain._internalPort.emit (node:electron/js2c/utility_init:2:2619)
2024-09-16 21:07:30.105 [error] [ExtensionListenerError] Extension 'asvetliakov.vscode-neovim' FAILED to handle event: TypeError: Cannot read properties of undefined (reading 'command'): Error: [ExtensionListenerError] Extension 'asvetliakov.vscode-neovim' FAILED to handle event: TypeError: Cannot read properties of undefined (reading 'command')
	at i.value (/usr/lib/code/out/vs/workbench/api/node/extensionHostProcess.js:171:28731)
	at r.B (/usr/lib/code/out/vs/workbench/api/node/extensionHostProcess.js:90:732)
	at r.fire (/usr/lib/code/out/vs/workbench/api/node/extensionHostProcess.js:90:949)
	at I.onDidChangeWindowProperty (/usr/lib/code/out/vs/workbench/api/node/extensionHostProcess.js:153:21118)
	at I.$onDidChangeWindowFocus (/usr/lib/code/out/vs/workbench/api/node/extensionHostProcess.js:153:20929)
	at y.S (/usr/lib/code/out/vs/workbench/api/node/extensionHostProcess.js:158:5968)
	at y.Q (/usr/lib/code/out/vs/workbench/api/node/extensionHostProcess.js:158:5734)
	at y.M (/usr/lib/code/out/vs/workbench/api/node/extensionHostProcess.js:158:4767)
	at y.L (/usr/lib/code/out/vs/workbench/api/node/extensionHostProcess.js:158:3602)
	at i.value (/usr/lib/code/out/vs/workbench/api/node/extensionHostProcess.js:158:2297)
	at r.B (/usr/lib/code/out/vs/workbench/api/node/extensionHostProcess.js:90:732)
	at r.fire (/usr/lib/code/out/vs/workbench/api/node/extensionHostProcess.js:90:949)
	at a.fire (/usr/lib/code/out/vs/workbench/api/node/extensionHostProcess.js:115:14463)
	at i.value (/usr/lib/code/out/vs/workbench/api/node/extensionHostProcess.js:184:8635)
	at r.B (/usr/lib/code/out/vs/workbench/api/node/extensionHostProcess.js:90:732)
	at r.fire (/usr/lib/code/out/vs/workbench/api/node/extensionHostProcess.js:90:949)
	at a.fire (/usr/lib/code/out/vs/workbench/api/node/extensionHostProcess.js:115:14463)
	at MessagePortMain.<anonymous> (/usr/lib/code/out/vs/workbench/api/node/extensionHostProcess.js:184:6761)
	at MessagePortMain.emit (node:events:519:28)
	at MessagePortMain._internalPort.emit (node:electron/js2c/utility_init:2:2619)
2024-09-16 21:07:36.696 [error] [ExtensionListenerError] Extension 'asvetliakov.vscode-neovim' FAILED to handle event: TypeError: Cannot read properties of undefined (reading 'command'): Error: [ExtensionListenerError] Extension 'asvetliakov.vscode-neovim' FAILED to handle event: TypeError: Cannot read properties of undefined (reading 'command')
	at i.value (/usr/lib/code/out/vs/workbench/api/node/extensionHostProcess.js:171:28731)
	at r.B (/usr/lib/code/out/vs/workbench/api/node/extensionHostProcess.js:90:732)
	at r.fire (/usr/lib/code/out/vs/workbench/api/node/extensionHostProcess.js:90:949)
	at I.onDidChangeWindowProperty (/usr/lib/code/out/vs/workbench/api/node/extensionHostProcess.js:153:21118)
	at I.$onDidChangeWindowFocus (/usr/lib/code/out/vs/workbench/api/node/extensionHostProcess.js:153:20929)
	at y.S (/usr/lib/code/out/vs/workbench/api/node/extensionHostProcess.js:158:5968)
	at y.Q (/usr/lib/code/out/vs/workbench/api/node/extensionHostProcess.js:158:5734)
	at y.M (/usr/lib/code/out/vs/workbench/api/node/extensionHostProcess.js:158:4767)
	at y.L (/usr/lib/code/out/vs/workbench/api/node/extensionHostProcess.js:158:3602)
	at i.value (/usr/lib/code/out/vs/workbench/api/node/extensionHostProcess.js:158:2297)
	at r.B (/usr/lib/code/out/vs/workbench/api/node/extensionHostProcess.js:90:732)
	at r.fire (/usr/lib/code/out/vs/workbench/api/node/extensionHostProcess.js:90:949)
	at a.fire (/usr/lib/code/out/vs/workbench/api/node/extensionHostProcess.js:115:14463)
	at i.value (/usr/lib/code/out/vs/workbench/api/node/extensionHostProcess.js:184:8635)
	at r.B (/usr/lib/code/out/vs/workbench/api/node/extensionHostProcess.js:90:732)
	at r.fire (/usr/lib/code/out/vs/workbench/api/node/extensionHostProcess.js:90:949)
	at a.fire (/usr/lib/code/out/vs/workbench/api/node/extensionHostProcess.js:115:14463)
	at MessagePortMain.<anonymous> (/usr/lib/code/out/vs/workbench/api/node/extensionHostProcess.js:184:6761)
	at MessagePortMain.emit (node:events:519:28)
	at MessagePortMain._internalPort.emit (node:electron/js2c/utility_init:2:2619)
2024-09-16 21:08:15.918 [error] [ExtensionListenerError] Extension 'asvetliakov.vscode-neovim' FAILED to handle event: TypeError: Cannot read properties of undefined (reading 'command'): Error: [ExtensionListenerError] Extension 'asvetliakov.vscode-neovim' FAILED to handle event: TypeError: Cannot read properties of undefined (reading 'command')
	at i.value (/usr/lib/code/out/vs/workbench/api/node/extensionHostProcess.js:171:28731)
	at r.B (/usr/lib/code/out/vs/workbench/api/node/extensionHostProcess.js:90:732)
	at r.fire (/usr/lib/code/out/vs/workbench/api/node/extensionHostProcess.js:90:949)
	at I.onDidChangeWindowProperty (/usr/lib/code/out/vs/workbench/api/node/extensionHostProcess.js:153:21118)
	at I.$onDidChangeWindowFocus (/usr/lib/code/out/vs/workbench/api/node/extensionHostProcess.js:153:20929)
	at y.S (/usr/lib/code/out/vs/workbench/api/node/extensionHostProcess.js:158:5968)
	at y.Q (/usr/lib/code/out/vs/workbench/api/node/extensionHostProcess.js:158:5734)
	at y.M (/usr/lib/code/out/vs/workbench/api/node/extensionHostProcess.js:158:4767)
	at y.L (/usr/lib/code/out/vs/workbench/api/node/extensionHostProcess.js:158:3602)
	at i.value (/usr/lib/code/out/vs/workbench/api/node/extensionHostProcess.js:158:2297)
	at r.B (/usr/lib/code/out/vs/workbench/api/node/extensionHostProcess.js:90:732)
	at r.fire (/usr/lib/code/out/vs/workbench/api/node/extensionHostProcess.js:90:949)
	at a.fire (/usr/lib/code/out/vs/workbench/api/node/extensionHostProcess.js:115:14463)
	at i.value (/usr/lib/code/out/vs/workbench/api/node/extensionHostProcess.js:184:8635)
	at r.B (/usr/lib/code/out/vs/workbench/api/node/extensionHostProcess.js:90:732)
	at r.fire (/usr/lib/code/out/vs/workbench/api/node/extensionHostProcess.js:90:949)
	at a.fire (/usr/lib/code/out/vs/workbench/api/node/extensionHostProcess.js:115:14463)
	at MessagePortMain.<anonymous> (/usr/lib/code/out/vs/workbench/api/node/extensionHostProcess.js:184:6761)
	at MessagePortMain.emit (node:events:519:28)
	at MessagePortMain._internalPort.emit (node:electron/js2c/utility_init:2:2619)
2024-09-16 21:09:06.653 [error] [ExtensionListenerError] Extension 'asvetliakov.vscode-neovim' FAILED to handle event: TypeError: Cannot read properties of undefined (reading 'command'): Error: [ExtensionListenerError] Extension 'asvetliakov.vscode-neovim' FAILED to handle event: TypeError: Cannot read properties of undefined (reading 'command')
	at i.value (/usr/lib/code/out/vs/workbench/api/node/extensionHostProcess.js:171:28731)
	at r.B (/usr/lib/code/out/vs/workbench/api/node/extensionHostProcess.js:90:732)
	at r.fire (/usr/lib/code/out/vs/workbench/api/node/extensionHostProcess.js:90:949)
	at I.onDidChangeWindowProperty (/usr/lib/code/out/vs/workbench/api/node/extensionHostProcess.js:153:21118)
	at I.$onDidChangeWindowFocus (/usr/lib/code/out/vs/workbench/api/node/extensionHostProcess.js:153:20929)
	at y.S (/usr/lib/code/out/vs/workbench/api/node/extensionHostProcess.js:158:5968)
	at y.Q (/usr/lib/code/out/vs/workbench/api/node/extensionHostProcess.js:158:5734)
	at y.M (/usr/lib/code/out/vs/workbench/api/node/extensionHostProcess.js:158:4767)
	at y.L (/usr/lib/code/out/vs/workbench/api/node/extensionHostProcess.js:158:3602)
	at i.value (/usr/lib/code/out/vs/workbench/api/node/extensionHostProcess.js:158:2297)
	at r.B (/usr/lib/code/out/vs/workbench/api/node/extensionHostProcess.js:90:732)
	at r.fire (/usr/lib/code/out/vs/workbench/api/node/extensionHostProcess.js:90:949)
	at a.fire (/usr/lib/code/out/vs/workbench/api/node/extensionHostProcess.js:115:14463)
	at i.value (/usr/lib/code/out/vs/workbench/api/node/extensionHostProcess.js:184:8635)
	at r.B (/usr/lib/code/out/vs/workbench/api/node/extensionHostProcess.js:90:732)
	at r.fire (/usr/lib/code/out/vs/workbench/api/node/extensionHostProcess.js:90:949)
	at a.fire (/usr/lib/code/out/vs/workbench/api/node/extensionHostProcess.js:115:14463)
	at MessagePortMain.<anonymous> (/usr/lib/code/out/vs/workbench/api/node/extensionHostProcess.js:184:6761)
	at MessagePortMain.emit (node:events:519:28)
	at MessagePortMain._internalPort.emit (node:electron/js2c/utility_init:2:2619)
2024-09-16 21:09:29.650 [error] [ExtensionListenerError] Extension 'asvetliakov.vscode-neovim' FAILED to handle event: TypeError: Cannot read properties of undefined (reading 'command'): Error: [ExtensionListenerError] Extension 'asvetliakov.vscode-neovim' FAILED to handle event: TypeError: Cannot read properties of undefined (reading 'command')
	at i.value (/usr/lib/code/out/vs/workbench/api/node/extensionHostProcess.js:171:28731)
	at r.B (/usr/lib/code/out/vs/workbench/api/node/extensionHostProcess.js:90:732)
	at r.fire (/usr/lib/code/out/vs/workbench/api/node/extensionHostProcess.js:90:949)
	at I.onDidChangeWindowProperty (/usr/lib/code/out/vs/workbench/api/node/extensionHostProcess.js:153:21118)
	at I.$onDidChangeWindowActive (/usr/lib/code/out/vs/workbench/api/node/extensionHostProcess.js:153:21001)
	at y.S (/usr/lib/code/out/vs/workbench/api/node/extensionHostProcess.js:158:5968)
	at y.Q (/usr/lib/code/out/vs/workbench/api/node/extensionHostProcess.js:158:5734)
	at y.M (/usr/lib/code/out/vs/workbench/api/node/extensionHostProcess.js:158:4767)
	at y.L (/usr/lib/code/out/vs/workbench/api/node/extensionHostProcess.js:158:3602)
	at i.value (/usr/lib/code/out/vs/workbench/api/node/extensionHostProcess.js:158:2297)
	at r.B (/usr/lib/code/out/vs/workbench/api/node/extensionHostProcess.js:90:732)
	at r.fire (/usr/lib/code/out/vs/workbench/api/node/extensionHostProcess.js:90:949)
	at a.fire (/usr/lib/code/out/vs/workbench/api/node/extensionHostProcess.js:115:14463)
	at i.value (/usr/lib/code/out/vs/workbench/api/node/extensionHostProcess.js:184:8635)
	at r.B (/usr/lib/code/out/vs/workbench/api/node/extensionHostProcess.js:90:732)
	at r.fire (/usr/lib/code/out/vs/workbench/api/node/extensionHostProcess.js:90:949)
	at a.fire (/usr/lib/code/out/vs/workbench/api/node/extensionHostProcess.js:115:14463)
	at MessagePortMain.<anonymous> (/usr/lib/code/out/vs/workbench/api/node/extensionHostProcess.js:184:6761)
	at MessagePortMain.emit (node:events:519:28)
	at MessagePortMain._internalPort.emit (node:electron/js2c/utility_init:2:2619)
2024-09-16 21:10:52.732 [error] [ExtensionListenerError] Extension 'asvetliakov.vscode-neovim' FAILED to handle event: TypeError: Cannot read properties of undefined (reading 'command'): Error: [ExtensionListenerError] Extension 'asvetliakov.vscode-neovim' FAILED to handle event: TypeError: Cannot read properties of undefined (reading 'command')
	at i.value (/usr/lib/code/out/vs/workbench/api/node/extensionHostProcess.js:171:28731)
	at r.B (/usr/lib/code/out/vs/workbench/api/node/extensionHostProcess.js:90:732)
	at r.fire (/usr/lib/code/out/vs/workbench/api/node/extensionHostProcess.js:90:949)
	at I.onDidChangeWindowProperty (/usr/lib/code/out/vs/workbench/api/node/extensionHostProcess.js:153:21118)
	at I.$onDidChangeWindowFocus (/usr/lib/code/out/vs/workbench/api/node/extensionHostProcess.js:153:20929)
	at y.S (/usr/lib/code/out/vs/workbench/api/node/extensionHostProcess.js:158:5968)
	at y.Q (/usr/lib/code/out/vs/workbench/api/node/extensionHostProcess.js:158:5734)
	at y.M (/usr/lib/code/out/vs/workbench/api/node/extensionHostProcess.js:158:4767)
	at y.L (/usr/lib/code/out/vs/workbench/api/node/extensionHostProcess.js:158:3602)
	at i.value (/usr/lib/code/out/vs/workbench/api/node/extensionHostProcess.js:158:2297)
	at r.B (/usr/lib/code/out/vs/workbench/api/node/extensionHostProcess.js:90:732)
	at r.fire (/usr/lib/code/out/vs/workbench/api/node/extensionHostProcess.js:90:949)
	at a.fire (/usr/lib/code/out/vs/workbench/api/node/extensionHostProcess.js:115:14463)
	at i.value (/usr/lib/code/out/vs/workbench/api/node/extensionHostProcess.js:184:8635)
	at r.B (/usr/lib/code/out/vs/workbench/api/node/extensionHostProcess.js:90:732)
	at r.fire (/usr/lib/code/out/vs/workbench/api/node/extensionHostProcess.js:90:949)
	at a.fire (/usr/lib/code/out/vs/workbench/api/node/extensionHostProcess.js:115:14463)
	at MessagePortMain.<anonymous> (/usr/lib/code/out/vs/workbench/api/node/extensionHostProcess.js:184:6761)
	at MessagePortMain.emit (node:events:519:28)
	at MessagePortMain._internalPort.emit (node:electron/js2c/utility_init:2:2619)
2024-09-16 21:10:53.681 [error] [ExtensionListenerError] Extension 'asvetliakov.vscode-neovim' FAILED to handle event: TypeError: Cannot read properties of undefined (reading 'command'): Error: [ExtensionListenerError] Extension 'asvetliakov.vscode-neovim' FAILED to handle event: TypeError: Cannot read properties of undefined (reading 'command')
	at i.value (/usr/lib/code/out/vs/workbench/api/node/extensionHostProcess.js:171:28731)
	at r.B (/usr/lib/code/out/vs/workbench/api/node/extensionHostProcess.js:90:732)
	at r.fire (/usr/lib/code/out/vs/workbench/api/node/extensionHostProcess.js:90:949)
	at I.onDidChangeWindowProperty (/usr/lib/code/out/vs/workbench/api/node/extensionHostProcess.js:153:21118)
	at I.$onDidChangeWindowActive (/usr/lib/code/out/vs/workbench/api/node/extensionHostProcess.js:153:21001)
	at y.S (/usr/lib/code/out/vs/workbench/api/node/extensionHostProcess.js:158:5968)
	at y.Q (/usr/lib/code/out/vs/workbench/api/node/extensionHostProcess.js:158:5734)
	at y.M (/usr/lib/code/out/vs/workbench/api/node/extensionHostProcess.js:158:4767)
	at y.L (/usr/lib/code/out/vs/workbench/api/node/extensionHostProcess.js:158:3602)
	at i.value (/usr/lib/code/out/vs/workbench/api/node/extensionHostProcess.js:158:2297)
	at r.B (/usr/lib/code/out/vs/workbench/api/node/extensionHostProcess.js:90:732)
	at r.fire (/usr/lib/code/out/vs/workbench/api/node/extensionHostProcess.js:90:949)
	at a.fire (/usr/lib/code/out/vs/workbench/api/node/extensionHostProcess.js:115:14463)
	at i.value (/usr/lib/code/out/vs/workbench/api/node/extensionHostProcess.js:184:8635)
	at r.B (/usr/lib/code/out/vs/workbench/api/node/extensionHostProcess.js:90:732)
	at r.fire (/usr/lib/code/out/vs/workbench/api/node/extensionHostProcess.js:90:949)
	at a.fire (/usr/lib/code/out/vs/workbench/api/node/extensionHostProcess.js:115:14463)
	at MessagePortMain.<anonymous> (/usr/lib/code/out/vs/workbench/api/node/extensionHostProcess.js:184:6761)
	at MessagePortMain.emit (node:events:519:28)
	at MessagePortMain._internalPort.emit (node:electron/js2c/utility_init:2:2619)
2024-09-16 21:10:55.212 [error] [ExtensionListenerError] Extension 'asvetliakov.vscode-neovim' FAILED to handle event: TypeError: Cannot read properties of undefined (reading 'command'): Error: [ExtensionListenerError] Extension 'asvetliakov.vscode-neovim' FAILED to handle event: TypeError: Cannot read properties of undefined (reading 'command')
	at i.value (/usr/lib/code/out/vs/workbench/api/node/extensionHostProcess.js:171:28731)
	at r.B (/usr/lib/code/out/vs/workbench/api/node/extensionHostProcess.js:90:732)
	at r.fire (/usr/lib/code/out/vs/workbench/api/node/extensionHostProcess.js:90:949)
	at I.onDidChangeWindowProperty (/usr/lib/code/out/vs/workbench/api/node/extensionHostProcess.js:153:21118)
	at I.$onDidChangeWindowFocus (/usr/lib/code/out/vs/workbench/api/node/extensionHostProcess.js:153:20929)
	at y.S (/usr/lib/code/out/vs/workbench/api/node/extensionHostProcess.js:158:5968)
	at y.Q (/usr/lib/code/out/vs/workbench/api/node/extensionHostProcess.js:158:5734)
	at y.M (/usr/lib/code/out/vs/workbench/api/node/extensionHostProcess.js:158:4767)
	at y.L (/usr/lib/code/out/vs/workbench/api/node/extensionHostProcess.js:158:3602)
	at i.value (/usr/lib/code/out/vs/workbench/api/node/extensionHostProcess.js:158:2297)
	at r.B (/usr/lib/code/out/vs/workbench/api/node/extensionHostProcess.js:90:732)
	at r.fire (/usr/lib/code/out/vs/workbench/api/node/extensionHostProcess.js:90:949)
	at a.fire (/usr/lib/code/out/vs/workbench/api/node/extensionHostProcess.js:115:14463)
	at i.value (/usr/lib/code/out/vs/workbench/api/node/extensionHostProcess.js:184:8635)
	at r.B (/usr/lib/code/out/vs/workbench/api/node/extensionHostProcess.js:90:732)
	at r.fire (/usr/lib/code/out/vs/workbench/api/node/extensionHostProcess.js:90:949)
	at a.fire (/usr/lib/code/out/vs/workbench/api/node/extensionHostProcess.js:115:14463)
	at MessagePortMain.<anonymous> (/usr/lib/code/out/vs/workbench/api/node/extensionHostProcess.js:184:6761)
	at MessagePortMain.emit (node:events:519:28)
	at MessagePortMain._internalPort.emit (node:electron/js2c/utility_init:2:2619)
2024-09-16 21:10:56.522 [error] [ExtensionListenerError] Extension 'asvetliakov.vscode-neovim' FAILED to handle event: TypeError: Cannot read properties of undefined (reading 'command'): Error: [ExtensionListenerError] Extension 'asvetliakov.vscode-neovim' FAILED to handle event: TypeError: Cannot read properties of undefined (reading 'command')
	at i.value (/usr/lib/code/out/vs/workbench/api/node/extensionHostProcess.js:171:28731)
	at r.B (/usr/lib/code/out/vs/workbench/api/node/extensionHostProcess.js:90:732)
	at r.fire (/usr/lib/code/out/vs/workbench/api/node/extensionHostProcess.js:90:949)
	at I.onDidChangeWindowProperty (/usr/lib/code/out/vs/workbench/api/node/extensionHostProcess.js:153:21118)
	at I.$onDidChangeWindowFocus (/usr/lib/code/out/vs/workbench/api/node/extensionHostProcess.js:153:20929)
	at y.S (/usr/lib/code/out/vs/workbench/api/node/extensionHostProcess.js:158:5968)
	at y.Q (/usr/lib/code/out/vs/workbench/api/node/extensionHostProcess.js:158:5734)
	at y.M (/usr/lib/code/out/vs/workbench/api/node/extensionHostProcess.js:158:4767)
	at y.L (/usr/lib/code/out/vs/workbench/api/node/extensionHostProcess.js:158:3602)
	at i.value (/usr/lib/code/out/vs/workbench/api/node/extensionHostProcess.js:158:2297)
	at r.B (/usr/lib/code/out/vs/workbench/api/node/extensionHostProcess.js:90:732)
	at r.fire (/usr/lib/code/out/vs/workbench/api/node/extensionHostProcess.js:90:949)
	at a.fire (/usr/lib/code/out/vs/workbench/api/node/extensionHostProcess.js:115:14463)
	at i.value (/usr/lib/code/out/vs/workbench/api/node/extensionHostProcess.js:184:8635)
	at r.B (/usr/lib/code/out/vs/workbench/api/node/extensionHostProcess.js:90:732)
	at r.fire (/usr/lib/code/out/vs/workbench/api/node/extensionHostProcess.js:90:949)
	at a.fire (/usr/lib/code/out/vs/workbench/api/node/extensionHostProcess.js:115:14463)
	at MessagePortMain.<anonymous> (/usr/lib/code/out/vs/workbench/api/node/extensionHostProcess.js:184:6761)
	at MessagePortMain.emit (node:events:519:28)
	at MessagePortMain._internalPort.emit (node:electron/js2c/utility_init:2:2619)
2024-09-16 21:10:57.900 [error] [ExtensionListenerError] Extension 'asvetliakov.vscode-neovim' FAILED to handle event: TypeError: Cannot read properties of undefined (reading 'command'): Error: [ExtensionListenerError] Extension 'asvetliakov.vscode-neovim' FAILED to handle event: TypeError: Cannot read properties of undefined (reading 'command')
	at i.value (/usr/lib/code/out/vs/workbench/api/node/extensionHostProcess.js:171:28731)
	at r.B (/usr/lib/code/out/vs/workbench/api/node/extensionHostProcess.js:90:732)
	at r.fire (/usr/lib/code/out/vs/workbench/api/node/extensionHostProcess.js:90:949)
	at I.onDidChangeWindowProperty (/usr/lib/code/out/vs/workbench/api/node/extensionHostProcess.js:153:21118)
	at I.$onDidChangeWindowFocus (/usr/lib/code/out/vs/workbench/api/node/extensionHostProcess.js:153:20929)
	at y.S (/usr/lib/code/out/vs/workbench/api/node/extensionHostProcess.js:158:5968)
	at y.Q (/usr/lib/code/out/vs/workbench/api/node/extensionHostProcess.js:158:5734)
	at y.M (/usr/lib/code/out/vs/workbench/api/node/extensionHostProcess.js:158:4767)
	at y.L (/usr/lib/code/out/vs/workbench/api/node/extensionHostProcess.js:158:3602)
	at i.value (/usr/lib/code/out/vs/workbench/api/node/extensionHostProcess.js:158:2297)
	at r.B (/usr/lib/code/out/vs/workbench/api/node/extensionHostProcess.js:90:732)
	at r.fire (/usr/lib/code/out/vs/workbench/api/node/extensionHostProcess.js:90:949)
	at a.fire (/usr/lib/code/out/vs/workbench/api/node/extensionHostProcess.js:115:14463)
	at i.value (/usr/lib/code/out/vs/workbench/api/node/extensionHostProcess.js:184:8635)
	at r.B (/usr/lib/code/out/vs/workbench/api/node/extensionHostProcess.js:90:732)
	at r.fire (/usr/lib/code/out/vs/workbench/api/node/extensionHostProcess.js:90:949)
	at a.fire (/usr/lib/code/out/vs/workbench/api/node/extensionHostProcess.js:115:14463)
	at MessagePortMain.<anonymous> (/usr/lib/code/out/vs/workbench/api/node/extensionHostProcess.js:184:6761)
	at MessagePortMain.emit (node:events:519:28)
	at MessagePortMain._internalPort.emit (node:electron/js2c/utility_init:2:2619)
2024-09-16 21:12:03.680 [error] [ExtensionListenerError] Extension 'asvetliakov.vscode-neovim' FAILED to handle event: TypeError: Cannot read properties of undefined (reading 'command'): Error: [ExtensionListenerError] Extension 'asvetliakov.vscode-neovim' FAILED to handle event: TypeError: Cannot read properties of undefined (reading 'command')
	at i.value (/usr/lib/code/out/vs/workbench/api/node/extensionHostProcess.js:171:28731)
	at r.B (/usr/lib/code/out/vs/workbench/api/node/extensionHostProcess.js:90:732)
	at r.fire (/usr/lib/code/out/vs/workbench/api/node/extensionHostProcess.js:90:949)
	at I.onDidChangeWindowProperty (/usr/lib/code/out/vs/workbench/api/node/extensionHostProcess.js:153:21118)
	at I.$onDidChangeWindowActive (/usr/lib/code/out/vs/workbench/api/node/extensionHostProcess.js:153:21001)
	at y.S (/usr/lib/code/out/vs/workbench/api/node/extensionHostProcess.js:158:5968)
	at y.Q (/usr/lib/code/out/vs/workbench/api/node/extensionHostProcess.js:158:5734)
	at y.M (/usr/lib/code/out/vs/workbench/api/node/extensionHostProcess.js:158:4767)
	at y.L (/usr/lib/code/out/vs/workbench/api/node/extensionHostProcess.js:158:3602)
	at i.value (/usr/lib/code/out/vs/workbench/api/node/extensionHostProcess.js:158:2297)
	at r.B (/usr/lib/code/out/vs/workbench/api/node/extensionHostProcess.js:90:732)
	at r.fire (/usr/lib/code/out/vs/workbench/api/node/extensionHostProcess.js:90:949)
	at a.fire (/usr/lib/code/out/vs/workbench/api/node/extensionHostProcess.js:115:14463)
	at i.value (/usr/lib/code/out/vs/workbench/api/node/extensionHostProcess.js:184:8635)
	at r.B (/usr/lib/code/out/vs/workbench/api/node/extensionHostProcess.js:90:732)
	at r.fire (/usr/lib/code/out/vs/workbench/api/node/extensionHostProcess.js:90:949)
	at a.fire (/usr/lib/code/out/vs/workbench/api/node/extensionHostProcess.js:115:14463)
	at MessagePortMain.<anonymous> (/usr/lib/code/out/vs/workbench/api/node/extensionHostProcess.js:184:6761)
	at MessagePortMain.emit (node:events:519:28)
	at MessagePortMain._internalPort.emit (node:electron/js2c/utility_init:2:2619)
2024-09-16 21:14:39.461 [error] [ExtensionListenerError] Extension 'asvetliakov.vscode-neovim' FAILED to handle event: TypeError: Cannot read properties of undefined (reading 'command'): Error: [ExtensionListenerError] Extension 'asvetliakov.vscode-neovim' FAILED to handle event: TypeError: Cannot read properties of undefined (reading 'command')
	at i.value (/usr/lib/code/out/vs/workbench/api/node/extensionHostProcess.js:171:28731)
	at r.B (/usr/lib/code/out/vs/workbench/api/node/extensionHostProcess.js:90:732)
	at r.fire (/usr/lib/code/out/vs/workbench/api/node/extensionHostProcess.js:90:949)
	at I.onDidChangeWindowProperty (/usr/lib/code/out/vs/workbench/api/node/extensionHostProcess.js:153:21118)
	at I.$onDidChangeWindowFocus (/usr/lib/code/out/vs/workbench/api/node/extensionHostProcess.js:153:20929)
	at y.S (/usr/lib/code/out/vs/workbench/api/node/extensionHostProcess.js:158:5968)
	at y.Q (/usr/lib/code/out/vs/workbench/api/node/extensionHostProcess.js:158:5734)
	at y.M (/usr/lib/code/out/vs/workbench/api/node/extensionHostProcess.js:158:4767)
	at y.L (/usr/lib/code/out/vs/workbench/api/node/extensionHostProcess.js:158:3602)
	at i.value (/usr/lib/code/out/vs/workbench/api/node/extensionHostProcess.js:158:2297)
	at r.B (/usr/lib/code/out/vs/workbench/api/node/extensionHostProcess.js:90:732)
	at r.fire (/usr/lib/code/out/vs/workbench/api/node/extensionHostProcess.js:90:949)
	at a.fire (/usr/lib/code/out/vs/workbench/api/node/extensionHostProcess.js:115:14463)
	at i.value (/usr/lib/code/out/vs/workbench/api/node/extensionHostProcess.js:184:8635)
	at r.B (/usr/lib/code/out/vs/workbench/api/node/extensionHostProcess.js:90:732)
	at r.fire (/usr/lib/code/out/vs/workbench/api/node/extensionHostProcess.js:90:949)
	at a.fire (/usr/lib/code/out/vs/workbench/api/node/extensionHostProcess.js:115:14463)
	at MessagePortMain.<anonymous> (/usr/lib/code/out/vs/workbench/api/node/extensionHostProcess.js:184:6761)
	at MessagePortMain.emit (node:events:519:28)
	at MessagePortMain._internalPort.emit (node:electron/js2c/utility_init:2:2619)
2024-09-16 21:14:41.453 [error] [ExtensionListenerError] Extension 'asvetliakov.vscode-neovim' FAILED to handle event: TypeError: Cannot read properties of undefined (reading 'command'): Error: [ExtensionListenerError] Extension 'asvetliakov.vscode-neovim' FAILED to handle event: TypeError: Cannot read properties of undefined (reading 'command')
	at i.value (/usr/lib/code/out/vs/workbench/api/node/extensionHostProcess.js:171:28731)
	at r.B (/usr/lib/code/out/vs/workbench/api/node/extensionHostProcess.js:90:732)
	at r.fire (/usr/lib/code/out/vs/workbench/api/node/extensionHostProcess.js:90:949)
	at I.onDidChangeWindowProperty (/usr/lib/code/out/vs/workbench/api/node/extensionHostProcess.js:153:21118)
	at I.$onDidChangeWindowActive (/usr/lib/code/out/vs/workbench/api/node/extensionHostProcess.js:153:21001)
	at y.S (/usr/lib/code/out/vs/workbench/api/node/extensionHostProcess.js:158:5968)
	at y.Q (/usr/lib/code/out/vs/workbench/api/node/extensionHostProcess.js:158:5734)
	at y.M (/usr/lib/code/out/vs/workbench/api/node/extensionHostProcess.js:158:4767)
	at y.L (/usr/lib/code/out/vs/workbench/api/node/extensionHostProcess.js:158:3602)
	at i.value (/usr/lib/code/out/vs/workbench/api/node/extensionHostProcess.js:158:2297)
	at r.B (/usr/lib/code/out/vs/workbench/api/node/extensionHostProcess.js:90:732)
	at r.fire (/usr/lib/code/out/vs/workbench/api/node/extensionHostProcess.js:90:949)
	at a.fire (/usr/lib/code/out/vs/workbench/api/node/extensionHostProcess.js:115:14463)
	at i.value (/usr/lib/code/out/vs/workbench/api/node/extensionHostProcess.js:184:8635)
	at r.B (/usr/lib/code/out/vs/workbench/api/node/extensionHostProcess.js:90:732)
	at r.fire (/usr/lib/code/out/vs/workbench/api/node/extensionHostProcess.js:90:949)
	at a.fire (/usr/lib/code/out/vs/workbench/api/node/extensionHostProcess.js:115:14463)
	at MessagePortMain.<anonymous> (/usr/lib/code/out/vs/workbench/api/node/extensionHostProcess.js:184:6761)
	at MessagePortMain.emit (node:events:519:28)
	at MessagePortMain._internalPort.emit (node:electron/js2c/utility_init:2:2619)
2024-09-16 21:14:47.083 [error] [ExtensionListenerError] Extension 'asvetliakov.vscode-neovim' FAILED to handle event: TypeError: Cannot read properties of undefined (reading 'command'): Error: [ExtensionListenerError] Extension 'asvetliakov.vscode-neovim' FAILED to handle event: TypeError: Cannot read properties of undefined (reading 'command')
	at i.value (/usr/lib/code/out/vs/workbench/api/node/extensionHostProcess.js:171:28731)
	at r.B (/usr/lib/code/out/vs/workbench/api/node/extensionHostProcess.js:90:732)
	at r.fire (/usr/lib/code/out/vs/workbench/api/node/extensionHostProcess.js:90:949)
	at I.onDidChangeWindowProperty (/usr/lib/code/out/vs/workbench/api/node/extensionHostProcess.js:153:21118)
	at I.$onDidChangeWindowFocus (/usr/lib/code/out/vs/workbench/api/node/extensionHostProcess.js:153:20929)
	at y.S (/usr/lib/code/out/vs/workbench/api/node/extensionHostProcess.js:158:5968)
	at y.Q (/usr/lib/code/out/vs/workbench/api/node/extensionHostProcess.js:158:5734)
	at y.M (/usr/lib/code/out/vs/workbench/api/node/extensionHostProcess.js:158:4767)
	at y.L (/usr/lib/code/out/vs/workbench/api/node/extensionHostProcess.js:158:3602)
	at i.value (/usr/lib/code/out/vs/workbench/api/node/extensionHostProcess.js:158:2297)
	at r.B (/usr/lib/code/out/vs/workbench/api/node/extensionHostProcess.js:90:732)
	at r.fire (/usr/lib/code/out/vs/workbench/api/node/extensionHostProcess.js:90:949)
	at a.fire (/usr/lib/code/out/vs/workbench/api/node/extensionHostProcess.js:115:14463)
	at i.value (/usr/lib/code/out/vs/workbench/api/node/extensionHostProcess.js:184:8635)
	at r.B (/usr/lib/code/out/vs/workbench/api/node/extensionHostProcess.js:90:732)
	at r.fire (/usr/lib/code/out/vs/workbench/api/node/extensionHostProcess.js:90:949)
	at a.fire (/usr/lib/code/out/vs/workbench/api/node/extensionHostProcess.js:115:14463)
	at MessagePortMain.<anonymous> (/usr/lib/code/out/vs/workbench/api/node/extensionHostProcess.js:184:6761)
	at MessagePortMain.emit (node:events:519:28)
	at MessagePortMain._internalPort.emit (node:electron/js2c/utility_init:2:2619)
2024-09-16 21:15:17.358 [error] [ExtensionListenerError] Extension 'asvetliakov.vscode-neovim' FAILED to handle event: TypeError: Cannot read properties of undefined (reading 'command'): Error: [ExtensionListenerError] Extension 'asvetliakov.vscode-neovim' FAILED to handle event: TypeError: Cannot read properties of undefined (reading 'command')
	at i.value (/usr/lib/code/out/vs/workbench/api/node/extensionHostProcess.js:171:28731)
	at r.B (/usr/lib/code/out/vs/workbench/api/node/extensionHostProcess.js:90:732)
	at r.fire (/usr/lib/code/out/vs/workbench/api/node/extensionHostProcess.js:90:949)
	at I.onDidChangeWindowProperty (/usr/lib/code/out/vs/workbench/api/node/extensionHostProcess.js:153:21118)
	at I.$onDidChangeWindowFocus (/usr/lib/code/out/vs/workbench/api/node/extensionHostProcess.js:153:20929)
	at y.S (/usr/lib/code/out/vs/workbench/api/node/extensionHostProcess.js:158:5968)
	at y.Q (/usr/lib/code/out/vs/workbench/api/node/extensionHostProcess.js:158:5734)
	at y.M (/usr/lib/code/out/vs/workbench/api/node/extensionHostProcess.js:158:4767)
	at y.L (/usr/lib/code/out/vs/workbench/api/node/extensionHostProcess.js:158:3602)
	at i.value (/usr/lib/code/out/vs/workbench/api/node/extensionHostProcess.js:158:2297)
	at r.B (/usr/lib/code/out/vs/workbench/api/node/extensionHostProcess.js:90:732)
	at r.fire (/usr/lib/code/out/vs/workbench/api/node/extensionHostProcess.js:90:949)
	at a.fire (/usr/lib/code/out/vs/workbench/api/node/extensionHostProcess.js:115:14463)
	at i.value (/usr/lib/code/out/vs/workbench/api/node/extensionHostProcess.js:184:8635)
	at r.B (/usr/lib/code/out/vs/workbench/api/node/extensionHostProcess.js:90:732)
	at r.fire (/usr/lib/code/out/vs/workbench/api/node/extensionHostProcess.js:90:949)
	at a.fire (/usr/lib/code/out/vs/workbench/api/node/extensionHostProcess.js:115:14463)
	at MessagePortMain.<anonymous> (/usr/lib/code/out/vs/workbench/api/node/extensionHostProcess.js:184:6761)
	at MessagePortMain.emit (node:events:519:28)
	at MessagePortMain._internalPort.emit (node:electron/js2c/utility_init:2:2619)
2024-09-16 21:15:18.398 [error] [ExtensionListenerError] Extension 'asvetliakov.vscode-neovim' FAILED to handle event: TypeError: Cannot read properties of undefined (reading 'command'): Error: [ExtensionListenerError] Extension 'asvetliakov.vscode-neovim' FAILED to handle event: TypeError: Cannot read properties of undefined (reading 'command')
	at i.value (/usr/lib/code/out/vs/workbench/api/node/extensionHostProcess.js:171:28731)
	at r.B (/usr/lib/code/out/vs/workbench/api/node/extensionHostProcess.js:90:732)
	at r.fire (/usr/lib/code/out/vs/workbench/api/node/extensionHostProcess.js:90:949)
	at I.onDidChangeWindowProperty (/usr/lib/code/out/vs/workbench/api/node/extensionHostProcess.js:153:21118)
	at I.$onDidChangeWindowFocus (/usr/lib/code/out/vs/workbench/api/node/extensionHostProcess.js:153:20929)
	at y.S (/usr/lib/code/out/vs/workbench/api/node/extensionHostProcess.js:158:5968)
	at y.Q (/usr/lib/code/out/vs/workbench/api/node/extensionHostProcess.js:158:5734)
	at y.M (/usr/lib/code/out/vs/workbench/api/node/extensionHostProcess.js:158:4767)
	at y.L (/usr/lib/code/out/vs/workbench/api/node/extensionHostProcess.js:158:3602)
	at i.value (/usr/lib/code/out/vs/workbench/api/node/extensionHostProcess.js:158:2297)
	at r.B (/usr/lib/code/out/vs/workbench/api/node/extensionHostProcess.js:90:732)
	at r.fire (/usr/lib/code/out/vs/workbench/api/node/extensionHostProcess.js:90:949)
	at a.fire (/usr/lib/code/out/vs/workbench/api/node/extensionHostProcess.js:115:14463)
	at i.value (/usr/lib/code/out/vs/workbench/api/node/extensionHostProcess.js:184:8635)
	at r.B (/usr/lib/code/out/vs/workbench/api/node/extensionHostProcess.js:90:732)
	at r.fire (/usr/lib/code/out/vs/workbench/api/node/extensionHostProcess.js:90:949)
	at a.fire (/usr/lib/code/out/vs/workbench/api/node/extensionHostProcess.js:115:14463)
	at MessagePortMain.<anonymous> (/usr/lib/code/out/vs/workbench/api/node/extensionHostProcess.js:184:6761)
	at MessagePortMain.emit (node:events:519:28)
	at MessagePortMain._internalPort.emit (node:electron/js2c/utility_init:2:2619)
2024-09-16 21:15:51.535 [error] [ExtensionListenerError] Extension 'asvetliakov.vscode-neovim' FAILED to handle event: TypeError: Cannot read properties of undefined (reading 'command'): Error: [ExtensionListenerError] Extension 'asvetliakov.vscode-neovim' FAILED to handle event: TypeError: Cannot read properties of undefined (reading 'command')
	at i.value (/usr/lib/code/out/vs/workbench/api/node/extensionHostProcess.js:171:28731)
	at r.B (/usr/lib/code/out/vs/workbench/api/node/extensionHostProcess.js:90:732)
	at r.fire (/usr/lib/code/out/vs/workbench/api/node/extensionHostProcess.js:90:949)
	at I.onDidChangeWindowProperty (/usr/lib/code/out/vs/workbench/api/node/extensionHostProcess.js:153:21118)
	at I.$onDidChangeWindowActive (/usr/lib/code/out/vs/workbench/api/node/extensionHostProcess.js:153:21001)
	at y.S (/usr/lib/code/out/vs/workbench/api/node/extensionHostProcess.js:158:5968)
	at y.Q (/usr/lib/code/out/vs/workbench/api/node/extensionHostProcess.js:158:5734)
	at y.M (/usr/lib/code/out/vs/workbench/api/node/extensionHostProcess.js:158:4767)
	at y.L (/usr/lib/code/out/vs/workbench/api/node/extensionHostProcess.js:158:3602)
	at i.value (/usr/lib/code/out/vs/workbench/api/node/extensionHostProcess.js:158:2297)
	at r.B (/usr/lib/code/out/vs/workbench/api/node/extensionHostProcess.js:90:732)
	at r.fire (/usr/lib/code/out/vs/workbench/api/node/extensionHostProcess.js:90:949)
	at a.fire (/usr/lib/code/out/vs/workbench/api/node/extensionHostProcess.js:115:14463)
	at i.value (/usr/lib/code/out/vs/workbench/api/node/extensionHostProcess.js:184:8635)
	at r.B (/usr/lib/code/out/vs/workbench/api/node/extensionHostProcess.js:90:732)
	at r.fire (/usr/lib/code/out/vs/workbench/api/node/extensionHostProcess.js:90:949)
	at a.fire (/usr/lib/code/out/vs/workbench/api/node/extensionHostProcess.js:115:14463)
	at MessagePortMain.<anonymous> (/usr/lib/code/out/vs/workbench/api/node/extensionHostProcess.js:184:6761)
	at MessagePortMain.emit (node:events:519:28)
	at MessagePortMain._internalPort.emit (node:electron/js2c/utility_init:2:2619)
2024-09-16 21:18:53.179 [error] [ExtensionListenerError] Extension 'asvetliakov.vscode-neovim' FAILED to handle event: TypeError: Cannot read properties of undefined (reading 'command'): Error: [ExtensionListenerError] Extension 'asvetliakov.vscode-neovim' FAILED to handle event: TypeError: Cannot read properties of undefined (reading 'command')
	at i.value (/usr/lib/code/out/vs/workbench/api/node/extensionHostProcess.js:171:28731)
	at r.B (/usr/lib/code/out/vs/workbench/api/node/extensionHostProcess.js:90:732)
	at r.fire (/usr/lib/code/out/vs/workbench/api/node/extensionHostProcess.js:90:949)
	at I.onDidChangeWindowProperty (/usr/lib/code/out/vs/workbench/api/node/extensionHostProcess.js:153:21118)
	at I.$onDidChangeWindowFocus (/usr/lib/code/out/vs/workbench/api/node/extensionHostProcess.js:153:20929)
	at y.S (/usr/lib/code/out/vs/workbench/api/node/extensionHostProcess.js:158:5968)
	at y.Q (/usr/lib/code/out/vs/workbench/api/node/extensionHostProcess.js:158:5734)
	at y.M (/usr/lib/code/out/vs/workbench/api/node/extensionHostProcess.js:158:4767)
	at y.L (/usr/lib/code/out/vs/workbench/api/node/extensionHostProcess.js:158:3602)
	at i.value (/usr/lib/code/out/vs/workbench/api/node/extensionHostProcess.js:158:2297)
	at r.B (/usr/lib/code/out/vs/workbench/api/node/extensionHostProcess.js:90:732)
	at r.fire (/usr/lib/code/out/vs/workbench/api/node/extensionHostProcess.js:90:949)
	at a.fire (/usr/lib/code/out/vs/workbench/api/node/extensionHostProcess.js:115:14463)
	at i.value (/usr/lib/code/out/vs/workbench/api/node/extensionHostProcess.js:184:8635)
	at r.B (/usr/lib/code/out/vs/workbench/api/node/extensionHostProcess.js:90:732)
	at r.fire (/usr/lib/code/out/vs/workbench/api/node/extensionHostProcess.js:90:949)
	at a.fire (/usr/lib/code/out/vs/workbench/api/node/extensionHostProcess.js:115:14463)
	at MessagePortMain.<anonymous> (/usr/lib/code/out/vs/workbench/api/node/extensionHostProcess.js:184:6761)
	at MessagePortMain.emit (node:events:519:28)
	at MessagePortMain._internalPort.emit (node:electron/js2c/utility_init:2:2619)
